#-----------------------------------------------------------
# Vivado v2019.2 (64-bit)
# SW Build 2708876 on Wed Nov  6 21:40:23 MST 2019
# IP Build 2700528 on Thu Nov  7 00:09:20 MST 2019
# Start of session at: Mon Apr 11 09:48:23 2022
# Process ID: 29296
# Current directory: D:/ComputerScience/cs_COD_Spring_2022/Lab4/lab4
# Command line: vivado.exe -gui_launcher_event rodinguilauncherevent26588 D:\ComputerScience\cs_COD_Spring_2022\Lab4\lab4\lab4.xpr
# Log file: D:/ComputerScience/cs_COD_Spring_2022/Lab4/lab4/vivado.log
# Journal file: D:/ComputerScience/cs_COD_Spring_2022/Lab4/lab4\vivado.jou
#-----------------------------------------------------------
start_gui
open_project D:/ComputerScience/cs_COD_Spring_2022/Lab4/lab4/lab4.xpr
Scanning sources...
Finished scanning sources
INFO: [IP_Flow 19-234] Refreshing IP repositories
INFO: [IP_Flow 19-1704] No user IP repositories specified
INFO: [IP_Flow 19-2313] Loaded Vivado IP repository 'D:/ComputerScience/CodeApp/Vivado/2019.2/data/ip'.
update_compile_order -fileset sources_1
close [ open D:/ComputerScience/cs_COD_Spring_2022/Lab4/lab4/lab4.srcs/sources_1/new/main.v w ]
add_files D:/ComputerScience/cs_COD_Spring_2022/Lab4/lab4/lab4.srcs/sources_1/new/main.v
update_compile_order -fileset sources_1
set_property top main [current_fileset]
update_compile_order -fileset sources_1
update_compile_order -fileset sources_1
export_ip_user_files -of_objects  [get_files D:/ComputerScience/cs_COD_Spring_2022/Lab4/lab4/lab4.srcs/sources_1/imports/cs_COD_Spring_2022/PDU-v0.1_0410.v] -no_script -reset -force -quiet
remove_files  D:/ComputerScience/cs_COD_Spring_2022/Lab4/lab4/lab4.srcs/sources_1/imports/cs_COD_Spring_2022/PDU-v0.1_0410.v
add_files -norecurse -scan_for_includes D:/ComputerScience/cs_COD_Spring_2022/Lab4/PDU-v0.1_0410.v
import_files -norecurse D:/ComputerScience/cs_COD_Spring_2022/Lab4/PDU-v0.1_0410.v
update_compile_order -fileset sources_1
reset_run synth_1
launch_runs synth_1 -jobs 8
[Mon Apr 11 10:07:18 2022] Launched synth_1...
Run output will be captured here: D:/ComputerScience/cs_COD_Spring_2022/Lab4/lab4/lab4.runs/synth_1/runme.log
reset_run synth_1
launch_runs impl_1 -jobs 8
[Mon Apr 11 10:08:20 2022] Launched synth_1...
Run output will be captured here: D:/ComputerScience/cs_COD_Spring_2022/Lab4/lab4/lab4.runs/synth_1/runme.log
[Mon Apr 11 10:08:21 2022] Launched impl_1...
Run output will be captured here: D:/ComputerScience/cs_COD_Spring_2022/Lab4/lab4/lab4.runs/impl_1/runme.log
open_run impl_1
INFO: [Device 21-403] Loading part xc7a100tcsg324-1
Netlist sorting complete. Time (s): cpu = 00:00:00 ; elapsed = 00:00:00.018 . Memory (MB): peak = 1103.086 ; gain = 0.000
INFO: [Netlist 29-17] Analyzing 130 Unisim elements for replacement
INFO: [Netlist 29-28] Unisim Transformation completed in 0 CPU seconds
INFO: [Project 1-479] Netlist was created with Vivado 2019.2
INFO: [Project 1-570] Preparing netlist for logic optimization
INFO: [Timing 38-478] Restoring timing data from binary archive.
INFO: [Timing 38-479] Binary timing data restore complete.
INFO: [Project 1-856] Restoring constraints from binary archive.
INFO: [Project 1-853] Binary constraint restore complete.
Reading XDEF placement.
Reading placer database...
Reading XDEF routing.
Read XDEF File: Time (s): cpu = 00:00:00 ; elapsed = 00:00:00.169 . Memory (MB): peak = 1794.555 ; gain = 0.000
Restored from archive | CPU: 0.000000 secs | Memory: 0.000000 MB |
Finished XDEF File Restore: Time (s): cpu = 00:00:00 ; elapsed = 00:00:00.169 . Memory (MB): peak = 1794.555 ; gain = 0.000
Netlist sorting complete. Time (s): cpu = 00:00:00 ; elapsed = 00:00:00.001 . Memory (MB): peak = 1794.555 ; gain = 0.000
INFO: [Project 1-111] Unisim Transformation Summary:
  A total of 82 instances were transformed.
  RAM128X1D => RAM128X1D (MUXF7(x2), RAMD64E(x4)): 64 instances
  RAM32M => RAM32M (RAMD32(x6), RAMS32(x2)): 18 instances

open_run: Time (s): cpu = 00:00:21 ; elapsed = 00:00:15 . Memory (MB): peak = 1985.738 ; gain = 1108.770
exit
INFO: [Common 17-206] Exiting Vivado at Mon Apr 11 10:16:46 2022...
