#-----------------------------------------------------------
# Vivado v2019.2 (64-bit)
# SW Build 2708876 on Wed Nov  6 21:40:23 MST 2019
# IP Build 2700528 on Thu Nov  7 00:09:20 MST 2019
# Start of session at: Tue May  3 08:47:00 2022
# Process ID: 7304
# Current directory: D:/ComputerScience/cs_COD_Spring_2022/Lab4/lab4
# Command line: vivado.exe -gui_launcher_event rodinguilauncherevent14104 D:\ComputerScience\cs_COD_Spring_2022\Lab4\lab4\lab4.xpr
# Log file: D:/ComputerScience/cs_COD_Spring_2022/Lab4/lab4/vivado.log
# Journal file: D:/ComputerScience/cs_COD_Spring_2022/Lab4/lab4\vivado.jou
#-----------------------------------------------------------
start_gui
open_project D:/ComputerScience/cs_COD_Spring_2022/Lab4/lab4/lab4.xpr
CRITICAL WARNING: [Project 1-19] Could not find the file 'D:/ComputerScience/cs_COD_Spring_2022/Lab3/sort_data.coe'.
CRITICAL WARNING: [Project 1-19] Could not find the file 'D:/ComputerScience/cs_COD_Spring_2022/Lab3/sort_text.coe'.
CRITICAL WARNING: [Project 1-19] Could not find the file 'D:/ComputerScience/cs_COD_Spring_2022/Lab4/lab4/lab4.srcs/sources_1/ip/test_text.coe'.
CRITICAL WARNING: [Project 1-19] Could not find the file 'D:/ComputerScience/cs_COD_Spring_2022/Lab4/lab4/lab4.srcs/sources_1/ip/test_data.coe'.
CRITICAL WARNING: [Project 1-19] Could not find the file 'D:/ComputerScience/cs_COD_Spring_2022/Lab4/lab4/lab4.srcs/sources_1/ip/sort_text1.coe'.
CRITICAL WARNING: [Project 1-19] Could not find the file 'D:/ComputerScience/cs_COD_Spring_2022/Lab4/lab4/lab4.srcs/sources_1/ip/sort_text2.coe'.
CRITICAL WARNING: [Project 1-19] Could not find the file 'D:/ComputerScience/cs_COD_Spring_2022/Lab4/lab4/lab4.srcs/sources_1/ip/sort_bubble_text.coe'.
CRITICAL WARNING: [Project 1-19] Could not find the file 'c:/Users/Lenovo/Desktop/text.coe'.
CRITICAL WARNING: [Project 1-19] Could not find the file 'c:/Users/Lenovo/Desktop/testIns_text.coe'.
CRITICAL WARNING: [Project 1-19] Could not find the file 'c:/Users/Lenovo/Desktop/testIns_data.coe'.
CRITICAL WARNING: [Project 1-19] Could not find the file 'c:/Users/Lenovo/Desktop/sort_text.coe'.
CRITICAL WARNING: [Project 1-19] Could not find the file 'c:/Users/Lenovo/Desktop/sort_data.coe'.
CRITICAL WARNING: [Project 1-19] Could not find the file 'c:/Users/Lenovo/Desktop/data.coe'.
Scanning sources...
Finished scanning sources
INFO: [IP_Flow 19-234] Refreshing IP repositories
INFO: [IP_Flow 19-1704] No user IP repositories specified
INFO: [IP_Flow 19-2313] Loaded Vivado IP repository 'D:/ComputerScience/CodeApp/Vivado/2019.2/data/ip'.
update_compile_order -fileset sources_1
exit
INFO: [Common 17-206] Exiting Vivado at Tue May  3 09:05:27 2022...
