#-----------------------------------------------------------
# Vivado v2019.2 (64-bit)
# SW Build 2708876 on Wed Nov  6 21:40:23 MST 2019
# IP Build 2700528 on Thu Nov  7 00:09:20 MST 2019
# Start of session at: Sat Apr  9 14:27:05 2022
# Process ID: 57256
# Current directory: D:/ComputerScience/cs_COD_Spring_2022/Lab2/lab2
# Command line: vivado.exe -gui_launcher_event rodinguilauncherevent39196 D:\ComputerScience\cs_COD_Spring_2022\Lab2\lab2\lab2.xpr
# Log file: D:/ComputerScience/cs_COD_Spring_2022/Lab2/lab2/vivado.log
# Journal file: D:/ComputerScience/cs_COD_Spring_2022/Lab2/lab2\vivado.jou
#-----------------------------------------------------------
start_gui
open_project D:/ComputerScience/cs_COD_Spring_2022/Lab2/lab2/lab2.xpr
INFO: [Project 1-313] Project file moved from 'D:/ComputerScience/cs_COD_Spring_2021/Lab2/lab2' since last save.
Scanning sources...
Finished scanning sources
INFO: [IP_Flow 19-234] Refreshing IP repositories
INFO: [IP_Flow 19-1704] No user IP repositories specified
INFO: [IP_Flow 19-2313] Loaded Vivado IP repository 'D:/ComputerScience/CodeApp/Vivado/2019.2/data/ip'.
update_compile_order -fileset sources_1
exit
INFO: [Common 17-206] Exiting Vivado at Sat Apr  9 14:56:16 2022...
