#-----------------------------------------------------------
# Vivado v2019.2 (64-bit)
# SW Build 2708876 on Wed Nov  6 21:40:23 MST 2019
# IP Build 2700528 on Thu Nov  7 00:09:20 MST 2019
# Start of session at: Wed Mar 30 20:03:34 2022
# Process ID: 29280
# Current directory: D:/ComputerScience/cs_COD_Spring_2021/Lab2/lab2
# Command line: vivado.exe -gui_launcher_event rodinguilauncherevent26856 D:\ComputerScience\cs_COD_Spring_2021\Lab2\lab2\lab2.xpr
# Log file: D:/ComputerScience/cs_COD_Spring_2021/Lab2/lab2/vivado.log
# Journal file: D:/ComputerScience/cs_COD_Spring_2021/Lab2/lab2\vivado.jou
#-----------------------------------------------------------
start_gui
open_project D:/ComputerScience/cs_COD_Spring_2021/Lab2/lab2/lab2.xpr
Scanning sources...
Finished scanning sources
INFO: [IP_Flow 19-234] Refreshing IP repositories
INFO: [IP_Flow 19-1704] No user IP repositories specified
INFO: [IP_Flow 19-2313] Loaded Vivado IP repository 'D:/ComputerScience/CodeApp/Vivado/2019.2/data/ip'.
update_compile_order -fileset sources_1
launch_simulation
Command: launch_simulation 
boost::filesystem::remove: 另一个程序正在使用此文件，进程无法访问。: "D:/ComputerScience/cs_COD_Spring_2021/Lab2/lab2/lab2.sim/sim_1/behav/xsim/simulate.log"
launch_simulation
Command: launch_simulation 
boost::filesystem::remove: 另一个程序正在使用此文件，进程无法访问。: "D:/ComputerScience/cs_COD_Spring_2021/Lab2/lab2/lab2.sim/sim_1/behav/xsim/simulate.log"
close_project
open_project D:/ComputerScience/cs_COD_Spring_2021/Lab2/lab2/lab2.xpr
Scanning sources...
Finished scanning sources
INFO: [IP_Flow 19-234] Refreshing IP repositories
INFO: [IP_Flow 19-1704] No user IP repositories specified
INFO: [IP_Flow 19-2313] Loaded Vivado IP repository 'D:/ComputerScience/CodeApp/Vivado/2019.2/data/ip'.
update_compile_order -fileset sources_1
launch_simulation
Command: launch_simulation 
boost::filesystem::remove: 另一个程序正在使用此文件，进程无法访问。: "D:/ComputerScience/cs_COD_Spring_2021/Lab2/lab2/lab2.sim/sim_1/behav/xsim/simulate.log"
