#-----------------------------------------------------------
# Vivado v2019.2 (64-bit)
# SW Build 2708876 on Wed Nov  6 21:40:23 MST 2019
# IP Build 2700528 on Thu Nov  7 00:09:20 MST 2019
# Start of session at: Tue Mar 29 13:20:33 2022
# Process ID: 24220
# Current directory: D:/ComputerScience/cs_COD_Spring_2021/Lab1/FLS
# Command line: vivado.exe -gui_launcher_event rodinguilauncherevent23432 D:\ComputerScience\cs_COD_Spring_2021\Lab1\FLS\FLS.xpr
# Log file: D:/ComputerScience/cs_COD_Spring_2021/Lab1/FLS/vivado.log
# Journal file: D:/ComputerScience/cs_COD_Spring_2021/Lab1/FLS\vivado.jou
#-----------------------------------------------------------
start_gui
open_project D:/ComputerScience/cs_COD_Spring_2021/Lab1/FLS/FLS.xpr
Scanning sources...
Finished scanning sources
INFO: [IP_Flow 19-234] Refreshing IP repositories
INFO: [IP_Flow 19-1704] No user IP repositories specified
INFO: [IP_Flow 19-2313] Loaded Vivado IP repository 'D:/ComputerScience/CodeApp/Vivado/2019.2/data/ip'.
update_compile_order -fileset sources_1
WARNING: [filemgmt 56-199] Attempt to get parsing info during refresh. "On-the-fly" syntax checking information may be incorrect. [D:\ComputerScience\cs_COD_Spring_2021\Lab1\FLS\FLS.srcs\sources_1\new\alu.v:]
WARNING: [filemgmt 56-199] Attempt to get parsing info during refresh. "On-the-fly" syntax checking information may be incorrect. [D:\ComputerScience\cs_COD_Spring_2021\Lab1\FLS\FLS.srcs\sources_1\new\fls.v:]
ERROR: [Common 17-180] Spawn failed: No error
open_hw_manager
connect_hw_server -allow_non_jtag
INFO: [Labtools 27-2285] Connecting to hw_server url TCP:localhost:3121
INFO: [Labtools 27-2222] Launching hw_server...
INFO: [Labtools 27-2221] Launch Output:

****** Xilinx hw_server v2019.2
  **** Build date : Nov  6 2019 at 22:12:23
    ** Copyright 1986-2019 Xilinx, Inc. All Rights Reserved.
ERROR: [Labtools 27-2220] Launch Error:
Unable to launch local hw_server executable.

ERROR: [Common 17-39] 'connect_hw_server' failed due to earlier errors.
exit
INFO: [Common 17-206] Exiting Vivado at Tue Mar 29 17:10:23 2022...
