#-----------------------------------------------------------
# Vivado v2019.2 (64-bit)
# SW Build 2708876 on Wed Nov  6 21:40:23 MST 2019
# IP Build 2700528 on Thu Nov  7 00:09:20 MST 2019
# Start of session at: Tue Mar 22 18:42:11 2022
# Process ID: 29392
# Current directory: D:/ComputerScience/cs_COD_Spring_2021/Lab1/FLS
# Command line: vivado.exe -gui_launcher_event rodinguilauncherevent14468 D:\ComputerScience\cs_COD_Spring_2021\Lab1\FLS\FLS.xpr
# Log file: D:/ComputerScience/cs_COD_Spring_2021/Lab1/FLS/vivado.log
# Journal file: D:/ComputerScience/cs_COD_Spring_2021/Lab1/FLS\vivado.jou
#-----------------------------------------------------------
start_gui
open_project D:/ComputerScience/cs_COD_Spring_2021/Lab1/FLS/FLS.xpr
INFO: [Project 1-313] Project file moved from 'D:/ComputerScience/cs_COD_Spring_2021/FLS' since last save.
Scanning sources...
Finished scanning sources
INFO: [IP_Flow 19-234] Refreshing IP repositories
INFO: [IP_Flow 19-1704] No user IP repositories specified
INFO: [IP_Flow 19-2313] Loaded Vivado IP repository 'D:/ComputerScience/CodeApp/Vivado/2019.2/data/ip'.
update_compile_order -fileset sources_1
export_ip_user_files -of_objects  [get_files D:/ComputerScience/cs_COD_Spring_2021/Lab1/FLS/FLS.srcs/sources_1/new/fls2.v] -no_script -reset -force -quiet
remove_files  D:/ComputerScience/cs_COD_Spring_2021/Lab1/FLS/FLS.srcs/sources_1/new/fls2.v
file delete -force D:/ComputerScience/cs_COD_Spring_2021/Lab1/FLS/FLS.srcs/sources_1/new/fls2.v
export_ip_user_files -of_objects  [get_files D:/ComputerScience/cs_COD_Spring_2021/Lab1/FLS/FLS.srcs/sim_1/new/testBench2.v] -no_script -reset -force -quiet
remove_files  -fileset sim_1 D:/ComputerScience/cs_COD_Spring_2021/Lab1/FLS/FLS.srcs/sim_1/new/testBench2.v
file delete -force D:/ComputerScience/cs_COD_Spring_2021/Lab1/FLS/FLS.srcs/sim_1/new/testBench2.v
exit
INFO: [Common 17-206] Exiting Vivado at Tue Mar 22 18:43:25 2022...
