#-----------------------------------------------------------
# Vivado v2019.2 (64-bit)
# SW Build 2708876 on Wed Nov  6 21:40:23 MST 2019
# IP Build 2700528 on Thu Nov  7 00:09:20 MST 2019
# Start of session at: Sat Mar 19 21:45:43 2022
# Process ID: 23424
# Current directory: D:/ComputerScience/cs_COD_Spring_2021/FLS
# Command line: vivado.exe -gui_launcher_event rodinguilauncherevent19372 D:\ComputerScience\cs_COD_Spring_2021\FLS\FLS.xpr
# Log file: D:/ComputerScience/cs_COD_Spring_2021/FLS/vivado.log
# Journal file: D:/ComputerScience/cs_COD_Spring_2021/FLS\vivado.jou
#-----------------------------------------------------------
start_gui
open_project D:/ComputerScience/cs_COD_Spring_2021/FLS/FLS.xpr
Scanning sources...
Finished scanning sources
INFO: [IP_Flow 19-234] Refreshing IP repositories
INFO: [IP_Flow 19-1704] No user IP repositories specified
INFO: [IP_Flow 19-2313] Loaded Vivado IP repository 'D:/ComputerScience/CodeApp/Vivado/2019.2/data/ip'.
update_compile_order -fileset sources_1
update_compile_order -fileset sources_1
file mkdir D:/ComputerScience/cs_COD_Spring_2021/FLS/FLS.srcs/sim_1/new
set_property SOURCE_SET sources_1 [get_filesets sim_1]
close [ open D:/ComputerScience/cs_COD_Spring_2021/FLS/FLS.srcs/sim_1/new/testbench.v w ]
add_files -fileset sim_1 D:/ComputerScience/cs_COD_Spring_2021/FLS/FLS.srcs/sim_1/new/testbench.v
update_compile_order -fileset sim_1
set_property top testbench [get_filesets sim_1]
set_property top_lib xil_defaultlib [get_filesets sim_1]
update_compile_order -fileset sim_1
launch_simulation
Command: launch_simulation 
INFO: [Vivado 12-5682] Launching behavioral simulation in 'D:/ComputerScience/cs_COD_Spring_2021/FLS/FLS.sim/sim_1/behav/xsim'
INFO: [SIM-utils-51] Simulation object is 'sim_1'
INFO: [SIM-utils-54] Inspecting design source files for 'testbench' in fileset 'sim_1'...
INFO: [USF-XSim-97] Finding global include files...
INFO: [USF-XSim-98] Fetching design files from 'sim_1'...
INFO: [USF-XSim-2] XSim::Compile design
INFO: [USF-XSim-61] Executing 'COMPILE and ANALYZE' step in 'D:/ComputerScience/cs_COD_Spring_2021/FLS/FLS.sim/sim_1/behav/xsim'
"xvlog --incr --relax -prj testbench_vlog.prj"
INFO: [VRFC 10-2263] Analyzing Verilog file "D:/ComputerScience/cs_COD_Spring_2021/FLS/FLS.srcs/sources_1/new/alu.v" into library xil_defaultlib
INFO: [VRFC 10-311] analyzing module alu
INFO: [VRFC 10-2263] Analyzing Verilog file "D:/ComputerScience/cs_COD_Spring_2021/FLS/FLS.srcs/sources_1/new/fls.v" into library xil_defaultlib
INFO: [VRFC 10-311] analyzing module fls
INFO: [VRFC 10-2263] Analyzing Verilog file "D:/ComputerScience/cs_COD_Spring_2021/FLS/FLS.srcs/sim_1/new/testbench.v" into library xil_defaultlib
INFO: [VRFC 10-311] analyzing module testbench
INFO: [VRFC 10-2263] Analyzing Verilog file "D:/ComputerScience/cs_COD_Spring_2021/FLS/FLS.sim/sim_1/behav/xsim/glbl.v" into library xil_defaultlib
INFO: [VRFC 10-311] analyzing module glbl
INFO: [USF-XSim-69] 'compile' step finished in '2' seconds
INFO: [USF-XSim-3] XSim::Elaborate design
INFO: [USF-XSim-61] Executing 'ELABORATE' step in 'D:/ComputerScience/cs_COD_Spring_2021/FLS/FLS.sim/sim_1/behav/xsim'
"xelab -wto 5b07b979711f4f618431c1ef282dac3e --incr --debug typical --relax --mt 2 -L xil_defaultlib -L unisims_ver -L unimacro_ver -L secureip --snapshot testbench_behav xil_defaultlib.testbench xil_defaultlib.glbl -log elaborate.log"
Vivado Simulator 2019.2
Copyright 1986-1999, 2001-2019 Xilinx, Inc. All Rights Reserved.
Running: D:/ComputerScience/CodeApp/Vivado/2019.2/bin/unwrapped/win64.o/xelab.exe -wto 5b07b979711f4f618431c1ef282dac3e --incr --debug typical --relax --mt 2 -L xil_defaultlib -L unisims_ver -L unimacro_ver -L secureip --snapshot testbench_behav xil_defaultlib.testbench xil_defaultlib.glbl -log elaborate.log 
Using 2 slave threads.
Starting static elaboration
Pass Through NonSizing Optimizer
WARNING: [VRFC 10-3091] actual bit length 7 differs from formal bit length 16 for port 'd' [D:/ComputerScience/cs_COD_Spring_2021/FLS/FLS.srcs/sim_1/new/testbench.v:9]
ERROR: [VRFC 10-3236] concurrent assignment to a non-net 'f2' is not permitted [D:/ComputerScience/cs_COD_Spring_2021/FLS/FLS.srcs/sources_1/new/fls.v:11]
ERROR: [XSIM 43-3322] Static elaboration of top level Verilog design unit(s) in library work failed.
INFO: [USF-XSim-69] 'elaborate' step finished in '1' seconds
INFO: [USF-XSim-99] Step results log file:'D:/ComputerScience/cs_COD_Spring_2021/FLS/FLS.sim/sim_1/behav/xsim/elaborate.log'
ERROR: [USF-XSim-62] 'elaborate' step failed with error(s). Please check the Tcl console output or 'D:/ComputerScience/cs_COD_Spring_2021/FLS/FLS.sim/sim_1/behav/xsim/elaborate.log' file for more information.
ERROR: [Vivado 12-4473] Detected error while running simulation. Please correct the issue and retry this operation.
launch_simulation: Time (s): cpu = 00:00:01 ; elapsed = 00:00:05 . Memory (MB): peak = 836.434 ; gain = 0.000
ERROR: [Common 17-39] 'launch_simulation' failed due to earlier errors.
launch_simulation
Command: launch_simulation 
INFO: [Vivado 12-5682] Launching behavioral simulation in 'D:/ComputerScience/cs_COD_Spring_2021/FLS/FLS.sim/sim_1/behav/xsim'
INFO: [SIM-utils-51] Simulation object is 'sim_1'
INFO: [SIM-utils-54] Inspecting design source files for 'testbench' in fileset 'sim_1'...
INFO: [USF-XSim-97] Finding global include files...
INFO: [USF-XSim-98] Fetching design files from 'sim_1'...
INFO: [USF-XSim-2] XSim::Compile design
INFO: [USF-XSim-61] Executing 'COMPILE and ANALYZE' step in 'D:/ComputerScience/cs_COD_Spring_2021/FLS/FLS.sim/sim_1/behav/xsim'
"xvlog --incr --relax -prj testbench_vlog.prj"
INFO: [VRFC 10-2263] Analyzing Verilog file "D:/ComputerScience/cs_COD_Spring_2021/FLS/FLS.srcs/sources_1/new/alu.v" into library xil_defaultlib
INFO: [VRFC 10-311] analyzing module alu
INFO: [VRFC 10-2263] Analyzing Verilog file "D:/ComputerScience/cs_COD_Spring_2021/FLS/FLS.srcs/sources_1/new/fls.v" into library xil_defaultlib
INFO: [VRFC 10-311] analyzing module fls
INFO: [VRFC 10-2263] Analyzing Verilog file "D:/ComputerScience/cs_COD_Spring_2021/FLS/FLS.srcs/sim_1/new/testbench.v" into library xil_defaultlib
INFO: [VRFC 10-311] analyzing module testbench
INFO: [USF-XSim-69] 'compile' step finished in '2' seconds
INFO: [USF-XSim-3] XSim::Elaborate design
INFO: [USF-XSim-61] Executing 'ELABORATE' step in 'D:/ComputerScience/cs_COD_Spring_2021/FLS/FLS.sim/sim_1/behav/xsim'
"xelab -wto 5b07b979711f4f618431c1ef282dac3e --incr --debug typical --relax --mt 2 -L xil_defaultlib -L unisims_ver -L unimacro_ver -L secureip --snapshot testbench_behav xil_defaultlib.testbench xil_defaultlib.glbl -log elaborate.log"
Vivado Simulator 2019.2
Copyright 1986-1999, 2001-2019 Xilinx, Inc. All Rights Reserved.
Running: D:/ComputerScience/CodeApp/Vivado/2019.2/bin/unwrapped/win64.o/xelab.exe -wto 5b07b979711f4f618431c1ef282dac3e --incr --debug typical --relax --mt 2 -L xil_defaultlib -L unisims_ver -L unimacro_ver -L secureip --snapshot testbench_behav xil_defaultlib.testbench xil_defaultlib.glbl -log elaborate.log 
Using 2 slave threads.
Starting static elaboration
Pass Through NonSizing Optimizer
WARNING: [VRFC 10-3091] actual bit length 7 differs from formal bit length 6 for port 'd' [D:/ComputerScience/cs_COD_Spring_2021/FLS/FLS.srcs/sim_1/new/testbench.v:9]
WARNING: [VRFC 10-3091] actual bit length 6 differs from formal bit length 16 for port 'a' [D:/ComputerScience/cs_COD_Spring_2021/FLS/FLS.srcs/sources_1/new/fls.v:11]
ERROR: [VRFC 10-3236] concurrent assignment to a non-net 'f2' is not permitted [D:/ComputerScience/cs_COD_Spring_2021/FLS/FLS.srcs/sources_1/new/fls.v:11]
ERROR: [XSIM 43-3322] Static elaboration of top level Verilog design unit(s) in library work failed.
INFO: [USF-XSim-69] 'elaborate' step finished in '1' seconds
INFO: [USF-XSim-99] Step results log file:'D:/ComputerScience/cs_COD_Spring_2021/FLS/FLS.sim/sim_1/behav/xsim/elaborate.log'
ERROR: [USF-XSim-62] 'elaborate' step failed with error(s). Please check the Tcl console output or 'D:/ComputerScience/cs_COD_Spring_2021/FLS/FLS.sim/sim_1/behav/xsim/elaborate.log' file for more information.
ERROR: [Vivado 12-4473] Detected error while running simulation. Please correct the issue and retry this operation.
ERROR: [Common 17-39] 'launch_simulation' failed due to earlier errors.
launch_simulation
Command: launch_simulation 
INFO: [Vivado 12-5682] Launching behavioral simulation in 'D:/ComputerScience/cs_COD_Spring_2021/FLS/FLS.sim/sim_1/behav/xsim'
INFO: [SIM-utils-51] Simulation object is 'sim_1'
INFO: [SIM-utils-54] Inspecting design source files for 'testbench' in fileset 'sim_1'...
INFO: [USF-XSim-97] Finding global include files...
INFO: [USF-XSim-98] Fetching design files from 'sim_1'...
INFO: [USF-XSim-2] XSim::Compile design
INFO: [USF-XSim-61] Executing 'COMPILE and ANALYZE' step in 'D:/ComputerScience/cs_COD_Spring_2021/FLS/FLS.sim/sim_1/behav/xsim'
"xvlog --incr --relax -prj testbench_vlog.prj"
INFO: [VRFC 10-2263] Analyzing Verilog file "D:/ComputerScience/cs_COD_Spring_2021/FLS/FLS.srcs/sources_1/new/alu.v" into library xil_defaultlib
INFO: [VRFC 10-311] analyzing module alu
INFO: [VRFC 10-2263] Analyzing Verilog file "D:/ComputerScience/cs_COD_Spring_2021/FLS/FLS.srcs/sources_1/new/fls.v" into library xil_defaultlib
INFO: [VRFC 10-311] analyzing module fls
INFO: [VRFC 10-2263] Analyzing Verilog file "D:/ComputerScience/cs_COD_Spring_2021/FLS/FLS.srcs/sim_1/new/testbench.v" into library xil_defaultlib
INFO: [VRFC 10-311] analyzing module testbench
INFO: [USF-XSim-69] 'compile' step finished in '1' seconds
INFO: [USF-XSim-3] XSim::Elaborate design
INFO: [USF-XSim-61] Executing 'ELABORATE' step in 'D:/ComputerScience/cs_COD_Spring_2021/FLS/FLS.sim/sim_1/behav/xsim'
"xelab -wto 5b07b979711f4f618431c1ef282dac3e --incr --debug typical --relax --mt 2 -L xil_defaultlib -L unisims_ver -L unimacro_ver -L secureip --snapshot testbench_behav xil_defaultlib.testbench xil_defaultlib.glbl -log elaborate.log"
Vivado Simulator 2019.2
Copyright 1986-1999, 2001-2019 Xilinx, Inc. All Rights Reserved.
Running: D:/ComputerScience/CodeApp/Vivado/2019.2/bin/unwrapped/win64.o/xelab.exe -wto 5b07b979711f4f618431c1ef282dac3e --incr --debug typical --relax --mt 2 -L xil_defaultlib -L unisims_ver -L unimacro_ver -L secureip --snapshot testbench_behav xil_defaultlib.testbench xil_defaultlib.glbl -log elaborate.log 
Using 2 slave threads.
Starting static elaboration
Pass Through NonSizing Optimizer
WARNING: [VRFC 10-3091] actual bit length 7 differs from formal bit length 6 for port 'd' [D:/ComputerScience/cs_COD_Spring_2021/FLS/FLS.srcs/sim_1/new/testbench.v:9]
WARNING: [VRFC 10-3091] actual bit length 6 differs from formal bit length 16 for port 'a' [D:/ComputerScience/cs_COD_Spring_2021/FLS/FLS.srcs/sources_1/new/fls.v:11]
ERROR: [VRFC 10-3236] concurrent assignment to a non-net 'f2' is not permitted [D:/ComputerScience/cs_COD_Spring_2021/FLS/FLS.srcs/sources_1/new/fls.v:11]
ERROR: [XSIM 43-3322] Static elaboration of top level Verilog design unit(s) in library work failed.
INFO: [USF-XSim-69] 'elaborate' step finished in '1' seconds
INFO: [USF-XSim-99] Step results log file:'D:/ComputerScience/cs_COD_Spring_2021/FLS/FLS.sim/sim_1/behav/xsim/elaborate.log'
ERROR: [USF-XSim-62] 'elaborate' step failed with error(s). Please check the Tcl console output or 'D:/ComputerScience/cs_COD_Spring_2021/FLS/FLS.sim/sim_1/behav/xsim/elaborate.log' file for more information.
ERROR: [Vivado 12-4473] Detected error while running simulation. Please correct the issue and retry this operation.
ERROR: [Common 17-39] 'launch_simulation' failed due to earlier errors.
launch_simulation
Command: launch_simulation 
INFO: [Vivado 12-5682] Launching behavioral simulation in 'D:/ComputerScience/cs_COD_Spring_2021/FLS/FLS.sim/sim_1/behav/xsim'
INFO: [SIM-utils-51] Simulation object is 'sim_1'
INFO: [SIM-utils-54] Inspecting design source files for 'testbench' in fileset 'sim_1'...
INFO: [USF-XSim-97] Finding global include files...
INFO: [USF-XSim-98] Fetching design files from 'sim_1'...
INFO: [USF-XSim-2] XSim::Compile design
INFO: [USF-XSim-61] Executing 'COMPILE and ANALYZE' step in 'D:/ComputerScience/cs_COD_Spring_2021/FLS/FLS.sim/sim_1/behav/xsim'
"xvlog --incr --relax -prj testbench_vlog.prj"
INFO: [VRFC 10-2263] Analyzing Verilog file "D:/ComputerScience/cs_COD_Spring_2021/FLS/FLS.srcs/sources_1/new/alu.v" into library xil_defaultlib
INFO: [VRFC 10-311] analyzing module alu
INFO: [VRFC 10-2263] Analyzing Verilog file "D:/ComputerScience/cs_COD_Spring_2021/FLS/FLS.srcs/sources_1/new/fls.v" into library xil_defaultlib
INFO: [VRFC 10-311] analyzing module fls
INFO: [VRFC 10-2263] Analyzing Verilog file "D:/ComputerScience/cs_COD_Spring_2021/FLS/FLS.srcs/sim_1/new/testbench.v" into library xil_defaultlib
INFO: [VRFC 10-311] analyzing module testbench
INFO: [USF-XSim-69] 'compile' step finished in '2' seconds
INFO: [USF-XSim-3] XSim::Elaborate design
INFO: [USF-XSim-61] Executing 'ELABORATE' step in 'D:/ComputerScience/cs_COD_Spring_2021/FLS/FLS.sim/sim_1/behav/xsim'
"xelab -wto 5b07b979711f4f618431c1ef282dac3e --incr --debug typical --relax --mt 2 -L xil_defaultlib -L unisims_ver -L unimacro_ver -L secureip --snapshot testbench_behav xil_defaultlib.testbench xil_defaultlib.glbl -log elaborate.log"
Vivado Simulator 2019.2
Copyright 1986-1999, 2001-2019 Xilinx, Inc. All Rights Reserved.
Running: D:/ComputerScience/CodeApp/Vivado/2019.2/bin/unwrapped/win64.o/xelab.exe -wto 5b07b979711f4f618431c1ef282dac3e --incr --debug typical --relax --mt 2 -L xil_defaultlib -L unisims_ver -L unimacro_ver -L secureip --snapshot testbench_behav xil_defaultlib.testbench xil_defaultlib.glbl -log elaborate.log 
Using 2 slave threads.
Starting static elaboration
Pass Through NonSizing Optimizer
WARNING: [VRFC 10-3091] actual bit length 7 differs from formal bit length 6 for port 'd' [D:/ComputerScience/cs_COD_Spring_2021/FLS/FLS.srcs/sim_1/new/testbench.v:9]
WARNING: [VRFC 10-3091] actual bit length 6 differs from formal bit length 16 for port 'a' [D:/ComputerScience/cs_COD_Spring_2021/FLS/FLS.srcs/sources_1/new/fls.v:11]
ERROR: [VRFC 10-3236] concurrent assignment to a non-net 'f2' is not permitted [D:/ComputerScience/cs_COD_Spring_2021/FLS/FLS.srcs/sources_1/new/fls.v:11]
ERROR: [XSIM 43-3322] Static elaboration of top level Verilog design unit(s) in library work failed.
INFO: [USF-XSim-69] 'elaborate' step finished in '1' seconds
INFO: [USF-XSim-99] Step results log file:'D:/ComputerScience/cs_COD_Spring_2021/FLS/FLS.sim/sim_1/behav/xsim/elaborate.log'
ERROR: [USF-XSim-62] 'elaborate' step failed with error(s). Please check the Tcl console output or 'D:/ComputerScience/cs_COD_Spring_2021/FLS/FLS.sim/sim_1/behav/xsim/elaborate.log' file for more information.
ERROR: [Vivado 12-4473] Detected error while running simulation. Please correct the issue and retry this operation.
ERROR: [Common 17-39] 'launch_simulation' failed due to earlier errors.
launch_simulation
Command: launch_simulation 
INFO: [Vivado 12-5682] Launching behavioral simulation in 'D:/ComputerScience/cs_COD_Spring_2021/FLS/FLS.sim/sim_1/behav/xsim'
INFO: [SIM-utils-51] Simulation object is 'sim_1'
INFO: [SIM-utils-54] Inspecting design source files for 'testbench' in fileset 'sim_1'...
INFO: [USF-XSim-97] Finding global include files...
INFO: [USF-XSim-98] Fetching design files from 'sim_1'...
INFO: [USF-XSim-2] XSim::Compile design
INFO: [USF-XSim-61] Executing 'COMPILE and ANALYZE' step in 'D:/ComputerScience/cs_COD_Spring_2021/FLS/FLS.sim/sim_1/behav/xsim'
"xvlog --incr --relax -prj testbench_vlog.prj"
INFO: [VRFC 10-2263] Analyzing Verilog file "D:/ComputerScience/cs_COD_Spring_2021/FLS/FLS.srcs/sources_1/new/alu.v" into library xil_defaultlib
INFO: [VRFC 10-311] analyzing module alu
INFO: [VRFC 10-2263] Analyzing Verilog file "D:/ComputerScience/cs_COD_Spring_2021/FLS/FLS.srcs/sources_1/new/fls.v" into library xil_defaultlib
INFO: [VRFC 10-311] analyzing module fls
INFO: [VRFC 10-2263] Analyzing Verilog file "D:/ComputerScience/cs_COD_Spring_2021/FLS/FLS.srcs/sim_1/new/testbench.v" into library xil_defaultlib
INFO: [VRFC 10-311] analyzing module testbench
INFO: [USF-XSim-69] 'compile' step finished in '2' seconds
INFO: [USF-XSim-3] XSim::Elaborate design
INFO: [USF-XSim-61] Executing 'ELABORATE' step in 'D:/ComputerScience/cs_COD_Spring_2021/FLS/FLS.sim/sim_1/behav/xsim'
"xelab -wto 5b07b979711f4f618431c1ef282dac3e --incr --debug typical --relax --mt 2 -L xil_defaultlib -L unisims_ver -L unimacro_ver -L secureip --snapshot testbench_behav xil_defaultlib.testbench xil_defaultlib.glbl -log elaborate.log"
Vivado Simulator 2019.2
Copyright 1986-1999, 2001-2019 Xilinx, Inc. All Rights Reserved.
Running: D:/ComputerScience/CodeApp/Vivado/2019.2/bin/unwrapped/win64.o/xelab.exe -wto 5b07b979711f4f618431c1ef282dac3e --incr --debug typical --relax --mt 2 -L xil_defaultlib -L unisims_ver -L unimacro_ver -L secureip --snapshot testbench_behav xil_defaultlib.testbench xil_defaultlib.glbl -log elaborate.log 
Using 2 slave threads.
Starting static elaboration
Pass Through NonSizing Optimizer
WARNING: [VRFC 10-3091] actual bit length 7 differs from formal bit length 6 for port 'd' [D:/ComputerScience/cs_COD_Spring_2021/FLS/FLS.srcs/sim_1/new/testbench.v:9]
ERROR: [VRFC 10-3236] concurrent assignment to a non-net 'f2' is not permitted [D:/ComputerScience/cs_COD_Spring_2021/FLS/FLS.srcs/sources_1/new/fls.v:11]
ERROR: [XSIM 43-3322] Static elaboration of top level Verilog design unit(s) in library work failed.
INFO: [USF-XSim-69] 'elaborate' step finished in '1' seconds
INFO: [USF-XSim-99] Step results log file:'D:/ComputerScience/cs_COD_Spring_2021/FLS/FLS.sim/sim_1/behav/xsim/elaborate.log'
ERROR: [USF-XSim-62] 'elaborate' step failed with error(s). Please check the Tcl console output or 'D:/ComputerScience/cs_COD_Spring_2021/FLS/FLS.sim/sim_1/behav/xsim/elaborate.log' file for more information.
ERROR: [Vivado 12-4473] Detected error while running simulation. Please correct the issue and retry this operation.
ERROR: [Common 17-39] 'launch_simulation' failed due to earlier errors.
launch_simulation
Command: launch_simulation 
INFO: [Vivado 12-5682] Launching behavioral simulation in 'D:/ComputerScience/cs_COD_Spring_2021/FLS/FLS.sim/sim_1/behav/xsim'
INFO: [SIM-utils-51] Simulation object is 'sim_1'
INFO: [SIM-utils-54] Inspecting design source files for 'testbench' in fileset 'sim_1'...
INFO: [USF-XSim-97] Finding global include files...
INFO: [USF-XSim-98] Fetching design files from 'sim_1'...
INFO: [USF-XSim-2] XSim::Compile design
INFO: [USF-XSim-61] Executing 'COMPILE and ANALYZE' step in 'D:/ComputerScience/cs_COD_Spring_2021/FLS/FLS.sim/sim_1/behav/xsim'
"xvlog --incr --relax -prj testbench_vlog.prj"
INFO: [VRFC 10-2263] Analyzing Verilog file "D:/ComputerScience/cs_COD_Spring_2021/FLS/FLS.srcs/sources_1/new/alu.v" into library xil_defaultlib
INFO: [VRFC 10-311] analyzing module alu
INFO: [VRFC 10-2263] Analyzing Verilog file "D:/ComputerScience/cs_COD_Spring_2021/FLS/FLS.srcs/sources_1/new/fls.v" into library xil_defaultlib
INFO: [VRFC 10-311] analyzing module fls
INFO: [VRFC 10-2263] Analyzing Verilog file "D:/ComputerScience/cs_COD_Spring_2021/FLS/FLS.srcs/sim_1/new/testbench.v" into library xil_defaultlib
INFO: [VRFC 10-311] analyzing module testbench
INFO: [USF-XSim-69] 'compile' step finished in '1' seconds
INFO: [USF-XSim-3] XSim::Elaborate design
INFO: [USF-XSim-61] Executing 'ELABORATE' step in 'D:/ComputerScience/cs_COD_Spring_2021/FLS/FLS.sim/sim_1/behav/xsim'
"xelab -wto 5b07b979711f4f618431c1ef282dac3e --incr --debug typical --relax --mt 2 -L xil_defaultlib -L unisims_ver -L unimacro_ver -L secureip --snapshot testbench_behav xil_defaultlib.testbench xil_defaultlib.glbl -log elaborate.log"
Vivado Simulator 2019.2
Copyright 1986-1999, 2001-2019 Xilinx, Inc. All Rights Reserved.
Running: D:/ComputerScience/CodeApp/Vivado/2019.2/bin/unwrapped/win64.o/xelab.exe -wto 5b07b979711f4f618431c1ef282dac3e --incr --debug typical --relax --mt 2 -L xil_defaultlib -L unisims_ver -L unimacro_ver -L secureip --snapshot testbench_behav xil_defaultlib.testbench xil_defaultlib.glbl -log elaborate.log 
Using 2 slave threads.
Starting static elaboration
Pass Through NonSizing Optimizer
WARNING: [VRFC 10-3091] actual bit length 17 differs from formal bit length 16 for port 'd' [D:/ComputerScience/cs_COD_Spring_2021/FLS/FLS.srcs/sim_1/new/testbench.v:9]
ERROR: [VRFC 10-3236] concurrent assignment to a non-net 'f2' is not permitted [D:/ComputerScience/cs_COD_Spring_2021/FLS/FLS.srcs/sources_1/new/fls.v:11]
ERROR: [XSIM 43-3322] Static elaboration of top level Verilog design unit(s) in library work failed.
INFO: [USF-XSim-69] 'elaborate' step finished in '2' seconds
INFO: [USF-XSim-99] Step results log file:'D:/ComputerScience/cs_COD_Spring_2021/FLS/FLS.sim/sim_1/behav/xsim/elaborate.log'
ERROR: [USF-XSim-62] 'elaborate' step failed with error(s). Please check the Tcl console output or 'D:/ComputerScience/cs_COD_Spring_2021/FLS/FLS.sim/sim_1/behav/xsim/elaborate.log' file for more information.
ERROR: [Vivado 12-4473] Detected error while running simulation. Please correct the issue and retry this operation.
ERROR: [Common 17-39] 'launch_simulation' failed due to earlier errors.
launch_simulation
Command: launch_simulation 
INFO: [Vivado 12-5682] Launching behavioral simulation in 'D:/ComputerScience/cs_COD_Spring_2021/FLS/FLS.sim/sim_1/behav/xsim'
INFO: [SIM-utils-51] Simulation object is 'sim_1'
INFO: [SIM-utils-54] Inspecting design source files for 'testbench' in fileset 'sim_1'...
INFO: [USF-XSim-97] Finding global include files...
INFO: [USF-XSim-98] Fetching design files from 'sim_1'...
INFO: [USF-XSim-2] XSim::Compile design
INFO: [USF-XSim-61] Executing 'COMPILE and ANALYZE' step in 'D:/ComputerScience/cs_COD_Spring_2021/FLS/FLS.sim/sim_1/behav/xsim'
"xvlog --incr --relax -prj testbench_vlog.prj"
INFO: [VRFC 10-2263] Analyzing Verilog file "D:/ComputerScience/cs_COD_Spring_2021/FLS/FLS.srcs/sources_1/new/alu.v" into library xil_defaultlib
INFO: [VRFC 10-311] analyzing module alu
INFO: [VRFC 10-2263] Analyzing Verilog file "D:/ComputerScience/cs_COD_Spring_2021/FLS/FLS.srcs/sources_1/new/fls.v" into library xil_defaultlib
INFO: [VRFC 10-311] analyzing module fls
INFO: [VRFC 10-2263] Analyzing Verilog file "D:/ComputerScience/cs_COD_Spring_2021/FLS/FLS.srcs/sim_1/new/testbench.v" into library xil_defaultlib
INFO: [VRFC 10-311] analyzing module testbench
INFO: [USF-XSim-69] 'compile' step finished in '2' seconds
INFO: [USF-XSim-3] XSim::Elaborate design
INFO: [USF-XSim-61] Executing 'ELABORATE' step in 'D:/ComputerScience/cs_COD_Spring_2021/FLS/FLS.sim/sim_1/behav/xsim'
"xelab -wto 5b07b979711f4f618431c1ef282dac3e --incr --debug typical --relax --mt 2 -L xil_defaultlib -L unisims_ver -L unimacro_ver -L secureip --snapshot testbench_behav xil_defaultlib.testbench xil_defaultlib.glbl -log elaborate.log"
Vivado Simulator 2019.2
Copyright 1986-1999, 2001-2019 Xilinx, Inc. All Rights Reserved.
Running: D:/ComputerScience/CodeApp/Vivado/2019.2/bin/unwrapped/win64.o/xelab.exe -wto 5b07b979711f4f618431c1ef282dac3e --incr --debug typical --relax --mt 2 -L xil_defaultlib -L unisims_ver -L unimacro_ver -L secureip --snapshot testbench_behav xil_defaultlib.testbench xil_defaultlib.glbl -log elaborate.log 
Using 2 slave threads.
Starting static elaboration
Pass Through NonSizing Optimizer
ERROR: [VRFC 10-3236] concurrent assignment to a non-net 'f2' is not permitted [D:/ComputerScience/cs_COD_Spring_2021/FLS/FLS.srcs/sources_1/new/fls.v:11]
ERROR: [XSIM 43-3322] Static elaboration of top level Verilog design unit(s) in library work failed.
INFO: [USF-XSim-69] 'elaborate' step finished in '1' seconds
INFO: [USF-XSim-99] Step results log file:'D:/ComputerScience/cs_COD_Spring_2021/FLS/FLS.sim/sim_1/behav/xsim/elaborate.log'
ERROR: [USF-XSim-62] 'elaborate' step failed with error(s). Please check the Tcl console output or 'D:/ComputerScience/cs_COD_Spring_2021/FLS/FLS.sim/sim_1/behav/xsim/elaborate.log' file for more information.
ERROR: [Vivado 12-4473] Detected error while running simulation. Please correct the issue and retry this operation.
ERROR: [Common 17-39] 'launch_simulation' failed due to earlier errors.
launch_simulation
Command: launch_simulation 
INFO: [Vivado 12-5682] Launching behavioral simulation in 'D:/ComputerScience/cs_COD_Spring_2021/FLS/FLS.sim/sim_1/behav/xsim'
INFO: [SIM-utils-51] Simulation object is 'sim_1'
INFO: [SIM-utils-54] Inspecting design source files for 'testbench' in fileset 'sim_1'...
INFO: [USF-XSim-97] Finding global include files...
INFO: [USF-XSim-98] Fetching design files from 'sim_1'...
INFO: [USF-XSim-2] XSim::Compile design
INFO: [USF-XSim-61] Executing 'COMPILE and ANALYZE' step in 'D:/ComputerScience/cs_COD_Spring_2021/FLS/FLS.sim/sim_1/behav/xsim'
"xvlog --incr --relax -prj testbench_vlog.prj"
INFO: [VRFC 10-2263] Analyzing Verilog file "D:/ComputerScience/cs_COD_Spring_2021/FLS/FLS.srcs/sources_1/new/alu.v" into library xil_defaultlib
INFO: [VRFC 10-311] analyzing module alu
INFO: [VRFC 10-2263] Analyzing Verilog file "D:/ComputerScience/cs_COD_Spring_2021/FLS/FLS.srcs/sources_1/new/fls.v" into library xil_defaultlib
INFO: [VRFC 10-311] analyzing module fls
INFO: [VRFC 10-2263] Analyzing Verilog file "D:/ComputerScience/cs_COD_Spring_2021/FLS/FLS.srcs/sim_1/new/testbench.v" into library xil_defaultlib
INFO: [VRFC 10-311] analyzing module testbench
INFO: [USF-XSim-69] 'compile' step finished in '2' seconds
INFO: [USF-XSim-3] XSim::Elaborate design
INFO: [USF-XSim-61] Executing 'ELABORATE' step in 'D:/ComputerScience/cs_COD_Spring_2021/FLS/FLS.sim/sim_1/behav/xsim'
"xelab -wto 5b07b979711f4f618431c1ef282dac3e --incr --debug typical --relax --mt 2 -L xil_defaultlib -L unisims_ver -L unimacro_ver -L secureip --snapshot testbench_behav xil_defaultlib.testbench xil_defaultlib.glbl -log elaborate.log"
Vivado Simulator 2019.2
Copyright 1986-1999, 2001-2019 Xilinx, Inc. All Rights Reserved.
Running: D:/ComputerScience/CodeApp/Vivado/2019.2/bin/unwrapped/win64.o/xelab.exe -wto 5b07b979711f4f618431c1ef282dac3e --incr --debug typical --relax --mt 2 -L xil_defaultlib -L unisims_ver -L unimacro_ver -L secureip --snapshot testbench_behav xil_defaultlib.testbench xil_defaultlib.glbl -log elaborate.log 
Using 2 slave threads.
Starting static elaboration
Pass Through NonSizing Optimizer
ERROR: [VRFC 10-3236] concurrent assignment to a non-net 'f2' is not permitted [D:/ComputerScience/cs_COD_Spring_2021/FLS/FLS.srcs/sources_1/new/fls.v:11]
ERROR: [XSIM 43-3322] Static elaboration of top level Verilog design unit(s) in library work failed.
INFO: [USF-XSim-69] 'elaborate' step finished in '1' seconds
INFO: [USF-XSim-99] Step results log file:'D:/ComputerScience/cs_COD_Spring_2021/FLS/FLS.sim/sim_1/behav/xsim/elaborate.log'
ERROR: [USF-XSim-62] 'elaborate' step failed with error(s). Please check the Tcl console output or 'D:/ComputerScience/cs_COD_Spring_2021/FLS/FLS.sim/sim_1/behav/xsim/elaborate.log' file for more information.
ERROR: [Vivado 12-4473] Detected error while running simulation. Please correct the issue and retry this operation.
ERROR: [Common 17-39] 'launch_simulation' failed due to earlier errors.
launch_simulation
Command: launch_simulation 
INFO: [Vivado 12-5682] Launching behavioral simulation in 'D:/ComputerScience/cs_COD_Spring_2021/FLS/FLS.sim/sim_1/behav/xsim'
INFO: [SIM-utils-51] Simulation object is 'sim_1'
INFO: [SIM-utils-54] Inspecting design source files for 'testbench' in fileset 'sim_1'...
INFO: [USF-XSim-97] Finding global include files...
INFO: [USF-XSim-98] Fetching design files from 'sim_1'...
INFO: [USF-XSim-2] XSim::Compile design
INFO: [USF-XSim-61] Executing 'COMPILE and ANALYZE' step in 'D:/ComputerScience/cs_COD_Spring_2021/FLS/FLS.sim/sim_1/behav/xsim'
"xvlog --incr --relax -prj testbench_vlog.prj"
INFO: [VRFC 10-2263] Analyzing Verilog file "D:/ComputerScience/cs_COD_Spring_2021/FLS/FLS.srcs/sources_1/new/alu.v" into library xil_defaultlib
INFO: [VRFC 10-311] analyzing module alu
INFO: [VRFC 10-2263] Analyzing Verilog file "D:/ComputerScience/cs_COD_Spring_2021/FLS/FLS.srcs/sources_1/new/fls.v" into library xil_defaultlib
INFO: [VRFC 10-311] analyzing module fls
INFO: [VRFC 10-2263] Analyzing Verilog file "D:/ComputerScience/cs_COD_Spring_2021/FLS/FLS.srcs/sim_1/new/testbench.v" into library xil_defaultlib
INFO: [VRFC 10-311] analyzing module testbench
INFO: [USF-XSim-69] 'compile' step finished in '1' seconds
INFO: [USF-XSim-3] XSim::Elaborate design
INFO: [USF-XSim-61] Executing 'ELABORATE' step in 'D:/ComputerScience/cs_COD_Spring_2021/FLS/FLS.sim/sim_1/behav/xsim'
"xelab -wto 5b07b979711f4f618431c1ef282dac3e --incr --debug typical --relax --mt 2 -L xil_defaultlib -L unisims_ver -L unimacro_ver -L secureip --snapshot testbench_behav xil_defaultlib.testbench xil_defaultlib.glbl -log elaborate.log"
Vivado Simulator 2019.2
Copyright 1986-1999, 2001-2019 Xilinx, Inc. All Rights Reserved.
Running: D:/ComputerScience/CodeApp/Vivado/2019.2/bin/unwrapped/win64.o/xelab.exe -wto 5b07b979711f4f618431c1ef282dac3e --incr --debug typical --relax --mt 2 -L xil_defaultlib -L unisims_ver -L unimacro_ver -L secureip --snapshot testbench_behav xil_defaultlib.testbench xil_defaultlib.glbl -log elaborate.log 
Using 2 slave threads.
Starting static elaboration
Pass Through NonSizing Optimizer
Completed static elaboration
Starting simulation data flow analysis
Completed simulation data flow analysis
Time Resolution for simulation is 1ps
Compiling module xil_defaultlib.alu
Compiling module xil_defaultlib.fls
Compiling module xil_defaultlib.testbench
Compiling module xil_defaultlib.glbl
Built simulation snapshot testbench_behav

****** Webtalk v2019.2 (64-bit)
  **** SW Build 2708876 on Wed Nov  6 21:40:23 MST 2019
  **** IP Build 2700528 on Thu Nov  7 00:09:20 MST 2019
    ** Copyright 1986-2019 Xilinx, Inc. All Rights Reserved.

source D:/ComputerScience/cs_COD_Spring_2021/FLS/FLS.sim/sim_1/behav/xsim/xsim.dir/testbench_behav/webtalk/xsim_webtalk.tcl -notrace
INFO: [Common 17-206] Exiting Webtalk at Sun Mar 20 14:17:14 2022...
INFO: [USF-XSim-69] 'elaborate' step finished in '3' seconds
INFO: [USF-XSim-4] XSim::Simulate design
INFO: [USF-XSim-61] Executing 'SIMULATE' step in 'D:/ComputerScience/cs_COD_Spring_2021/FLS/FLS.sim/sim_1/behav/xsim'
INFO: [USF-XSim-98] *** Running xsim
   with args "testbench_behav -key {Behavioral:sim_1:Functional:testbench} -tclbatch {testbench.tcl} -log {simulate.log}"
INFO: [USF-XSim-8] Loading simulator feature
Vivado Simulator 2019.2
Time resolution is 1 ps
source testbench.tcl
# set curr_wave [current_wave_config]
# if { [string length $curr_wave] == 0 } {
#   if { [llength [get_objects]] > 0} {
#     add_wave /
#     set_property needs_save false [current_wave_config]
#   } else {
#      send_msg_id Add_Wave-1 WARNING "No top level signals found. Simulator will start without a wave window. If you want to open a wave window go to 'File->New Waveform Configuration' or type 'create_wave_config' in the TCL console."
#   }
# }
# run 1000ns
INFO: [USF-XSim-96] XSim completed. Design snapshot 'testbench_behav' loaded.
INFO: [USF-XSim-97] XSim simulation ran for 1000ns
launch_simulation: Time (s): cpu = 00:00:05 ; elapsed = 00:00:09 . Memory (MB): peak = 836.434 ; gain = 0.000
close_sim
INFO: [Simtcl 6-16] Simulation closed
launch_simulation
Command: launch_simulation 
INFO: [Vivado 12-5682] Launching behavioral simulation in 'D:/ComputerScience/cs_COD_Spring_2021/FLS/FLS.sim/sim_1/behav/xsim'
INFO: [SIM-utils-51] Simulation object is 'sim_1'
INFO: [SIM-utils-54] Inspecting design source files for 'testbench' in fileset 'sim_1'...
INFO: [USF-XSim-97] Finding global include files...
INFO: [USF-XSim-98] Fetching design files from 'sim_1'...
INFO: [USF-XSim-2] XSim::Compile design
INFO: [USF-XSim-61] Executing 'COMPILE and ANALYZE' step in 'D:/ComputerScience/cs_COD_Spring_2021/FLS/FLS.sim/sim_1/behav/xsim'
"xvlog --incr --relax -prj testbench_vlog.prj"
INFO: [VRFC 10-2263] Analyzing Verilog file "D:/ComputerScience/cs_COD_Spring_2021/FLS/FLS.srcs/sources_1/new/alu.v" into library xil_defaultlib
INFO: [VRFC 10-311] analyzing module alu
INFO: [VRFC 10-2263] Analyzing Verilog file "D:/ComputerScience/cs_COD_Spring_2021/FLS/FLS.srcs/sources_1/new/fls.v" into library xil_defaultlib
INFO: [VRFC 10-311] analyzing module fls
INFO: [VRFC 10-2263] Analyzing Verilog file "D:/ComputerScience/cs_COD_Spring_2021/FLS/FLS.srcs/sim_1/new/testbench.v" into library xil_defaultlib
INFO: [VRFC 10-311] analyzing module testbench
INFO: [USF-XSim-69] 'compile' step finished in '2' seconds
INFO: [USF-XSim-3] XSim::Elaborate design
INFO: [USF-XSim-61] Executing 'ELABORATE' step in 'D:/ComputerScience/cs_COD_Spring_2021/FLS/FLS.sim/sim_1/behav/xsim'
"xelab -wto 5b07b979711f4f618431c1ef282dac3e --incr --debug typical --relax --mt 2 -L xil_defaultlib -L unisims_ver -L unimacro_ver -L secureip --snapshot testbench_behav xil_defaultlib.testbench xil_defaultlib.glbl -log elaborate.log"
Vivado Simulator 2019.2
Copyright 1986-1999, 2001-2019 Xilinx, Inc. All Rights Reserved.
Running: D:/ComputerScience/CodeApp/Vivado/2019.2/bin/unwrapped/win64.o/xelab.exe -wto 5b07b979711f4f618431c1ef282dac3e --incr --debug typical --relax --mt 2 -L xil_defaultlib -L unisims_ver -L unimacro_ver -L secureip --snapshot testbench_behav xil_defaultlib.testbench xil_defaultlib.glbl -log elaborate.log 
Using 2 slave threads.
Starting static elaboration
Pass Through NonSizing Optimizer
Completed static elaboration
Starting simulation data flow analysis
Completed simulation data flow analysis
Time Resolution for simulation is 1ps
Compiling module xil_defaultlib.alu
Compiling module xil_defaultlib.fls
Compiling module xil_defaultlib.testbench
Compiling module xil_defaultlib.glbl
Built simulation snapshot testbench_behav
INFO: [USF-XSim-69] 'elaborate' step finished in '1' seconds
INFO: [USF-XSim-4] XSim::Simulate design
INFO: [USF-XSim-61] Executing 'SIMULATE' step in 'D:/ComputerScience/cs_COD_Spring_2021/FLS/FLS.sim/sim_1/behav/xsim'
INFO: [USF-XSim-98] *** Running xsim
   with args "testbench_behav -key {Behavioral:sim_1:Functional:testbench} -tclbatch {testbench.tcl} -log {simulate.log}"
INFO: [USF-XSim-8] Loading simulator feature
Vivado Simulator 2019.2
Time resolution is 1 ps
source testbench.tcl
# set curr_wave [current_wave_config]
# if { [string length $curr_wave] == 0 } {
#   if { [llength [get_objects]] > 0} {
#     add_wave /
#     set_property needs_save false [current_wave_config]
#   } else {
#      send_msg_id Add_Wave-1 WARNING "No top level signals found. Simulator will start without a wave window. If you want to open a wave window go to 'File->New Waveform Configuration' or type 'create_wave_config' in the TCL console."
#   }
# }
# run 1000ns
INFO: [USF-XSim-96] XSim completed. Design snapshot 'testbench_behav' loaded.
INFO: [USF-XSim-97] XSim simulation ran for 1000ns
close_sim
INFO: [Simtcl 6-16] Simulation closed
launch_simulation
Command: launch_simulation 
INFO: [Vivado 12-5682] Launching behavioral simulation in 'D:/ComputerScience/cs_COD_Spring_2021/FLS/FLS.sim/sim_1/behav/xsim'
INFO: [SIM-utils-51] Simulation object is 'sim_1'
INFO: [SIM-utils-54] Inspecting design source files for 'testbench' in fileset 'sim_1'...
INFO: [USF-XSim-97] Finding global include files...
INFO: [USF-XSim-98] Fetching design files from 'sim_1'...
INFO: [USF-XSim-2] XSim::Compile design
INFO: [USF-XSim-61] Executing 'COMPILE and ANALYZE' step in 'D:/ComputerScience/cs_COD_Spring_2021/FLS/FLS.sim/sim_1/behav/xsim'
"xvlog --incr --relax -prj testbench_vlog.prj"
INFO: [VRFC 10-2263] Analyzing Verilog file "D:/ComputerScience/cs_COD_Spring_2021/FLS/FLS.srcs/sources_1/new/alu.v" into library xil_defaultlib
INFO: [VRFC 10-311] analyzing module alu
INFO: [VRFC 10-2263] Analyzing Verilog file "D:/ComputerScience/cs_COD_Spring_2021/FLS/FLS.srcs/sources_1/new/fls.v" into library xil_defaultlib
INFO: [VRFC 10-311] analyzing module fls
INFO: [VRFC 10-2263] Analyzing Verilog file "D:/ComputerScience/cs_COD_Spring_2021/FLS/FLS.srcs/sim_1/new/testbench.v" into library xil_defaultlib
INFO: [VRFC 10-311] analyzing module testbench
INFO: [USF-XSim-69] 'compile' step finished in '2' seconds
INFO: [USF-XSim-3] XSim::Elaborate design
INFO: [USF-XSim-61] Executing 'ELABORATE' step in 'D:/ComputerScience/cs_COD_Spring_2021/FLS/FLS.sim/sim_1/behav/xsim'
"xelab -wto 5b07b979711f4f618431c1ef282dac3e --incr --debug typical --relax --mt 2 -L xil_defaultlib -L unisims_ver -L unimacro_ver -L secureip --snapshot testbench_behav xil_defaultlib.testbench xil_defaultlib.glbl -log elaborate.log"
Vivado Simulator 2019.2
Copyright 1986-1999, 2001-2019 Xilinx, Inc. All Rights Reserved.
Running: D:/ComputerScience/CodeApp/Vivado/2019.2/bin/unwrapped/win64.o/xelab.exe -wto 5b07b979711f4f618431c1ef282dac3e --incr --debug typical --relax --mt 2 -L xil_defaultlib -L unisims_ver -L unimacro_ver -L secureip --snapshot testbench_behav xil_defaultlib.testbench xil_defaultlib.glbl -log elaborate.log 
Using 2 slave threads.
Starting static elaboration
Pass Through NonSizing Optimizer
Completed static elaboration
Starting simulation data flow analysis
Completed simulation data flow analysis
Time Resolution for simulation is 1ps
Compiling module xil_defaultlib.alu
Compiling module xil_defaultlib.fls
Compiling module xil_defaultlib.testbench
Compiling module xil_defaultlib.glbl
Built simulation snapshot testbench_behav
INFO: [USF-XSim-69] 'elaborate' step finished in '2' seconds
INFO: [USF-XSim-4] XSim::Simulate design
INFO: [USF-XSim-61] Executing 'SIMULATE' step in 'D:/ComputerScience/cs_COD_Spring_2021/FLS/FLS.sim/sim_1/behav/xsim'
INFO: [USF-XSim-98] *** Running xsim
   with args "testbench_behav -key {Behavioral:sim_1:Functional:testbench} -tclbatch {testbench.tcl} -log {simulate.log}"
INFO: [USF-XSim-8] Loading simulator feature
Vivado Simulator 2019.2
Time resolution is 1 ps
source testbench.tcl
# set curr_wave [current_wave_config]
# if { [string length $curr_wave] == 0 } {
#   if { [llength [get_objects]] > 0} {
#     add_wave /
#     set_property needs_save false [current_wave_config]
#   } else {
#      send_msg_id Add_Wave-1 WARNING "No top level signals found. Simulator will start without a wave window. If you want to open a wave window go to 'File->New Waveform Configuration' or type 'create_wave_config' in the TCL console."
#   }
# }
# run 1000ns
INFO: [USF-XSim-96] XSim completed. Design snapshot 'testbench_behav' loaded.
INFO: [USF-XSim-97] XSim simulation ran for 1000ns
launch_simulation: Time (s): cpu = 00:00:03 ; elapsed = 00:00:08 . Memory (MB): peak = 939.590 ; gain = 0.000
close_sim
INFO: [Simtcl 6-16] Simulation closed
exit
INFO: [Common 17-206] Exiting Vivado at Sun Mar 20 14:57:48 2022...
