#
# A fatal error has been detected by the Java Runtime Environment:
#
#  EXCEPTION_ACCESS_VIOLATION (0xc0000005) at pc=0x00007ffe8ac98a56, pid=14236, tid=11956
#
# JRE version: Java(TM) SE Runtime Environment (9.0+11) (build 9.0.4+11)
# Java VM: Java HotSpot(TM) 64-Bit Server VM (9.0.4+11, mixed mode, tiered, compressed oops, g1 gc, windows-amd64)
# Problematic frame:
# C  [librdi_filemgmt.dll+0x258a56]
#
# No core dump will be written. Minidumps are not enabled by default on client versions of Windows
#
# If you would like to submit a bug report, please visit:
#   http://bugreport.java.com/bugreport/crash.jsp
# The crash happened outside the Java Virtual Machine in native code.
# See problematic frame for where to report the bug.
#

---------------  S U M M A R Y ------------

Command Line: -Dsun.java2d.pmoffscreen=false -Dsun.java2d.xrender=false -Dsun.java2d.d3d=false -Dsun.awt.nopixfmt=true -Dsun.java2d.dpiaware=true -Dsun.java2d.uiScale.enabled=false -Xverify:none -Dswing.aatext=true -XX:-UsePerfData -Djdk.map.althashing.threshold=512 -XX:StringTableSize=4072 --add-opens=java.base/java.nio=ALL-UNNAMED --add-opens=java.desktop/sun.swing=ALL-UNNAMED --add-opens=java.desktop/javax.swing=ALL-UNNAMED --add-opens=java.desktop/javax.swing.tree=ALL-UNNAMED --add-opens=java.desktop/javax.swing.plaf.basic=ALL-UNNAMED --add-opens=java.desktop/javax.swing.plaf.synth=ALL-UNNAMED --add-opens=java.desktop/com.sun.awt=ALL-UNNAMED -XX:NewSize=60m -XX:MaxNewSize=60m -Xms128m -Xmx3072m -Xss5m 

Host: Intel(R) Core(TM) i7-10875H CPU @ 2.30GHz, 16 cores, 15G,  Windows 10 , 64 bit Build 22621 (10.0.22621.1)
Time: Wed May 25 10:52:34 2022 中国标准时间 elapsed time: 9083 seconds (0d 2h 31m 23s)

---------------  T H R E A D  ---------------

Current thread (0x000001d576b23000):  JavaThread "AWT-EventQueue-1" [_thread_in_native, id=11956, stack(0x000000af3d700000,0x000000af3dc00000)]

Stack: [0x000000af3d700000,0x000000af3dc00000],  sp=0x000000af3dbfc9c0,  free space=5106k
Native frames: (J=compiled Java code, j=interpreted, Vv=VM code, C=native code)
C  [librdi_filemgmt.dll+0x258a56]
C  [librdi_filemgmt.dll+0x257122]
C  [librdi_filemgmt.dll+0x26c6d8]
C  0x000001d55f2e921c

Java frames: (J=compiled Java code, j=interpreted, Vv=VM code)
j  ui.data.srcscan.srcscani.EditorAssist_createFoldInfoIter(JLjava/lang/String;)J+0
j  ui.data.m.a.a.ul(Ljava/lang/String;)J+5
j  ui.data.m.a.a.b(Lui/data/m/a/a;Ljava/lang/String;)J+2
j  ui.data.m.a.c.a(Ljava/net/URI;)V+86
j  ui.data.m.a.a.ui(Ljava/lang/String;)V+15
j  ui.views.V.a.ab.agK(Ljava/lang/String;)V+27
j  ui.views.V.a.ab.hdH()V+43
j  ui.views.V.a.al.finished()V+20
J 19706 c2 ui.frmwork.z.run()V (15 bytes) @ 0x000001d5678f5654 [0x000001d5678f5240+0x0000000000000414]
J 14644 c2 java.awt.EventQueue$3.run()Ljava/lang/Object; java.desktop@9.0.4 (5 bytes) @ 0x000001d567b7c404 [0x000001d567b7c300+0x0000000000000104]
v  ~StubRoutines::call_stub
J 4223  java.security.AccessController.doPrivileged(Ljava/security/PrivilegedAction;Ljava/security/AccessControlContext;)Ljava/lang/Object; java.base@9.0.4 (0 bytes) @ 0x000001d567110b46 [0x000001d567110ae0+0x0000000000000066]
J 14553 c2 java.awt.EventQueue.dispatchEvent(Ljava/awt/AWTEvent;)V java.desktop@9.0.4 (80 bytes) @ 0x000001d567b54718 [0x000001d567b541c0+0x0000000000000558]
J 27611 c2 ui.frmwork.b.d.dispatchEvent(Ljava/awt/AWTEvent;)V (34 bytes) @ 0x000001d56894da58 [0x000001d56894d980+0x00000000000000d8]
J 30466 c2 java.awt.EventDispatchThread.pumpOneEventForFilters(I)V java.desktop@9.0.4 (218 bytes) @ 0x000001d568360964 [0x000001d568360680+0x00000000000002e4]
J 18103% c2 java.awt.EventDispatchThread.pumpEventsForFilter(ILjava/awt/Conditional;Ljava/awt/EventFilter;)V java.desktop@9.0.4 (47 bytes) @ 0x000001d5677769d8 [0x000001d5677768c0+0x0000000000000118]
j  java.awt.EventDispatchThread.pumpEventsForHierarchy(ILjava/awt/Conditional;Ljava/awt/Component;)V+11 java.desktop@9.0.4
j  java.awt.EventDispatchThread.pumpEvents(ILjava/awt/Conditional;)V+4 java.desktop@9.0.4
j  java.awt.EventDispatchThread.pumpEvents(Ljava/awt/Conditional;)V+3 java.desktop@9.0.4
j  java.awt.EventDispatchThread.run()V+9 java.desktop@9.0.4
v  ~StubRoutines::call_stub

siginfo: EXCEPTION_ACCESS_VIOLATION (0xc0000005), reading address 0x0000000000000000


Register to memory mapping:

RIP=0x00007ffe8ac98a56 librdi_filemgmt.dll
RAX=0x0000000000000001 is an unknown value
RBX=0x000001d508a2f6c8 is an unknown value
RCX=0x000001d549580000 is an unknown value
RDX=0x0000000000000000 is an unknown value
RSP=0x000000af3dbfc9c0 is pointing into the stack for thread: 0x000001d576b23000
RBP=0x000000af3dbfcb20 is pointing into the stack for thread: 0x000001d576b23000
RSI=0x0000000000000000 is an unknown value
RDI=0x000001d57b965030 is an unknown value
R8 =0x000001d5496827c0 is an unknown value
R9 =0x0000000000000001 is an unknown value
R10=0x0000000000000003 is an unknown value
R11=0x000000af3dbfc920 is pointing into the stack for thread: 0x000001d576b23000
R12=0x000001d57f6ad150 is an unknown value
R13=0x0000000000000000 is an unknown value
R14=0x0000000000000000 is an unknown value
R15=0x000000af3dbfcc70 is pointing into the stack for thread: 0x000001d576b23000


Registers:
RAX=0x0000000000000001, RBX=0x000001d508a2f6c8, RCX=0x000001d549580000, RDX=0x0000000000000000
RSP=0x000000af3dbfc9c0, RBP=0x000000af3dbfcb20, RSI=0x0000000000000000, RDI=0x000001d57b965030
R8 =0x000001d5496827c0, R9 =0x0000000000000001, R10=0x0000000000000003, R11=0x000000af3dbfc920
R12=0x000001d57f6ad150, R13=0x0000000000000000, R14=0x0000000000000000, R15=0x000000af3dbfcc70
RIP=0x00007ffe8ac98a56, EFLAGS=0x0000000000010287

Top of Stack: (sp=0x000000af3dbfc9c0)
0x000000af3dbfc9c0:   000001d508a2f6c0 0000000000000000
0x000000af3dbfc9d0:   000001d508a2f6c0 000000000000004e
0x000000af3dbfc9e0:   fffffffffffffffe 000001d50588f000
0x000000af3dbfc9f0:   000001d577a25ea0 0000000000000000
0x000000af3dbfca00:   000000000000000f 000001d50588f700
0x000000af3dbfca10:   000000af3dbfcc50 0000000000000000
0x000000af3dbfca20:   000000000000000f 0000dd3dc3f6ee74
0x000000af3dbfca30:   000000000000004e 000001d57f6ad150
0x000000af3dbfca40:   000000af3dbfcb20 00007ffe8ac97122
0x000000af3dbfca50:   00003b7f25366f67 0000000000000000
0x000000af3dbfca60:   000000000000004e 000001d57b965030
0x000000af3dbfca70:   000000000000004e 000001d576b23218
0x000000af3dbfca80:   000001d576b23218 000001d577a25ea0
0x000000af3dbfca90:   000000af3dbfcc50 00007ffe8acac6d8
0x000000af3dbfcaa0:   000000000000004e 000000000000004e
0x000000af3dbfcab0:   000001d577a25ea0 000001d5608b9b24 

Instructions: (pc=0x00007ffe8ac98a56)
0x00007ffe8ac98a36:   66 66 0f 1f 84 00 00 00 00 00 48 8b 13 48 c7 44
0x00007ffe8ac98a46:   24 40 0f 00 00 00 4c 89 74 24 38 c6 44 24 28 00
0x00007ffe8ac98a56:   80 3a 00 75 05 4d 8b c6 eb 0e 49 83 c8 ff 49 ff
0x00007ffe8ac98a66:   c0 42 80 3c 02 00 75 f6 48 8d 4c 24 28 e8 48 dc 



---------------  P R O C E S S  ---------------

Java Threads: ( => current thread )
  0x000001d503d22800 JavaThread "Code Inspector Thread" [_thread_blocked, id=9000, stack(0x000000af47100000,0x000000af47600000)]
  0x000001d5778ba000 JavaThread "Code Inspector Thread" [_thread_in_native, id=12584, stack(0x000000af46c00000,0x000000af47100000)]
  0x000001d5778bc000 JavaThread "Code Inspector Thread" [_thread_in_native, id=12064, stack(0x000000af46200000,0x000000af46700000)]
  0x000001d5778b0000 JavaThread "Image Fetcher 0" daemon [_thread_blocked, id=15120, stack(0x000000af40700000,0x000000af40c00000)]
  0x000001d5778b7800 JavaThread "Monitor File Timestamp Swing Worker Thread" [_thread_blocked, id=15176, stack(0x000000af45800000,0x000000af45d00000)]
  0x000001d5778b7000 JavaThread "Timer-5" [_thread_blocked, id=14312, stack(0x000000af45300000,0x000000af45800000)]
  0x000001d5778b5800 JavaThread "Update Runs Swing Worker Thread" [_thread_blocked, id=11220, stack(0x000000af41100000,0x000000af41600000)]
  0x000001d5778ae800 JavaThread "Monitor File Timestamp Swing Worker Thread" [_thread_blocked, id=15032, stack(0x000000af44800000,0x000000af44d00000)]
  0x000001d5778b4800 JavaThread "Timer-4" [_thread_blocked, id=1384, stack(0x000000af44300000,0x000000af44800000)]
  0x000001d5778af800 JavaThread "SyntheticaAnimation 50" daemon [_thread_blocked, id=20900, stack(0x000000af41b00000,0x000000af42000000)]
  0x000001d578550000 JavaThread "Swing-Shell" daemon [_thread_blocked, id=9416, stack(0x000000af3f800000,0x000000af3fd00000)]
  0x000001d578557000 JavaThread "Image Animator 3" daemon [_thread_blocked, id=1792, stack(0x000000af43900000,0x000000af43e00000)]
  0x000001d578554000 JavaThread "ForkJoinPool.commonPool-worker-25" daemon [_thread_blocked, id=21192, stack(0x000000af42a00000,0x000000af42f00000)]
  0x000001d578554800 JavaThread "Monitor File Timestamp Swing Worker Thread" [_thread_blocked, id=18096, stack(0x000000af43400000,0x000000af43900000)]
  0x000001d578553000 JavaThread "Timer-3" [_thread_blocked, id=19260, stack(0x000000af42f00000,0x000000af43400000)]
  0x000001d578551000 JavaThread "Monitor File Timestamp Swing Worker Thread" [_thread_blocked, id=9620, stack(0x000000af42500000,0x000000af42a00000)]
  0x000001d578556000 JavaThread "Timer-2" [_thread_blocked, id=4300, stack(0x000000af42000000,0x000000af42500000)]
  0x000001d578551800 JavaThread "Monitor File Timestamp Swing Worker Thread" [_thread_blocked, id=9816, stack(0x000000af40c00000,0x000000af41100000)]
  0x000001d5585f6000 JavaThread "Timer-1" [_thread_blocked, id=2336, stack(0x000000af3c800000,0x000000af3cd00000)]
  0x000001d503d25000 JavaThread "SyntheticaAnimation 50" daemon [_thread_blocked, id=12708, stack(0x000000af41600000,0x000000af41b00000)]
  0x000001d503d24000 JavaThread "hw_ila_monitor" [_thread_blocked, id=9100, stack(0x000000af40200000,0x000000af40700000)]
  0x000001d5585f1800 JavaThread "Refresh Filesets Swing Worker Thread" [_thread_blocked, id=12576, stack(0x000000af3dc00000,0x000000af3e100000)]
  0x000001d5585ef000 JavaThread "SyntheticaAnimation 70" daemon [_thread_blocked, id=12768, stack(0x000000af3fd00000,0x000000af40200000)]
  0x000001d5585f5000 JavaThread "SyntheticaAnimation 25" daemon [_thread_blocked, id=16876, stack(0x000000af3f300000,0x000000af3f800000)]
  0x000001d5585f4800 JavaThread "SyntheticaAnimation 50" daemon [_thread_blocked, id=11364, stack(0x000000af3ee00000,0x000000af3f300000)]
  0x000001d5585f3800 JavaThread "Monitor HEventQueue Thread" [_thread_blocked, id=11108, stack(0x000000af3e900000,0x000000af3ee00000)]
  0x000001d5585f3000 JavaThread "SyntheticaCleanerThread" daemon [_thread_blocked, id=3884, stack(0x000000af3e100000,0x000000af3e600000)]
  0x000001d5585f0800 JavaThread "Batik CleanerThread" daemon [_thread_blocked, id=828, stack(0x000000af3cd00000,0x000000af3d200000)]
=>0x000001d576b23000 JavaThread "AWT-EventQueue-1" [_thread_in_native, id=11956, stack(0x000000af3d700000,0x000000af3dc00000)]
  0x000001d577a30800 JavaThread "Process Messages Thread" [_thread_blocked, id=10276, stack(0x000000af3d200000,0x000000af3d700000)]
  0x000001d552c01800 JavaThread "Thread-1" [_thread_in_native, id=15824, stack(0x000000af34d00000,0x000000af36100000)]
  0x000001d576c05000 JavaThread "TimerQueue" daemon [_thread_blocked, id=7704, stack(0x000000af3c300000,0x000000af3c800000)]
  0x000001d552c8d800 JavaThread "AWT-Windows" daemon [_thread_in_native, id=2896, stack(0x000000af3be00000,0x000000af3c300000)]
  0x000001d552c8d000 JavaThread "AWT-Shutdown" [_thread_blocked, id=9452, stack(0x000000af3b900000,0x000000af3be00000)]
  0x000001d552adb800 JavaThread "Java2D Disposer" daemon [_thread_blocked, id=8872, stack(0x000000af3b400000,0x000000af3b900000)]
  0x000001d5523f5000 JavaThread "Service Thread" daemon [_thread_blocked, id=4212, stack(0x000000af3ae00000,0x000000af3b300000)]
  0x000001d55860a000 JavaThread "Common-Cleaner" daemon [_thread_blocked, id=8796, stack(0x000000af3a900000,0x000000af3ae00000)]
  0x000001d5585f0000 JavaThread "Sweeper thread" daemon [_thread_blocked, id=11524, stack(0x000000af3a400000,0x000000af3a900000)]
  0x000001d557c96000 JavaThread "C1 CompilerThread11" daemon [_thread_blocked, id=9540, stack(0x000000af3a300000,0x000000af3a400000)]
  0x000001d55447b000 JavaThread "C1 CompilerThread10" daemon [_thread_blocked, id=3064, stack(0x000000af3a200000,0x000000af3a300000)]
  0x000001d552040800 JavaThread "C1 CompilerThread9" daemon [_thread_blocked, id=3344, stack(0x000000af3a100000,0x000000af3a200000)]
  0x000001d55878d800 JavaThread "C1 CompilerThread8" daemon [_thread_blocked, id=10580, stack(0x000000af3a000000,0x000000af3a100000)]
  0x000001d558789000 JavaThread "C2 CompilerThread7" daemon [_thread_blocked, id=17972, stack(0x000000af39f00000,0x000000af3a000000)]
  0x000001d558788000 JavaThread "C2 CompilerThread6" daemon [_thread_blocked, id=14996, stack(0x000000af39e00000,0x000000af39f00000)]
  0x000001d5586ca000 JavaThread "C2 CompilerThread5" daemon [_thread_blocked, id=16768, stack(0x000000af39d00000,0x000000af39e00000)]
  0x000001d5586c8800 JavaThread "C2 CompilerThread4" daemon [_thread_blocked, id=16688, stack(0x000000af39c00000,0x000000af39d00000)]
  0x000001d5586c7800 JavaThread "C2 CompilerThread3" daemon [_thread_blocked, id=5264, stack(0x000000af39b00000,0x000000af39c00000)]
  0x000001d5586c6000 JavaThread "C2 CompilerThread2" daemon [_thread_blocked, id=1308, stack(0x000000af39a00000,0x000000af39b00000)]
  0x000001d5586c4800 JavaThread "C2 CompilerThread1" daemon [_thread_blocked, id=18864, stack(0x000000af39900000,0x000000af39a00000)]
  0x000001d5586bf000 JavaThread "C2 CompilerThread0" daemon [_thread_blocked, id=17312, stack(0x000000af39800000,0x000000af39900000)]
  0x000001d555207800 JavaThread "Attach Listener" daemon [_thread_blocked, id=9040, stack(0x000000af39300000,0x000000af39800000)]
  0x000001d5586a5000 JavaThread "Signal Dispatcher" daemon [_thread_blocked, id=632, stack(0x000000af38e00000,0x000000af39300000)]
  0x000001d5586a2000 JavaThread "Finalizer" daemon [_thread_blocked, id=12776, stack(0x000000af38900000,0x000000af38e00000)]
  0x000001d554dd5000 JavaThread "Reference Handler" daemon [_thread_blocked, id=2980, stack(0x000000af38400000,0x000000af38900000)]
  0x000001d5550bb000 JavaThread "main" [_thread_blocked, id=10752, stack(0x000000af34c00000,0x000000af34d00000)]

Other Threads:
  0x000001d551ffd000 VMThread "VM Thread" [stack: 0x000000af38300000,0x000000af38400000] [id=5284]
  0x000001d55226c800 WatcherThread [stack: 0x000000af3b300000,0x000000af3b400000] [id=8112]
  0x000001d55108f000 GCTaskThread "GC Thread#0" [stack: 0x000000af36400000,0x000000af36500000] [id=17716]
  0x000001d5586e7000 GCTaskThread "GC Thread#1" [stack: 0x000000af36500000,0x000000af36600000] [id=2888]
  0x000001d5586e7800 GCTaskThread "GC Thread#2" [stack: 0x000000af36600000,0x000000af36700000] [id=8120]
  0x000001d5586ec800 GCTaskThread "GC Thread#3" [stack: 0x000000af36700000,0x000000af36800000] [id=10424]
  0x000001d5586e8000 GCTaskThread "GC Thread#4" [stack: 0x000000af36800000,0x000000af36900000] [id=13100]
  0x000001d5586e9800 GCTaskThread "GC Thread#5" [stack: 0x000000af36900000,0x000000af36a00000] [id=9768]
  0x000001d5586ed000 GCTaskThread "GC Thread#6" [stack: 0x000000af36a00000,0x000000af36b00000] [id=11584]
  0x000001d5586e9000 GCTaskThread "GC Thread#7" [stack: 0x000000af36b00000,0x000000af36c00000] [id=18284]
  0x000001d5586ea000 GCTaskThread "GC Thread#8" [stack: 0x000000af36c00000,0x000000af36d00000] [id=6160]
  0x000001d5586ea800 GCTaskThread "GC Thread#9" [stack: 0x000000af36d00000,0x000000af36e00000] [id=8960]
  0x000001d5586eb800 GCTaskThread "GC Thread#10" [stack: 0x000000af36e00000,0x000000af36f00000] [id=18356]
  0x000001d5586ec000 GCTaskThread "GC Thread#11" [stack: 0x000000af36f00000,0x000000af37000000] [id=13028]
  0x000001d5586e6800 GCTaskThread "GC Thread#12" [stack: 0x000000af37000000,0x000000af37100000] [id=18596]
  0x000001d5584a4800 ConcurrentGCThread "G1 Main Marker" [stack: 0x000000af37f00000,0x000000af38000000] [id=12120]
  0x000001d557ca9800 ConcurrentGCThread "G1 Marker#0" [stack: 0x000000af38000000,0x000000af38100000] [id=3508]
  0x000001d557caa000 ConcurrentGCThread "G1 Marker#1" [stack: 0x000000af38100000,0x000000af38200000] [id=14576]
  0x000001d557cac000 ConcurrentGCThread "G1 Marker#2" [stack: 0x000000af38200000,0x000000af38300000] [id=17764]
  0x000001d54d5bf800 ConcurrentGCThread "G1 Refine#0" [stack: 0x000000af37d00000,0x000000af37e00000] [id=14832]
  0x000001d54d5bf000 ConcurrentGCThread "G1 Refine#1" [stack: 0x000000af37c00000,0x000000af37d00000] [id=13944]
  0x000001d54d5be800 ConcurrentGCThread "G1 Refine#2" [stack: 0x000000af37b00000,0x000000af37c00000] [id=3828]
  0x000001d558786800 ConcurrentGCThread "G1 Refine#3" [stack: 0x000000af37a00000,0x000000af37b00000] [id=18832]
  0x000001d558724800 ConcurrentGCThread "G1 Refine#4" [stack: 0x000000af37900000,0x000000af37a00000] [id=19324]
  0x000001d558724000 ConcurrentGCThread "G1 Refine#5" [stack: 0x000000af37800000,0x000000af37900000] [id=6972]
  0x000001d54d7b4800 ConcurrentGCThread "G1 Refine#6" [stack: 0x000000af37700000,0x000000af37800000] [id=13316]
  0x000001d557d90800 ConcurrentGCThread "G1 Refine#7" [stack: 0x000000af37600000,0x000000af37700000] [id=10244]
  0x000001d557d90000 ConcurrentGCThread "G1 Refine#8" [stack: 0x000000af37500000,0x000000af37600000] [id=1392]
  0x000001d550fcf800 ConcurrentGCThread "G1 Refine#9" [stack: 0x000000af37400000,0x000000af37500000] [id=16292]
  0x000001d550fce800 ConcurrentGCThread "G1 Refine#10" [stack: 0x000000af37300000,0x000000af37400000] [id=8264]
  0x000001d554ad2800 ConcurrentGCThread "G1 Refine#11" [stack: 0x000000af37200000,0x000000af37300000] [id=8636]
  0x000001d54d884800 ConcurrentGCThread "G1 Refine#12" [stack: 0x000000af37100000,0x000000af37200000] [id=6400]
  0x000001d5550d0800 ConcurrentGCThread "G1 Young RemSet Sampling" [stack: 0x000000af37e00000,0x000000af37f00000] [id=18940]

Threads with active compile tasks:

VM state:not at safepoint (normal execution)

VM Mutex/Monitor currently owned by a thread: None

Heap address: 0x0000000700000000, size: 3072 MB, Compressed Oops mode: Zero based, Oop shift amount: 3
Narrow klass base: 0x0000000000000000, Narrow klass shift: 3
Compressed class space size: 1073741824 Address: 0x00000007c0000000

Heap:
 garbage-first heap   total 319488K, used 178045K [0x0000000700000000, 0x00000007001009c0, 0x00000007c0000000)
  region size 1024K, 42 young (43008K), 4 survivors (4096K)
 Metaspace       used 98595K, capacity 103173K, committed 105088K, reserved 1138688K
  class space    used 13761K, capacity 14589K, committed 14976K, reserved 1048576K
Heap Regions: E=young(eden), S=young(survivor), O=old, HS=humongous(starts), HC=humongous(continues), CS=collection set, F=free, A=archive, TS=gc time stamp, AC=allocation context, TAMS=top-at-mark-start (previous, next)
|   0|0x0000000700000000, 0x00000007000e64d8, 0x0000000700100000| 89%| O|  |TS  0|AC  0|TAMS 0x0000000700000000, 0x0000000700000000|
|   1|0x0000000700100000, 0x00000007001fdce8, 0x0000000700200000| 99%| O|  |TS  0|AC  0|TAMS 0x0000000700100000, 0x0000000700100000|
|   2|0x0000000700200000, 0x00000007002f20a8, 0x0000000700300000| 94%| O|  |TS  0|AC  0|TAMS 0x0000000700200000, 0x0000000700200000|
|   3|0x0000000700300000, 0x00000007003fc460, 0x0000000700400000| 98%| O|  |TS  0|AC  0|TAMS 0x0000000700300000, 0x0000000700300000|
|   4|0x0000000700400000, 0x0000000700500000, 0x0000000700500000|100%|HS|  |TS  0|AC  0|TAMS 0x0000000700400000, 0x0000000700400000|
|   5|0x0000000700500000, 0x0000000700600000, 0x0000000700600000|100%|HC|  |TS  0|AC  0|TAMS 0x0000000700500000, 0x0000000700500000|
|   6|0x0000000700600000, 0x0000000700700000, 0x0000000700700000|100%|HS|  |TS  0|AC  0|TAMS 0x0000000700600000, 0x0000000700600000|
|   7|0x0000000700700000, 0x00000007007fcf90, 0x0000000700800000| 98%| O|  |TS  0|AC  0|TAMS 0x0000000700700000, 0x0000000700700000|
|   8|0x0000000700800000, 0x00000007008f4238, 0x0000000700900000| 95%| O|  |TS  0|AC  0|TAMS 0x0000000700800000, 0x0000000700800000|
|   9|0x0000000700900000, 0x00000007009e9740, 0x0000000700a00000| 91%| O|  |TS  0|AC  0|TAMS 0x0000000700900000, 0x0000000700900000|
|  10|0x0000000700a00000, 0x0000000700affff8, 0x0000000700b00000| 99%| O|  |TS  0|AC  0|TAMS 0x0000000700a00000, 0x0000000700a00000|
|  11|0x0000000700b00000, 0x0000000700bffff0, 0x0000000700c00000| 99%| O|  |TS  0|AC  0|TAMS 0x0000000700b00000, 0x0000000700b00000|
|  12|0x0000000700c00000, 0x0000000700cfcde0, 0x0000000700d00000| 98%| O|  |TS  0|AC  0|TAMS 0x0000000700c00000, 0x0000000700c00000|
|  13|0x0000000700d00000, 0x0000000700dffea0, 0x0000000700e00000| 99%| O|  |TS  0|AC  0|TAMS 0x0000000700d00000, 0x0000000700d00000|
|  14|0x0000000700e00000, 0x0000000700eff4b0, 0x0000000700f00000| 99%| O|  |TS  0|AC  0|TAMS 0x0000000700e00000, 0x0000000700e00000|
|  15|0x0000000700f00000, 0x0000000700fe2878, 0x0000000701000000| 88%| O|  |TS  0|AC  0|TAMS 0x0000000700f00000, 0x0000000700f00000|
|  16|0x0000000701000000, 0x00000007010ffff8, 0x0000000701100000| 99%| O|  |TS  0|AC  0|TAMS 0x0000000701000000, 0x0000000701000000|
|  17|0x0000000701100000, 0x00000007011fffe0, 0x0000000701200000| 99%| O|  |TS  0|AC  0|TAMS 0x0000000701100000, 0x0000000701100000|
|  18|0x0000000701200000, 0x00000007012ffff0, 0x0000000701300000| 99%| O|  |TS  0|AC  0|TAMS 0x0000000701200000, 0x0000000701200000|
|  19|0x0000000701300000, 0x00000007013fe160, 0x0000000701400000| 99%| O|  |TS  0|AC  0|TAMS 0x0000000701300000, 0x0000000701300000|
|  20|0x0000000701400000, 0x00000007014ffff0, 0x0000000701500000| 99%| O|  |TS  0|AC  0|TAMS 0x0000000701400000, 0x0000000701400000|
|  21|0x0000000701500000, 0x0000000701600000, 0x0000000701600000|100%|HS|  |TS  0|AC  0|TAMS 0x0000000701500000, 0x0000000701500000|
|  22|0x0000000701600000, 0x00000007016ffff8, 0x0000000701700000| 99%| O|  |TS  0|AC  0|TAMS 0x0000000701600000, 0x0000000701600000|
|  23|0x0000000701700000, 0x00000007017ffd90, 0x0000000701800000| 99%| O|  |TS  0|AC  0|TAMS 0x0000000701700000, 0x0000000701700000|
|  24|0x0000000701800000, 0x00000007018fffe0, 0x0000000701900000| 99%| O|  |TS  0|AC  0|TAMS 0x0000000701800000, 0x0000000701800000|
|  25|0x0000000701900000, 0x00000007019fffd8, 0x0000000701a00000| 99%| O|  |TS  0|AC  0|TAMS 0x0000000701900000, 0x0000000701900000|
|  26|0x0000000701a00000, 0x0000000701affc98, 0x0000000701b00000| 99%| O|  |TS  0|AC  0|TAMS 0x0000000701a00000, 0x0000000701a00000|
|  27|0x0000000701b00000, 0x0000000701bffff0, 0x0000000701c00000| 99%| O|  |TS  0|AC  0|TAMS 0x0000000701b00000, 0x0000000701b00000|
|  28|0x0000000701c00000, 0x0000000701cfffe8, 0x0000000701d00000| 99%| O|  |TS  0|AC  0|TAMS 0x0000000701c00000, 0x0000000701c00000|
|  29|0x0000000701d00000, 0x0000000701dfffc0, 0x0000000701e00000| 99%| O|  |TS  0|AC  0|TAMS 0x0000000701d00000, 0x0000000701d00000|
|  30|0x0000000701e00000, 0x0000000701effff0, 0x0000000701f00000| 99%| O|  |TS  0|AC  0|TAMS 0x0000000701e00000, 0x0000000701e00000|
|  31|0x0000000701f00000, 0x0000000701ffffd0, 0x0000000702000000| 99%| O|  |TS  0|AC  0|TAMS 0x0000000701f00000, 0x0000000701f00000|
|  32|0x0000000702000000, 0x00000007020ffff0, 0x0000000702100000| 99%| O|  |TS  0|AC  0|TAMS 0x0000000702000000, 0x0000000702000000|
|  33|0x0000000702100000, 0x0000000702200000, 0x0000000702200000|100%| O|  |TS  0|AC  0|TAMS 0x0000000702100000, 0x0000000702100000|
|  34|0x0000000702200000, 0x00000007022ffff0, 0x0000000702300000| 99%| O|  |TS  0|AC  0|TAMS 0x0000000702200000, 0x0000000702200000|
|  35|0x0000000702300000, 0x00000007023ffff8, 0x0000000702400000| 99%| O|  |TS  0|AC  0|TAMS 0x0000000702300000, 0x0000000702300000|
|  36|0x0000000702400000, 0x00000007024fffd8, 0x0000000702500000| 99%| O|  |TS  0|AC  0|TAMS 0x0000000702400000, 0x0000000702400000|
|  37|0x0000000702500000, 0x00000007025ffff8, 0x0000000702600000| 99%| O|  |TS  0|AC  0|TAMS 0x0000000702500000, 0x0000000702500000|
|  38|0x0000000702600000, 0x00000007026fffe8, 0x0000000702700000| 99%| O|  |TS  0|AC  0|TAMS 0x0000000702600000, 0x0000000702600000|
|  39|0x0000000702700000, 0x00000007027fff78, 0x0000000702800000| 99%| O|  |TS  0|AC  0|TAMS 0x0000000702700000, 0x0000000702700000|
|  40|0x0000000702800000, 0x00000007028ffff8, 0x0000000702900000| 99%| O|  |TS  0|AC  0|TAMS 0x0000000702800000, 0x0000000702800000|
|  41|0x0000000702900000, 0x00000007029f9c28, 0x0000000702a00000| 97%| O|  |TS  0|AC  0|TAMS 0x0000000702900000, 0x0000000702900000|
|  42|0x0000000702a00000, 0x0000000702af99c0, 0x0000000702b00000| 97%| O|  |TS  0|AC  0|TAMS 0x0000000702a00000, 0x0000000702a00000|
|  43|0x0000000702b00000, 0x0000000702c00000, 0x0000000702c00000|100%| O|  |TS  0|AC  0|TAMS 0x0000000702b00000, 0x0000000702b00000|
|  44|0x0000000702c00000, 0x0000000702cffff0, 0x0000000702d00000| 99%| O|  |TS  0|AC  0|TAMS 0x0000000702c00000, 0x0000000702c00000|
|  45|0x0000000702d00000, 0x0000000702dfff30, 0x0000000702e00000| 99%| O|  |TS  0|AC  0|TAMS 0x0000000702d00000, 0x0000000702d00000|
|  46|0x0000000702e00000, 0x0000000702f00000, 0x0000000702f00000|100%| O|  |TS  0|AC  0|TAMS 0x0000000702e00000, 0x0000000702e00000|
|  47|0x0000000702f00000, 0x0000000702ffffe8, 0x0000000703000000| 99%| O|  |TS  0|AC  0|TAMS 0x0000000702f00000, 0x0000000702f00000|
|  48|0x0000000703000000, 0x00000007030fcc80, 0x0000000703100000| 98%| O|  |TS  0|AC  0|TAMS 0x0000000703000000, 0x0000000703000000|
|  49|0x0000000703100000, 0x0000000703200000, 0x0000000703200000|100%|HS|  |TS  0|AC  0|TAMS 0x0000000703100000, 0x0000000703100000|
|  50|0x0000000703200000, 0x0000000703300000, 0x0000000703300000|100%|HC|  |TS  0|AC  0|TAMS 0x0000000703200000, 0x0000000703200000|
|  51|0x0000000703300000, 0x0000000703400000, 0x0000000703400000|100%|HC|  |TS  0|AC  0|TAMS 0x0000000703300000, 0x0000000703300000|
|  52|0x0000000703400000, 0x0000000703500000, 0x0000000703500000|100%|HC|  |TS  0|AC  0|TAMS 0x0000000703400000, 0x0000000703400000|
|  53|0x0000000703500000, 0x0000000703600000, 0x0000000703600000|100%|HC|  |TS  0|AC  0|TAMS 0x0000000703500000, 0x0000000703500000|
|  54|0x0000000703600000, 0x0000000703700000, 0x0000000703700000|100%|HC|  |TS  0|AC  0|TAMS 0x0000000703600000, 0x0000000703600000|
|  55|0x0000000703700000, 0x0000000703800000, 0x0000000703800000|100%|HC|  |TS  0|AC  0|TAMS 0x0000000703700000, 0x0000000703700000|
|  56|0x0000000703800000, 0x0000000703900000, 0x0000000703900000|100%|HC|  |TS  0|AC  0|TAMS 0x0000000703800000, 0x0000000703800000|
|  57|0x0000000703900000, 0x00000007039fff00, 0x0000000703a00000| 99%| O|  |TS  0|AC  0|TAMS 0x0000000703900000, 0x0000000703900000|
|  58|0x0000000703a00000, 0x0000000703af3020, 0x0000000703b00000| 94%| O|  |TS  0|AC  0|TAMS 0x0000000703a00000, 0x0000000703a00000|
|  59|0x0000000703b00000, 0x0000000703bfff78, 0x0000000703c00000| 99%| O|  |TS  0|AC  0|TAMS 0x0000000703b00000, 0x0000000703b00000|
|  60|0x0000000703c00000, 0x0000000703cfffb8, 0x0000000703d00000| 99%| O|  |TS  0|AC  0|TAMS 0x0000000703c00000, 0x0000000703c00000|
|  61|0x0000000703d00000, 0x0000000703dffff8, 0x0000000703e00000| 99%| O|  |TS  0|AC  0|TAMS 0x0000000703d00000, 0x0000000703d00000|
|  62|0x0000000703e00000, 0x0000000703f00000, 0x0000000703f00000|100%| O|  |TS  0|AC  0|TAMS 0x0000000703e00000, 0x0000000703e00000|
|  63|0x0000000703f00000, 0x0000000703ffffd8, 0x0000000704000000| 99%| O|  |TS  0|AC  0|TAMS 0x0000000703f00000, 0x0000000703f00000|
|  64|0x0000000704000000, 0x00000007040ffff8, 0x0000000704100000| 99%| O|  |TS  0|AC  0|TAMS 0x0000000704000000, 0x0000000704000000|
|  65|0x0000000704100000, 0x00000007041f7f28, 0x0000000704200000| 96%| O|  |TS  0|AC  0|TAMS 0x0000000704100000, 0x0000000704100000|
|  66|0x0000000704200000, 0x00000007042ffff8, 0x0000000704300000| 99%| O|  |TS  0|AC  0|TAMS 0x0000000704200000, 0x0000000704200000|
|  67|0x0000000704300000, 0x00000007043ffff8, 0x0000000704400000| 99%| O|  |TS  0|AC  0|TAMS 0x0000000704300000, 0x0000000704300000|
|  68|0x0000000704400000, 0x00000007044ffff8, 0x0000000704500000| 99%| O|  |TS  0|AC  0|TAMS 0x0000000704400000, 0x0000000704400000|
|  69|0x0000000704500000, 0x0000000704600000, 0x0000000704600000|100%| O|  |TS  0|AC  0|TAMS 0x0000000704500000, 0x0000000704500000|
|  70|0x0000000704600000, 0x00000007046fffd0, 0x0000000704700000| 99%| O|  |TS  0|AC  0|TAMS 0x0000000704600000, 0x0000000704600000|
|  71|0x0000000704700000, 0x0000000704800000, 0x0000000704800000|100%| O|  |TS  0|AC  0|TAMS 0x0000000704700000, 0x0000000704700000|
|  72|0x0000000704800000, 0x00000007048ffff0, 0x0000000704900000| 99%| O|  |TS  0|AC  0|TAMS 0x0000000704800000, 0x0000000704800000|
|  73|0x0000000704900000, 0x00000007049ffff8, 0x0000000704a00000| 99%| O|  |TS  0|AC  0|TAMS 0x0000000704900000, 0x0000000704900000|
|  74|0x0000000704a00000, 0x0000000704afffd0, 0x0000000704b00000| 99%| O|  |TS  0|AC  0|TAMS 0x0000000704a00000, 0x0000000704a00000|
|  75|0x0000000704b00000, 0x0000000704bfffd8, 0x0000000704c00000| 99%| O|  |TS  0|AC  0|TAMS 0x0000000704b00000, 0x0000000704b00000|
|  76|0x0000000704c00000, 0x0000000704cfffd8, 0x0000000704d00000| 99%| O|  |TS  0|AC  0|TAMS 0x0000000704c00000, 0x0000000704c00000|
|  77|0x0000000704d00000, 0x0000000704e00000, 0x0000000704e00000|100%| O|  |TS  0|AC  0|TAMS 0x0000000704d00000, 0x0000000704d00000|
|  78|0x0000000704e00000, 0x0000000704effef0, 0x0000000704f00000| 99%| O|  |TS  0|AC  0|TAMS 0x0000000704e00000, 0x0000000704e00000|
|  79|0x0000000704f00000, 0x0000000704fffff0, 0x0000000705000000| 99%| O|  |TS  0|AC  0|TAMS 0x0000000704f00000, 0x0000000704f00000|
|  80|0x0000000705000000, 0x00000007050fffe0, 0x0000000705100000| 99%| O|  |TS  0|AC  0|TAMS 0x0000000705000000, 0x0000000705000000|
|  81|0x0000000705100000, 0x00000007051ffff8, 0x0000000705200000| 99%| O|  |TS  0|AC  0|TAMS 0x0000000705100000, 0x0000000705100000|
|  82|0x0000000705200000, 0x00000007052ffed8, 0x0000000705300000| 99%| O|  |TS  0|AC  0|TAMS 0x0000000705200000, 0x0000000705200000|
|  83|0x0000000705300000, 0x0000000705400000, 0x0000000705400000|100%| O|  |TS  0|AC  0|TAMS 0x0000000705300000, 0x0000000705300000|
|  84|0x0000000705400000, 0x0000000705500000, 0x0000000705500000|100%| O|  |TS  0|AC  0|TAMS 0x0000000705400000, 0x0000000705400000|
|  85|0x0000000705500000, 0x00000007055daa28, 0x0000000705600000| 85%| O|  |TS  0|AC  0|TAMS 0x0000000705500000, 0x0000000705500000|
|  86|0x0000000705600000, 0x00000007056b1c30, 0x0000000705700000| 69%| O|  |TS  0|AC  0|TAMS 0x0000000705600000, 0x0000000705600000|
|  87|0x0000000705700000, 0x0000000705800000, 0x0000000705800000|100%| O|  |TS 25|AC  0|TAMS 0x0000000705700000, 0x0000000705700000|
|  88|0x0000000705800000, 0x0000000705900000, 0x0000000705900000|100%|HS|  |TS  0|AC  0|TAMS 0x0000000705800000, 0x0000000705800000|
|  89|0x0000000705900000, 0x0000000705a00000, 0x0000000705a00000|100%|HC|  |TS  0|AC  0|TAMS 0x0000000705900000, 0x0000000705900000|
|  90|0x0000000705a00000, 0x0000000705b00000, 0x0000000705b00000|100%| O|  |TS 43|AC  0|TAMS 0x0000000705a00000, 0x0000000705a00000|
|  91|0x0000000705b00000, 0x0000000705c00000, 0x0000000705c00000|100%| O|  |TS 51|AC  0|TAMS 0x0000000705b00000, 0x0000000705b00000|
|  92|0x0000000705c00000, 0x0000000705d00000, 0x0000000705d00000|100%| O|  |TS 53|AC  0|TAMS 0x0000000705c00000, 0x0000000705c00000|
|  93|0x0000000705d00000, 0x0000000705e00000, 0x0000000705e00000|100%| O|  |TS 51|AC  0|TAMS 0x0000000705d00000, 0x0000000705d00000|
|  94|0x0000000705e00000, 0x0000000705f00000, 0x0000000705f00000|100%| O|  |TS 51|AC  0|TAMS 0x0000000705e00000, 0x0000000705e00000|
|  95|0x0000000705f00000, 0x0000000706000000, 0x0000000706000000|100%| O|  |TS 51|AC  0|TAMS 0x0000000705f00000, 0x0000000705f00000|
|  96|0x0000000706000000, 0x0000000706100000, 0x0000000706100000|100%| O|  |TS 53|AC  0|TAMS 0x0000000706000000, 0x0000000706000000|
|  97|0x0000000706100000, 0x0000000706200000, 0x0000000706200000|100%| O|  |TS 53|AC  0|TAMS 0x0000000706100000, 0x0000000706100000|
|  98|0x0000000706200000, 0x0000000706300000, 0x0000000706300000|100%| O|  |TS 53|AC  0|TAMS 0x0000000706200000, 0x0000000706200000|
|  99|0x0000000706300000, 0x0000000706400000, 0x0000000706400000|100%| O|  |TS 53|AC  0|TAMS 0x0000000706300000, 0x0000000706300000|
| 100|0x0000000706400000, 0x0000000706500000, 0x0000000706500000|100%| O|  |TS 53|AC  0|TAMS 0x0000000706400000, 0x0000000706400000|
| 101|0x0000000706500000, 0x0000000706600000, 0x0000000706600000|100%| O|  |TS 53|AC  0|TAMS 0x0000000706500000, 0x0000000706500000|
| 102|0x0000000706600000, 0x0000000706700000, 0x0000000706700000|100%| O|  |TS 53|AC  0|TAMS 0x0000000706600000, 0x0000000706600000|
| 103|0x0000000706700000, 0x0000000706800000, 0x0000000706800000|100%| O|  |TS 55|AC  0|TAMS 0x0000000706700000, 0x0000000706700000|
| 104|0x0000000706800000, 0x0000000706800000, 0x0000000706900000|  0%| F|  |TS 57|AC  0|TAMS 0x0000000706800000, 0x0000000706800000|
| 105|0x0000000706900000, 0x0000000706a00000, 0x0000000706a00000|100%| O|  |TS 55|AC  0|TAMS 0x0000000706900000, 0x0000000706900000|
| 106|0x0000000706a00000, 0x0000000706b00000, 0x0000000706b00000|100%|HS|  |TS  0|AC  0|TAMS 0x0000000706a00000, 0x0000000706a00000|
| 107|0x0000000706b00000, 0x0000000706c00000, 0x0000000706c00000|100%|HC|  |TS  0|AC  0|TAMS 0x0000000706b00000, 0x0000000706b00000|
| 108|0x0000000706c00000, 0x0000000706d00000, 0x0000000706d00000|100%|HC|  |TS  0|AC  0|TAMS 0x0000000706c00000, 0x0000000706c00000|
| 109|0x0000000706d00000, 0x0000000706e00000, 0x0000000706e00000|100%|HC|  |TS  0|AC  0|TAMS 0x0000000706d00000, 0x0000000706d00000|
| 110|0x0000000706e00000, 0x0000000706f00000, 0x0000000706f00000|100%|HC|  |TS  0|AC  0|TAMS 0x0000000706e00000, 0x0000000706e00000|
| 111|0x0000000706f00000, 0x0000000707000000, 0x0000000707000000|100%|HC|  |TS  0|AC  0|TAMS 0x0000000706f00000, 0x0000000706f00000|
| 112|0x0000000707000000, 0x0000000707100000, 0x0000000707100000|100%|HC|  |TS  0|AC  0|TAMS 0x0000000707000000, 0x0000000707000000|
| 113|0x0000000707100000, 0x0000000707200000, 0x0000000707200000|100%|HC|  |TS  0|AC  0|TAMS 0x0000000707100000, 0x0000000707100000|
| 114|0x0000000707200000, 0x0000000707200000, 0x0000000707300000|  0%| F|  |TS 59|AC  0|TAMS 0x0000000707200000, 0x0000000707200000|
| 115|0x0000000707300000, 0x0000000707300000, 0x0000000707400000|  0%| F|  |TS 59|AC  0|TAMS 0x0000000707300000, 0x0000000707300000|
| 116|0x0000000707400000, 0x0000000707400000, 0x0000000707500000|  0%| F|  |TS 59|AC  0|TAMS 0x0000000707400000, 0x0000000707400000|
| 117|0x0000000707500000, 0x0000000707500000, 0x0000000707600000|  0%| F|  |TS 59|AC  0|TAMS 0x0000000707500000, 0x0000000707500000|
| 118|0x0000000707600000, 0x0000000707700000, 0x0000000707700000|100%| O|  |TS 55|AC  0|TAMS 0x0000000707600000, 0x0000000707600000|
| 119|0x0000000707700000, 0x0000000707800000, 0x0000000707800000|100%| O|  |TS 55|AC  0|TAMS 0x0000000707700000, 0x0000000707700000|
| 120|0x0000000707800000, 0x0000000707900000, 0x0000000707900000|100%| O|  |TS 55|AC  0|TAMS 0x0000000707800000, 0x0000000707800000|
| 121|0x0000000707900000, 0x0000000707a00000, 0x0000000707a00000|100%| O|  |TS 55|AC  0|TAMS 0x0000000707900000, 0x0000000707900000|
| 122|0x0000000707a00000, 0x0000000707b00000, 0x0000000707b00000|100%| O|  |TS 55|AC  0|TAMS 0x0000000707a00000, 0x0000000707a00000|
| 123|0x0000000707b00000, 0x0000000707b30200, 0x0000000707c00000| 18%| O|  |TS 71|AC  0|TAMS 0x0000000707b00000, 0x0000000707b00000|
| 124|0x0000000707c00000, 0x0000000707d00000, 0x0000000707d00000|100%|HS|  |TS  0|AC  0|TAMS 0x0000000707c00000, 0x0000000707c00000|
| 125|0x0000000707d00000, 0x0000000707e00000, 0x0000000707e00000|100%|HC|  |TS  0|AC  0|TAMS 0x0000000707d00000, 0x0000000707d00000|
| 126|0x0000000707e00000, 0x0000000707f00000, 0x0000000707f00000|100%|HC|  |TS  0|AC  0|TAMS 0x0000000707e00000, 0x0000000707e00000|
| 127|0x0000000707f00000, 0x0000000708000000, 0x0000000708000000|100%|HC|  |TS  0|AC  0|TAMS 0x0000000707f00000, 0x0000000707f00000|
| 128|0x0000000708000000, 0x0000000708100000, 0x0000000708100000|100%|HC|  |TS  0|AC  0|TAMS 0x0000000708000000, 0x0000000708000000|
| 129|0x0000000708100000, 0x0000000708200000, 0x0000000708200000|100%|HC|  |TS  0|AC  0|TAMS 0x0000000708100000, 0x0000000708100000|
| 130|0x0000000708200000, 0x0000000708300000, 0x0000000708300000|100%|HC|  |TS  0|AC  0|TAMS 0x0000000708200000, 0x0000000708200000|
| 131|0x0000000708300000, 0x0000000708400000, 0x0000000708400000|100%|HC|  |TS  0|AC  0|TAMS 0x0000000708300000, 0x0000000708300000|
| 132|0x0000000708400000, 0x0000000708500000, 0x0000000708500000|100%|HS|  |TS  0|AC  0|TAMS 0x0000000708400000, 0x0000000708400000|
| 133|0x0000000708500000, 0x0000000708600000, 0x0000000708600000|100%|HC|  |TS  0|AC  0|TAMS 0x0000000708500000, 0x0000000708500000|
| 134|0x0000000708600000, 0x0000000708700000, 0x0000000708700000|100%|HC|  |TS  0|AC  0|TAMS 0x0000000708600000, 0x0000000708600000|
| 135|0x0000000708700000, 0x0000000708800000, 0x0000000708800000|100%|HC|  |TS  0|AC  0|TAMS 0x0000000708700000, 0x0000000708700000|
| 136|0x0000000708800000, 0x0000000708900000, 0x0000000708900000|100%|HC|  |TS  0|AC  0|TAMS 0x0000000708800000, 0x0000000708800000|
| 137|0x0000000708900000, 0x0000000708a00000, 0x0000000708a00000|100%|HC|  |TS  0|AC  0|TAMS 0x0000000708900000, 0x0000000708900000|
| 138|0x0000000708a00000, 0x0000000708b00000, 0x0000000708b00000|100%|HC|  |TS  0|AC  0|TAMS 0x0000000708a00000, 0x0000000708a00000|
| 139|0x0000000708b00000, 0x0000000708c00000, 0x0000000708c00000|100%|HC|  |TS  0|AC  0|TAMS 0x0000000708b00000, 0x0000000708b00000|
| 140|0x0000000708c00000, 0x0000000708c00000, 0x0000000708d00000|  0%| F|  |TS  0|AC  0|TAMS 0x0000000708c00000, 0x0000000708c00000|
| 141|0x0000000708d00000, 0x0000000708d00000, 0x0000000708e00000|  0%| F|  |TS  0|AC  0|TAMS 0x0000000708d00000, 0x0000000708d00000|
| 142|0x0000000708e00000, 0x0000000708e00000, 0x0000000708f00000|  0%| F|  |TS  0|AC  0|TAMS 0x0000000708e00000, 0x0000000708e00000|
| 143|0x0000000708f00000, 0x0000000708f00000, 0x0000000709000000|  0%| F|  |TS  0|AC  0|TAMS 0x0000000708f00000, 0x0000000708f00000|
| 144|0x0000000709000000, 0x0000000709000000, 0x0000000709100000|  0%| F|  |TS  0|AC  0|TAMS 0x0000000709000000, 0x0000000709000000|
| 145|0x0000000709100000, 0x0000000709100000, 0x0000000709200000|  0%| F|  |TS  0|AC  0|TAMS 0x0000000709100000, 0x0000000709100000|
| 146|0x0000000709200000, 0x0000000709200000, 0x0000000709300000|  0%| F|  |TS  0|AC  0|TAMS 0x0000000709200000, 0x0000000709200000|
| 147|0x0000000709300000, 0x0000000709300000, 0x0000000709400000|  0%| F|  |TS  0|AC  0|TAMS 0x0000000709300000, 0x0000000709300000|
| 148|0x0000000709400000, 0x0000000709400000, 0x0000000709500000|  0%| F|  |TS  0|AC  0|TAMS 0x0000000709400000, 0x0000000709400000|
| 149|0x0000000709500000, 0x0000000709500000, 0x0000000709600000|  0%| F|  |TS  0|AC  0|TAMS 0x0000000709500000, 0x0000000709500000|
| 150|0x0000000709600000, 0x0000000709600000, 0x0000000709700000|  0%| F|  |TS  0|AC  0|TAMS 0x0000000709600000, 0x0000000709600000|
| 151|0x0000000709700000, 0x0000000709700000, 0x0000000709800000|  0%| F|  |TS  0|AC  0|TAMS 0x0000000709700000, 0x0000000709700000|
| 152|0x0000000709800000, 0x0000000709800000, 0x0000000709900000|  0%| F|  |TS  0|AC  0|TAMS 0x0000000709800000, 0x0000000709800000|
| 153|0x0000000709900000, 0x0000000709900000, 0x0000000709a00000|  0%| F|  |TS  0|AC  0|TAMS 0x0000000709900000, 0x0000000709900000|
| 154|0x0000000709a00000, 0x0000000709a00000, 0x0000000709b00000|  0%| F|  |TS  0|AC  0|TAMS 0x0000000709a00000, 0x0000000709a00000|
| 155|0x0000000709b00000, 0x0000000709b00000, 0x0000000709c00000|  0%| F|  |TS  0|AC  0|TAMS 0x0000000709b00000, 0x0000000709b00000|
| 156|0x0000000709c00000, 0x0000000709c00000, 0x0000000709d00000|  0%| F|  |TS  0|AC  0|TAMS 0x0000000709c00000, 0x0000000709c00000|
| 157|0x0000000709d00000, 0x0000000709d00000, 0x0000000709e00000|  0%| F|  |TS  0|AC  0|TAMS 0x0000000709d00000, 0x0000000709d00000|
| 158|0x0000000709e00000, 0x0000000709e00000, 0x0000000709f00000|  0%| F|  |TS  0|AC  0|TAMS 0x0000000709e00000, 0x0000000709e00000|
| 159|0x0000000709f00000, 0x0000000709f00000, 0x000000070a000000|  0%| F|  |TS  0|AC  0|TAMS 0x0000000709f00000, 0x0000000709f00000|
| 160|0x000000070a000000, 0x000000070a000000, 0x000000070a100000|  0%| F|  |TS  0|AC  0|TAMS 0x000000070a000000, 0x000000070a000000|
| 161|0x000000070a100000, 0x000000070a100000, 0x000000070a200000|  0%| F|  |TS  0|AC  0|TAMS 0x000000070a100000, 0x000000070a100000|
| 162|0x000000070a200000, 0x000000070a200000, 0x000000070a300000|  0%| F|  |TS  0|AC  0|TAMS 0x000000070a200000, 0x000000070a200000|
| 163|0x000000070a300000, 0x000000070a300000, 0x000000070a400000|  0%| F|  |TS  0|AC  0|TAMS 0x000000070a300000, 0x000000070a300000|
| 164|0x000000070a400000, 0x000000070a400000, 0x000000070a500000|  0%| F|  |TS  0|AC  0|TAMS 0x000000070a400000, 0x000000070a400000|
| 165|0x000000070a500000, 0x000000070a500000, 0x000000070a600000|  0%| F|  |TS  0|AC  0|TAMS 0x000000070a500000, 0x000000070a500000|
| 166|0x000000070a600000, 0x000000070a600000, 0x000000070a700000|  0%| F|  |TS  0|AC  0|TAMS 0x000000070a600000, 0x000000070a600000|
| 167|0x000000070a700000, 0x000000070a700000, 0x000000070a800000|  0%| F|  |TS  0|AC  0|TAMS 0x000000070a700000, 0x000000070a700000|
| 168|0x000000070a800000, 0x000000070a800000, 0x000000070a900000|  0%| F|  |TS  0|AC  0|TAMS 0x000000070a800000, 0x000000070a800000|
| 169|0x000000070a900000, 0x000000070a900000, 0x000000070aa00000|  0%| F|  |TS  0|AC  0|TAMS 0x000000070a900000, 0x000000070a900000|
| 170|0x000000070aa00000, 0x000000070aa00000, 0x000000070ab00000|  0%| F|  |TS  0|AC  0|TAMS 0x000000070aa00000, 0x000000070aa00000|
| 171|0x000000070ab00000, 0x000000070ab00000, 0x000000070ac00000|  0%| F|  |TS  0|AC  0|TAMS 0x000000070ab00000, 0x000000070ab00000|
| 172|0x000000070ac00000, 0x000000070ac00000, 0x000000070ad00000|  0%| F|  |TS  0|AC  0|TAMS 0x000000070ac00000, 0x000000070ac00000|
| 173|0x000000070ad00000, 0x000000070ad00000, 0x000000070ae00000|  0%| F|  |TS  0|AC  0|TAMS 0x000000070ad00000, 0x000000070ad00000|
| 174|0x000000070ae00000, 0x000000070ae00000, 0x000000070af00000|  0%| F|  |TS  0|AC  0|TAMS 0x000000070ae00000, 0x000000070ae00000|
| 175|0x000000070af00000, 0x000000070af00000, 0x000000070b000000|  0%| F|  |TS  0|AC  0|TAMS 0x000000070af00000, 0x000000070af00000|
| 176|0x000000070b000000, 0x000000070b000000, 0x000000070b100000|  0%| F|  |TS  0|AC  0|TAMS 0x000000070b000000, 0x000000070b000000|
| 177|0x000000070b100000, 0x000000070b100000, 0x000000070b200000|  0%| F|  |TS  0|AC  0|TAMS 0x000000070b100000, 0x000000070b100000|
| 178|0x000000070b200000, 0x000000070b200000, 0x000000070b300000|  0%| F|  |TS  0|AC  0|TAMS 0x000000070b200000, 0x000000070b200000|
| 179|0x000000070b300000, 0x000000070b300000, 0x000000070b400000|  0%| F|  |TS  0|AC  0|TAMS 0x000000070b300000, 0x000000070b300000|
| 180|0x000000070b400000, 0x000000070b400000, 0x000000070b500000|  0%| F|  |TS  0|AC  0|TAMS 0x000000070b400000, 0x000000070b400000|
| 181|0x000000070b500000, 0x000000070b500000, 0x000000070b600000|  0%| F|  |TS  0|AC  0|TAMS 0x000000070b500000, 0x000000070b500000|
| 182|0x000000070b600000, 0x000000070b600000, 0x000000070b700000|  0%| F|  |TS  0|AC  0|TAMS 0x000000070b600000, 0x000000070b600000|
| 183|0x000000070b700000, 0x000000070b700000, 0x000000070b800000|  0%| F|  |TS  0|AC  0|TAMS 0x000000070b700000, 0x000000070b700000|
| 184|0x000000070b800000, 0x000000070b800000, 0x000000070b900000|  0%| F|  |TS  0|AC  0|TAMS 0x000000070b800000, 0x000000070b800000|
| 185|0x000000070b900000, 0x000000070b900000, 0x000000070ba00000|  0%| F|  |TS  0|AC  0|TAMS 0x000000070b900000, 0x000000070b900000|
| 186|0x000000070ba00000, 0x000000070ba00000, 0x000000070bb00000|  0%| F|  |TS  0|AC  0|TAMS 0x000000070ba00000, 0x000000070ba00000|
| 187|0x000000070bb00000, 0x000000070bb00000, 0x000000070bc00000|  0%| F|  |TS  0|AC  0|TAMS 0x000000070bb00000, 0x000000070bb00000|
| 188|0x000000070bc00000, 0x000000070bc00000, 0x000000070bd00000|  0%| F|  |TS  0|AC  0|TAMS 0x000000070bc00000, 0x000000070bc00000|
| 189|0x000000070bd00000, 0x000000070bd00000, 0x000000070be00000|  0%| F|  |TS  0|AC  0|TAMS 0x000000070bd00000, 0x000000070bd00000|
| 190|0x000000070be00000, 0x000000070be00000, 0x000000070bf00000|  0%| F|  |TS  0|AC  0|TAMS 0x000000070be00000, 0x000000070be00000|
| 191|0x000000070bf00000, 0x000000070bf00000, 0x000000070c000000|  0%| F|  |TS  0|AC  0|TAMS 0x000000070bf00000, 0x000000070bf00000|
| 192|0x000000070c000000, 0x000000070c000000, 0x000000070c100000|  0%| F|  |TS  0|AC  0|TAMS 0x000000070c000000, 0x000000070c000000|
| 193|0x000000070c100000, 0x000000070c100000, 0x000000070c200000|  0%| F|  |TS  0|AC  0|TAMS 0x000000070c100000, 0x000000070c100000|
| 194|0x000000070c200000, 0x000000070c200000, 0x000000070c300000|  0%| F|  |TS  0|AC  0|TAMS 0x000000070c200000, 0x000000070c200000|
| 195|0x000000070c300000, 0x000000070c300000, 0x000000070c400000|  0%| F|  |TS  0|AC  0|TAMS 0x000000070c300000, 0x000000070c300000|
| 196|0x000000070c400000, 0x000000070c400000, 0x000000070c500000|  0%| F|  |TS  0|AC  0|TAMS 0x000000070c400000, 0x000000070c400000|
| 197|0x000000070c500000, 0x000000070c500000, 0x000000070c600000|  0%| F|  |TS  0|AC  0|TAMS 0x000000070c500000, 0x000000070c500000|
| 198|0x000000070c600000, 0x000000070c600000, 0x000000070c700000|  0%| F|  |TS  0|AC  0|TAMS 0x000000070c600000, 0x000000070c600000|
| 199|0x000000070c700000, 0x000000070c700000, 0x000000070c800000|  0%| F|  |TS  0|AC  0|TAMS 0x000000070c700000, 0x000000070c700000|
| 200|0x000000070c800000, 0x000000070c800000, 0x000000070c900000|  0%| F|  |TS  0|AC  0|TAMS 0x000000070c800000, 0x000000070c800000|
| 201|0x000000070c900000, 0x000000070c900000, 0x000000070ca00000|  0%| F|  |TS  0|AC  0|TAMS 0x000000070c900000, 0x000000070c900000|
| 202|0x000000070ca00000, 0x000000070ca00000, 0x000000070cb00000|  0%| F|  |TS  0|AC  0|TAMS 0x000000070ca00000, 0x000000070ca00000|
| 203|0x000000070cb00000, 0x000000070cb00000, 0x000000070cc00000|  0%| F|  |TS  0|AC  0|TAMS 0x000000070cb00000, 0x000000070cb00000|
| 204|0x000000070cc00000, 0x000000070cc00000, 0x000000070cd00000|  0%| F|  |TS  0|AC  0|TAMS 0x000000070cc00000, 0x000000070cc00000|
| 205|0x000000070cd00000, 0x000000070cd00000, 0x000000070ce00000|  0%| F|  |TS  0|AC  0|TAMS 0x000000070cd00000, 0x000000070cd00000|
| 206|0x000000070ce00000, 0x000000070ce00000, 0x000000070cf00000|  0%| F|  |TS  0|AC  0|TAMS 0x000000070ce00000, 0x000000070ce00000|
| 207|0x000000070cf00000, 0x000000070cf00000, 0x000000070d000000|  0%| F|  |TS  0|AC  0|TAMS 0x000000070cf00000, 0x000000070cf00000|
| 208|0x000000070d000000, 0x000000070d000000, 0x000000070d100000|  0%| F|  |TS  0|AC  0|TAMS 0x000000070d000000, 0x000000070d000000|
| 209|0x000000070d100000, 0x000000070d100000, 0x000000070d200000|  0%| F|  |TS  0|AC  0|TAMS 0x000000070d100000, 0x000000070d100000|
| 210|0x000000070d200000, 0x000000070d200000, 0x000000070d300000|  0%| F|  |TS  0|AC  0|TAMS 0x000000070d200000, 0x000000070d200000|
| 211|0x000000070d300000, 0x000000070d300000, 0x000000070d400000|  0%| F|  |TS  0|AC  0|TAMS 0x000000070d300000, 0x000000070d300000|
| 212|0x000000070d400000, 0x000000070d400000, 0x000000070d500000|  0%| F|  |TS  0|AC  0|TAMS 0x000000070d400000, 0x000000070d400000|
| 213|0x000000070d500000, 0x000000070d500000, 0x000000070d600000|  0%| F|  |TS  0|AC  0|TAMS 0x000000070d500000, 0x000000070d500000|
| 214|0x000000070d600000, 0x000000070d600000, 0x000000070d700000|  0%| F|  |TS  0|AC  0|TAMS 0x000000070d600000, 0x000000070d600000|
| 215|0x000000070d700000, 0x000000070d700000, 0x000000070d800000|  0%| F|  |TS  0|AC  0|TAMS 0x000000070d700000, 0x000000070d700000|
| 216|0x000000070d800000, 0x000000070d800000, 0x000000070d900000|  0%| F|  |TS  0|AC  0|TAMS 0x000000070d800000, 0x000000070d800000|
| 217|0x000000070d900000, 0x000000070d900000, 0x000000070da00000|  0%| F|  |TS  0|AC  0|TAMS 0x000000070d900000, 0x000000070d900000|
| 218|0x000000070da00000, 0x000000070da00000, 0x000000070db00000|  0%| F|  |TS  0|AC  0|TAMS 0x000000070da00000, 0x000000070da00000|
| 219|0x000000070db00000, 0x000000070db00000, 0x000000070dc00000|  0%| F|  |TS  0|AC  0|TAMS 0x000000070db00000, 0x000000070db00000|
| 220|0x000000070dc00000, 0x000000070dc00000, 0x000000070dd00000|  0%| F|  |TS  0|AC  0|TAMS 0x000000070dc00000, 0x000000070dc00000|
| 221|0x000000070dd00000, 0x000000070dd00000, 0x000000070de00000|  0%| F|  |TS  0|AC  0|TAMS 0x000000070dd00000, 0x000000070dd00000|
| 222|0x000000070de00000, 0x000000070de00000, 0x000000070df00000|  0%| F|  |TS  0|AC  0|TAMS 0x000000070de00000, 0x000000070de00000|
| 223|0x000000070df00000, 0x000000070df00000, 0x000000070e000000|  0%| F|  |TS  0|AC  0|TAMS 0x000000070df00000, 0x000000070df00000|
| 224|0x000000070e000000, 0x000000070e000000, 0x000000070e100000|  0%| F|  |TS  0|AC  0|TAMS 0x000000070e000000, 0x000000070e000000|
| 225|0x000000070e100000, 0x000000070e100000, 0x000000070e200000|  0%| F|  |TS  0|AC  0|TAMS 0x000000070e100000, 0x000000070e100000|
| 226|0x000000070e200000, 0x000000070e200000, 0x000000070e300000|  0%| F|  |TS  0|AC  0|TAMS 0x000000070e200000, 0x000000070e200000|
| 227|0x000000070e300000, 0x000000070e300000, 0x000000070e400000|  0%| F|  |TS  0|AC  0|TAMS 0x000000070e300000, 0x000000070e300000|
| 228|0x000000070e400000, 0x000000070e400000, 0x000000070e500000|  0%| F|  |TS  0|AC  0|TAMS 0x000000070e400000, 0x000000070e400000|
| 229|0x000000070e500000, 0x000000070e500000, 0x000000070e600000|  0%| F|  |TS  0|AC  0|TAMS 0x000000070e500000, 0x000000070e500000|
| 230|0x000000070e600000, 0x000000070e600000, 0x000000070e700000|  0%| F|  |TS  0|AC  0|TAMS 0x000000070e600000, 0x000000070e600000|
| 231|0x000000070e700000, 0x000000070e700000, 0x000000070e800000|  0%| F|  |TS  0|AC  0|TAMS 0x000000070e700000, 0x000000070e700000|
| 232|0x000000070e800000, 0x000000070e800000, 0x000000070e900000|  0%| F|  |TS  0|AC  0|TAMS 0x000000070e800000, 0x000000070e800000|
| 233|0x000000070e900000, 0x000000070e900000, 0x000000070ea00000|  0%| F|  |TS  0|AC  0|TAMS 0x000000070e900000, 0x000000070e900000|
| 234|0x000000070ea00000, 0x000000070ea00000, 0x000000070eb00000|  0%| F|  |TS  0|AC  0|TAMS 0x000000070ea00000, 0x000000070ea00000|
| 235|0x000000070eb00000, 0x000000070eb00000, 0x000000070ec00000|  0%| F|  |TS  0|AC  0|TAMS 0x000000070eb00000, 0x000000070eb00000|
| 236|0x000000070ec00000, 0x000000070ec00000, 0x000000070ed00000|  0%| F|  |TS  0|AC  0|TAMS 0x000000070ec00000, 0x000000070ec00000|
| 237|0x000000070ed00000, 0x000000070ed00000, 0x000000070ee00000|  0%| F|  |TS  0|AC  0|TAMS 0x000000070ed00000, 0x000000070ed00000|
| 238|0x000000070ee00000, 0x000000070ee00000, 0x000000070ef00000|  0%| F|  |TS  0|AC  0|TAMS 0x000000070ee00000, 0x000000070ee00000|
| 239|0x000000070ef00000, 0x000000070ef00000, 0x000000070f000000|  0%| F|  |TS  0|AC  0|TAMS 0x000000070ef00000, 0x000000070ef00000|
| 240|0x000000070f000000, 0x000000070f000000, 0x000000070f100000|  0%| F|  |TS  0|AC  0|TAMS 0x000000070f000000, 0x000000070f000000|
| 241|0x000000070f100000, 0x000000070f100000, 0x000000070f200000|  0%| F|  |TS  0|AC  0|TAMS 0x000000070f100000, 0x000000070f100000|
| 242|0x000000070f200000, 0x000000070f200000, 0x000000070f300000|  0%| F|  |TS  0|AC  0|TAMS 0x000000070f200000, 0x000000070f200000|
| 243|0x000000070f300000, 0x000000070f300000, 0x000000070f400000|  0%| F|  |TS  0|AC  0|TAMS 0x000000070f300000, 0x000000070f300000|
| 244|0x000000070f400000, 0x000000070f400000, 0x000000070f500000|  0%| F|  |TS 53|AC  0|TAMS 0x000000070f400000, 0x000000070f400000|
| 245|0x000000070f500000, 0x000000070f500000, 0x000000070f600000|  0%| F|  |TS 53|AC  0|TAMS 0x000000070f500000, 0x000000070f500000|
| 246|0x000000070f600000, 0x000000070f600000, 0x000000070f700000|  0%| F|  |TS 53|AC  0|TAMS 0x000000070f600000, 0x000000070f600000|
| 247|0x000000070f700000, 0x000000070f700000, 0x000000070f800000|  0%| F|  |TS 53|AC  0|TAMS 0x000000070f700000, 0x000000070f700000|
| 248|0x000000070f800000, 0x000000070f800000, 0x000000070f900000|  0%| F|  |TS 71|AC  0|TAMS 0x000000070f800000, 0x000000070f800000|
| 249|0x000000070f900000, 0x000000070f9bee18, 0x000000070fa00000| 74%| S|CS|TS 71|AC  0|TAMS 0x000000070f900000, 0x000000070f900000|
| 250|0x000000070fa00000, 0x000000070fb00000, 0x000000070fb00000|100%| S|CS|TS 71|AC  0|TAMS 0x000000070fa00000, 0x000000070fa00000|
| 251|0x000000070fb00000, 0x000000070fc00000, 0x000000070fc00000|100%| S|CS|TS 71|AC  0|TAMS 0x000000070fb00000, 0x000000070fb00000|
| 252|0x000000070fc00000, 0x000000070fc00000, 0x000000070fd00000|  0%| F|  |TS 71|AC  0|TAMS 0x000000070fc00000, 0x000000070fc00000|
| 253|0x000000070fd00000, 0x000000070fd00000, 0x000000070fe00000|  0%| F|  |TS 71|AC  0|TAMS 0x000000070fd00000, 0x000000070fd00000|
| 254|0x000000070fe00000, 0x000000070fe00000, 0x000000070ff00000|  0%| F|  |TS 71|AC  0|TAMS 0x000000070fe00000, 0x000000070fe00000|
| 255|0x000000070ff00000, 0x0000000710000000, 0x0000000710000000|100%| S|CS|TS 71|AC  0|TAMS 0x000000070ff00000, 0x000000070ff00000|
| 256|0x0000000710000000, 0x0000000710000000, 0x0000000710100000|  0%| F|  |TS 71|AC  0|TAMS 0x0000000710000000, 0x0000000710000000|
| 257|0x0000000710100000, 0x0000000710100000, 0x0000000710200000|  0%| F|  |TS 71|AC  0|TAMS 0x0000000710100000, 0x0000000710100000|
| 258|0x0000000710200000, 0x0000000710200000, 0x0000000710300000|  0%| F|  |TS 71|AC  0|TAMS 0x0000000710200000, 0x0000000710200000|
| 259|0x0000000710300000, 0x0000000710300000, 0x0000000710400000|  0%| F|  |TS 71|AC  0|TAMS 0x0000000710300000, 0x0000000710300000|
| 260|0x0000000710400000, 0x0000000710400000, 0x0000000710500000|  0%| F|  |TS 71|AC  0|TAMS 0x0000000710400000, 0x0000000710400000|
| 261|0x0000000710500000, 0x0000000710500000, 0x0000000710600000|  0%| F|  |TS 71|AC  0|TAMS 0x0000000710500000, 0x0000000710500000|
| 262|0x0000000710600000, 0x0000000710600000, 0x0000000710700000|  0%| F|  |TS 71|AC  0|TAMS 0x0000000710600000, 0x0000000710600000|
| 263|0x0000000710700000, 0x0000000710700000, 0x0000000710800000|  0%| F|  |TS 71|AC  0|TAMS 0x0000000710700000, 0x0000000710700000|
| 264|0x0000000710800000, 0x0000000710800000, 0x0000000710900000|  0%| F|  |TS 71|AC  0|TAMS 0x0000000710800000, 0x0000000710800000|
| 265|0x0000000710900000, 0x0000000710900000, 0x0000000710a00000|  0%| F|  |TS 71|AC  0|TAMS 0x0000000710900000, 0x0000000710900000|
| 266|0x0000000710a00000, 0x0000000710a00000, 0x0000000710b00000|  0%| F|  |TS 71|AC  0|TAMS 0x0000000710a00000, 0x0000000710a00000|
| 267|0x0000000710b00000, 0x0000000710b00000, 0x0000000710c00000|  0%| F|  |TS 71|AC  0|TAMS 0x0000000710b00000, 0x0000000710b00000|
| 268|0x0000000710c00000, 0x0000000710c00000, 0x0000000710d00000|  0%| F|  |TS 71|AC  0|TAMS 0x0000000710c00000, 0x0000000710c00000|
| 269|0x0000000710d00000, 0x0000000710d00000, 0x0000000710e00000|  0%| F|  |TS 71|AC  0|TAMS 0x0000000710d00000, 0x0000000710d00000|
| 270|0x0000000710e00000, 0x0000000710e00000, 0x0000000710f00000|  0%| F|  |TS 71|AC  0|TAMS 0x0000000710e00000, 0x0000000710e00000|
| 271|0x0000000710f00000, 0x0000000710f00000, 0x0000000711000000|  0%| F|  |TS 71|AC  0|TAMS 0x0000000710f00000, 0x0000000710f00000|
| 272|0x0000000711000000, 0x0000000711000000, 0x0000000711100000|  0%| F|  |TS 71|AC  0|TAMS 0x0000000711000000, 0x0000000711000000|
| 273|0x0000000711100000, 0x0000000711100000, 0x0000000711200000|  0%| F|  |TS 71|AC  0|TAMS 0x0000000711100000, 0x0000000711100000|
| 274|0x0000000711200000, 0x0000000711229730, 0x0000000711300000| 16%| E|  |TS 71|AC  0|TAMS 0x0000000711200000, 0x0000000711200000|
| 275|0x0000000711300000, 0x0000000711400000, 0x0000000711400000|100%| E|CS|TS 71|AC  0|TAMS 0x0000000711300000, 0x0000000711300000|
| 276|0x0000000711400000, 0x0000000711500000, 0x0000000711500000|100%| E|CS|TS 71|AC  0|TAMS 0x0000000711400000, 0x0000000711400000|
| 277|0x0000000711500000, 0x0000000711600000, 0x0000000711600000|100%| E|CS|TS 71|AC  0|TAMS 0x0000000711500000, 0x0000000711500000|
| 278|0x0000000711600000, 0x0000000711700000, 0x0000000711700000|100%| E|CS|TS 71|AC  0|TAMS 0x0000000711600000, 0x0000000711600000|
| 279|0x0000000711700000, 0x0000000711800000, 0x0000000711800000|100%| E|CS|TS 71|AC  0|TAMS 0x0000000711700000, 0x0000000711700000|
| 280|0x0000000711800000, 0x0000000711900000, 0x0000000711900000|100%| E|CS|TS 71|AC  0|TAMS 0x0000000711800000, 0x0000000711800000|
| 281|0x0000000711900000, 0x0000000711a00000, 0x0000000711a00000|100%| E|CS|TS 71|AC  0|TAMS 0x0000000711900000, 0x0000000711900000|
| 282|0x0000000711a00000, 0x0000000711b00000, 0x0000000711b00000|100%| E|CS|TS 71|AC  0|TAMS 0x0000000711a00000, 0x0000000711a00000|
| 283|0x0000000711b00000, 0x0000000711c00000, 0x0000000711c00000|100%| E|CS|TS 71|AC  0|TAMS 0x0000000711b00000, 0x0000000711b00000|
| 284|0x0000000711c00000, 0x0000000711d00000, 0x0000000711d00000|100%| E|CS|TS 71|AC  0|TAMS 0x0000000711c00000, 0x0000000711c00000|
| 285|0x0000000711d00000, 0x0000000711e00000, 0x0000000711e00000|100%| E|CS|TS 71|AC  0|TAMS 0x0000000711d00000, 0x0000000711d00000|
| 286|0x0000000711e00000, 0x0000000711f00000, 0x0000000711f00000|100%| E|CS|TS 71|AC  0|TAMS 0x0000000711e00000, 0x0000000711e00000|
| 287|0x0000000711f00000, 0x0000000712000000, 0x0000000712000000|100%| E|CS|TS 71|AC  0|TAMS 0x0000000711f00000, 0x0000000711f00000|
| 288|0x0000000712000000, 0x0000000712100000, 0x0000000712100000|100%| E|CS|TS 71|AC  0|TAMS 0x0000000712000000, 0x0000000712000000|
| 289|0x0000000712100000, 0x0000000712200000, 0x0000000712200000|100%| E|CS|TS 71|AC  0|TAMS 0x0000000712100000, 0x0000000712100000|
| 290|0x0000000712200000, 0x0000000712300000, 0x0000000712300000|100%| E|CS|TS 71|AC  0|TAMS 0x0000000712200000, 0x0000000712200000|
| 291|0x0000000712300000, 0x0000000712400000, 0x0000000712400000|100%| E|CS|TS 71|AC  0|TAMS 0x0000000712300000, 0x0000000712300000|
| 292|0x0000000712400000, 0x0000000712500000, 0x0000000712500000|100%| E|CS|TS 71|AC  0|TAMS 0x0000000712400000, 0x0000000712400000|
| 293|0x0000000712500000, 0x0000000712600000, 0x0000000712600000|100%| E|CS|TS 71|AC  0|TAMS 0x0000000712500000, 0x0000000712500000|
| 294|0x0000000712600000, 0x0000000712700000, 0x0000000712700000|100%| E|CS|TS 71|AC  0|TAMS 0x0000000712600000, 0x0000000712600000|
| 295|0x0000000712700000, 0x0000000712800000, 0x0000000712800000|100%| E|CS|TS 71|AC  0|TAMS 0x0000000712700000, 0x0000000712700000|
| 296|0x0000000712800000, 0x0000000712900000, 0x0000000712900000|100%| E|CS|TS 71|AC  0|TAMS 0x0000000712800000, 0x0000000712800000|
| 297|0x0000000712900000, 0x0000000712a00000, 0x0000000712a00000|100%| E|CS|TS 71|AC  0|TAMS 0x0000000712900000, 0x0000000712900000|
| 298|0x0000000712a00000, 0x0000000712b00000, 0x0000000712b00000|100%| E|CS|TS 71|AC  0|TAMS 0x0000000712a00000, 0x0000000712a00000|
| 299|0x0000000712b00000, 0x0000000712c00000, 0x0000000712c00000|100%| E|CS|TS 71|AC  0|TAMS 0x0000000712b00000, 0x0000000712b00000|
| 300|0x0000000712c00000, 0x0000000712d00000, 0x0000000712d00000|100%| E|CS|TS 71|AC  0|TAMS 0x0000000712c00000, 0x0000000712c00000|
| 301|0x0000000712d00000, 0x0000000712e00000, 0x0000000712e00000|100%| E|CS|TS 71|AC  0|TAMS 0x0000000712d00000, 0x0000000712d00000|
| 302|0x0000000712e00000, 0x0000000712f00000, 0x0000000712f00000|100%| E|CS|TS 71|AC  0|TAMS 0x0000000712e00000, 0x0000000712e00000|
| 303|0x0000000712f00000, 0x0000000713000000, 0x0000000713000000|100%| E|CS|TS 71|AC  0|TAMS 0x0000000712f00000, 0x0000000712f00000|
| 304|0x0000000713000000, 0x0000000713100000, 0x0000000713100000|100%| E|CS|TS 71|AC  0|TAMS 0x0000000713000000, 0x0000000713000000|
| 305|0x0000000713100000, 0x0000000713200000, 0x0000000713200000|100%| E|CS|TS 71|AC  0|TAMS 0x0000000713100000, 0x0000000713100000|
| 306|0x0000000713200000, 0x0000000713300000, 0x0000000713300000|100%| E|CS|TS 71|AC  0|TAMS 0x0000000713200000, 0x0000000713200000|
| 307|0x0000000713300000, 0x0000000713400000, 0x0000000713400000|100%| E|CS|TS 71|AC  0|TAMS 0x0000000713300000, 0x0000000713300000|
| 308|0x0000000713400000, 0x0000000713500000, 0x0000000713500000|100%| E|CS|TS 71|AC  0|TAMS 0x0000000713400000, 0x0000000713400000|
| 309|0x0000000713500000, 0x0000000713600000, 0x0000000713600000|100%| E|CS|TS 71|AC  0|TAMS 0x0000000713500000, 0x0000000713500000|
| 310|0x0000000713600000, 0x0000000713700000, 0x0000000713700000|100%| E|CS|TS 71|AC  0|TAMS 0x0000000713600000, 0x0000000713600000|
| 311|0x0000000713700000, 0x0000000713800000, 0x0000000713800000|100%| E|CS|TS 71|AC  0|TAMS 0x0000000713700000, 0x0000000713700000|

Card table byte_map: [0x000001d555210000,0x000001d555810000] byte_map_base: 0x000001d551a10000

Marking Bits (Prev, Next): (CMBitMap*) 0x000001d54d4b5a28, (CMBitMap*) 0x000001d54d4b59f0
 Prev Bits: [0x000001d5712d0000, 0x000001d5742d0000)
 Next Bits: [0x000001d56e2d0000, 0x000001d5712d0000)

Polling page: 0x000001d54b4e0000

CodeHeap 'non-profiled nmethods': size=119168Kb used=30778Kb max_used=30778Kb free=88389Kb
 bounds [0x000001d566e70000, 0x000001d568c90000, 0x000001d56e2d0000]
CodeHeap 'profiled nmethods': size=119168Kb used=56104Kb max_used=56408Kb free=63064Kb
 bounds [0x000001d55fa10000, 0x000001d5631b0000, 0x000001d566e70000]
CodeHeap 'non-nmethods': size=7424Kb used=3593Kb max_used=3673Kb free=3830Kb
 bounds [0x000001d55f2d0000, 0x000001d55f680000, 0x000001d55fa10000]
 total_blobs=45649 nmethods=23215 adapters=1292
 compilation: enabled

Compilation events (10 events):
Event: 9082.974 Thread 0x000001d558788000 30737       4       javax.swing.text.html.HTMLDocument$HTMLReader::addContent (9 bytes)
Event: 9082.974 Thread 0x000001d558788000 nmethod 30737 0x000001d5684f2190 code [0x000001d5684f2320, 0x000001d5684f23a8]
Event: 9082.993 Thread 0x000001d55447b000 30738       1       ui.frmwork.d.n::getValue (5 bytes)
Event: 9082.994 Thread 0x000001d55447b000 nmethod 30738 0x000001d568642510 code [0x000001d5686426c0, 0x000001d5686427d8]
Event: 9083.064 Thread 0x000001d557c96000 30739       3       java.net.URI::getPath (31 bytes)
Event: 9083.065 Thread 0x000001d557c96000 nmethod 30739 0x000001d5610c1690 code [0x000001d5610c1860, 0x000001d5610c1b50]
Event: 9083.100 Thread 0x000001d55878d800 30740       3       java.net.URI$Parser::parseHierarchical (180 bytes)
Event: 9083.103 Thread 0x000001d55878d800 nmethod 30740 0x000001d562ab3410 code [0x000001d562ab3820, 0x000001d562ab5670]
Event: 9083.105 Thread 0x000001d55447b000 30741       3       com.jidesoft.marker.MarkerArea::markerChanged (12 bytes)
Event: 9083.105 Thread 0x000001d55447b000 nmethod 30741 0x000001d56194dd90 code [0x000001d56194df80, 0x000001d56194e450]

GC Heap History (10 events):
Event: 9082.266 GC heap before
{Heap before GC invocations=1247 (full 82):
 garbage-first heap   total 319488K, used 197063K [0x0000000700000000, 0x00000007001009c0, 0x00000007c0000000)
  region size 1024K, 60 young (61440K), 3 survivors (3072K)
 Metaspace       used 98509K, capacity 103095K, committed 105088K, reserved 1138688K
  class space    used 13757K, capacity 14586K, committed 14976K, reserved 1048576K
}
Event: 9082.269 GC heap after
{Heap after GC invocations=1248 (full 82):
 garbage-first heap   total 319488K, used 138995K [0x0000000700000000, 0x00000007001009c0, 0x00000007c0000000)
  region size 1024K, 3 young (3072K), 3 survivors (3072K)
 Metaspace       used 98509K, capacity 103095K, committed 105088K, reserved 1138688K
  class space    used 13757K, capacity 14586K, committed 14976K, reserved 1048576K
}
Event: 9082.358 GC heap before
{Heap before GC invocations=1248 (full 82):
 garbage-first heap   total 319488K, used 197363K [0x0000000700000000, 0x00000007001009c0, 0x00000007c0000000)
  region size 1024K, 60 young (61440K), 3 survivors (3072K)
 Metaspace       used 98528K, capacity 103109K, committed 105088K, reserved 1138688K
  class space    used 13759K, capacity 14589K, committed 14976K, reserved 1048576K
}
Event: 9082.361 GC heap after
{Heap after GC invocations=1249 (full 82):
 garbage-first heap   total 319488K, used 138883K [0x0000000700000000, 0x00000007001009c0, 0x00000007c0000000)
  region size 1024K, 3 young (3072K), 3 survivors (3072K)
 Metaspace       used 98528K, capacity 103109K, committed 105088K, reserved 1138688K
  class space    used 13759K, capacity 14589K, committed 14976K, reserved 1048576K
}
Event: 9082.489 GC heap before
{Heap before GC invocations=1249 (full 82):
 garbage-first heap   total 319488K, used 197251K [0x0000000700000000, 0x00000007001009c0, 0x00000007c0000000)
  region size 1024K, 60 young (61440K), 3 survivors (3072K)
 Metaspace       used 98552K, capacity 103109K, committed 105088K, reserved 1138688K
  class space    used 13761K, capacity 14589K, committed 14976K, reserved 1048576K
}
Event: 9082.492 GC heap after
{Heap after GC invocations=1250 (full 82):
 garbage-first heap   total 319488K, used 138674K [0x0000000700000000, 0x00000007001009c0, 0x00000007c0000000)
  region size 1024K, 3 young (3072K), 3 survivors (3072K)
 Metaspace       used 98552K, capacity 103109K, committed 105088K, reserved 1138688K
  class space    used 13761K, capacity 14589K, committed 14976K, reserved 1048576K
}
Event: 9082.955 GC heap before
{Heap before GC invocations=1250 (full 82):
 garbage-first heap   total 319488K, used 197042K [0x0000000700000000, 0x00000007001009c0, 0x00000007c0000000)
  region size 1024K, 60 young (61440K), 3 survivors (3072K)
 Metaspace       used 98590K, capacity 103173K, committed 105088K, reserved 1138688K
  class space    used 13761K, capacity 14589K, committed 14976K, reserved 1048576K
}
Event: 9082.959 GC heap after
{Heap after GC invocations=1251 (full 82):
 garbage-first heap   total 319488K, used 140408K [0x0000000700000000, 0x00000007001009c0, 0x00000007c0000000)
  region size 1024K, 4 young (4096K), 4 survivors (4096K)
 Metaspace       used 98590K, capacity 103173K, committed 105088K, reserved 1138688K
  class space    used 13761K, capacity 14589K, committed 14976K, reserved 1048576K
}
Event: 9082.995 GC heap before
{Heap before GC invocations=1251 (full 82):
 garbage-first heap   total 319488K, used 197752K [0x0000000700000000, 0x00000007001009c0, 0x00000007c0000000)
  region size 1024K, 60 young (61440K), 4 survivors (4096K)
 Metaspace       used 98590K, capacity 103173K, committed 105088K, reserved 1138688K
  class space    used 13761K, capacity 14589K, committed 14976K, reserved 1048576K
}
Event: 9082.999 GC heap after
{Heap after GC invocations=1252 (full 82):
 garbage-first heap   total 319488K, used 140157K [0x0000000700000000, 0x00000007001009c0, 0x00000007c0000000)
  region size 1024K, 4 young (4096K), 4 survivors (4096K)
 Metaspace       used 98590K, capacity 103173K, committed 105088K, reserved 1138688K
  class space    used 13761K, capacity 14589K, committed 14976K, reserved 1048576K
}

Deoptimization events (10 events):
Event: 9055.435 Thread 0x000001d576b23000 Uncommon trap: reason=speculate_class_check action=maybe_recompile pc=0x000001d5687582ec method=javax.swing.table.DefaultTableCellRenderer.getTableCellRendererComponent(Ljavax/swing/JTable;Ljava/lang/Object;ZZII)Ljava/awt/Component; @ 114 c2
Event: 9055.604 Thread 0x000001d576b23000 Uncommon trap: reason=speculate_class_check action=maybe_recompile pc=0x000001d5687582ec method=javax.swing.table.DefaultTableCellRenderer.getTableCellRendererComponent(Ljavax/swing/JTable;Ljava/lang/Object;ZZII)Ljava/awt/Component; @ 114 c2
Event: 9062.572 Thread 0x000001d576b23000 Uncommon trap: reason=class_check action=maybe_recompile pc=0x000001d56813bafc method=com.jidesoft.converter.ObjectConverterManager.getConverter(Ljava/lang/Class;Lcom/jidesoft/converter/ConverterContext;)Lcom/jidesoft/converter/ObjectConverter; @ 37 c2
Event: 9082.480 Thread 0x000001d576b23000 Uncommon trap: reason=unstable_if action=reinterpret pc=0x000001d566f81080 method=com.sun.org.apache.xerces.internal.dom.NodeImpl.isOwned(Z)V @ 2 c2
Event: 9082.503 Thread 0x000001d576b23000 Uncommon trap: reason=unstable_if action=reinterpret pc=0x000001d568921b50 method=com.jidesoft.grid.TableModelWrapperImpl.tableChanged(Ljavax/swing/event/TableModelEvent;)V @ 173 c2
Event: 9082.503 Thread 0x000001d576b23000 Uncommon trap: reason=class_check action=maybe_recompile pc=0x000001d5689abdf4 method=javax.swing.JTable.getSelectedRows()[I @ 60 c2
Event: 9082.503 Thread 0x000001d576b23000 Uncommon trap: reason=range_check action=reinterpret pc=0x000001d5688e7ffc method=com.jidesoft.grid.DefaultTableModelWrapper.getActualRowAt(I)I @ 18 c2
Event: 9082.503 Thread 0x000001d576b23000 Uncommon trap: reason=null_check action=make_not_entrant pc=0x000001d5685138f8 method=com.jidesoft.grid.PropertyTableModel.getPropertyAt(I)Lcom/jidesoft/grid/Property; @ 5 c2
Event: 9082.504 Thread 0x000001d576b23000 Uncommon trap: reason=unstable_if action=reinterpret pc=0x000001d567e9867c method=javax.swing.JComponent.deregisterNextFocusableComponent()V @ 6 c2
Event: 9083.018 Thread 0x000001d576b23000 Uncommon trap: reason=unstable_if action=reinterpret pc=0x000001d567708b6c method=java.lang.ThreadGroup.add(Ljava/lang/Thread;)V @ 46 c2

Classes redefined (0 events):
No events

Internal exceptions (10 events):
Event: 9032.490 Thread 0x000001d576b23000 Implicit null exception at 0x000001d5689f4963 to 0x000001d5689f5125
Event: 9032.751 Thread 0x000001d576b23000 Implicit null exception at 0x000001d568409d50 to 0x000001d568409dd0
Event: 9033.357 Thread 0x000001d576b23000 Implicit null exception at 0x000001d567536bff to 0x000001d567537289
Event: 9040.479 Thread 0x000001d5778b9000 Exception <a 'java/lang/InterruptedException'{0x0000000712580b70}: sleep interrupted> (0x0000000712580b70) thrown at [t:/workspace/hotspot/src/share/vm/prims/jvm.cpp, line 2984]
Event: 9043.981 Thread 0x000001d576b23000 Exception <a 'java/lang/NoSuchMethodError'{0x000000071108b8c0}: java.lang.invoke.DirectMethodHandle$Holder.invokeSpecial(Ljava/lang/Object;Ljava/lang/Object;IILjava/lang/Object;Ljava/lang/Object;Ljava/lang/Object;I)Ljava/lang/Object;> (0x000000071108b8c0)
Event: 9043.981 Thread 0x000001d576b23000 Exception <a 'java/lang/NoSuchMethodError'{0x000000071108f170}: java.lang.invoke.DelegatingMethodHandle$Holder.reinvoke_L(Ljava/lang/Object;IILjava/lang/Object;Ljava/lang/Object;Ljava/lang/Object;I)Ljava/lang/Object;> (0x000000071108f170) thrown at [t:/wo
Event: 9043.982 Thread 0x000001d576b23000 Exception <a 'java/lang/NoSuchMethodError'{0x00000007110ddbb8}: java.lang.invoke.DirectMethodHandle$Holder.invokeStatic(Ljava/lang/Object;Ljava/lang/Object;Ljava/lang/Object;Ljava/lang/Object;Ljava/lang/Object;Ljava/lang/Object;Ljava/lang/Object;Ljava/lan
Event: 9043.983 Thread 0x000001d576b23000 Exception <a 'java/lang/NoSuchMethodError'{0x00000007110fe738}: java.lang.invoke.DirectMethodHandle$Holder.invokeStatic(Ljava/lang/Object;Ljava/lang/Object;Ljava/lang/Object;Ljava/lang/Object;Ljava/lang/Object;Ljava/lang/Object;Ljava/lang/Object;Ljava/lan
Event: 9043.983 Thread 0x000001d576b23000 Exception <a 'java/lang/NoSuchMethodError'{0x0000000710f0caa8}: java.lang.invoke.DirectMethodHandle$Holder.invokeSpecial(Ljava/lang/Object;Ljava/lang/Object;Ljava/lang/Object;Ljava/lang/Object;Ljava/lang/Object;I)Ljava/lang/Object;> (0x0000000710f0caa8) t
Event: 9082.343 Thread 0x000001d576b23000 Exception <a 'java/lang/NoSuchMethodError'{0x0000000710aae7a8}: java.lang.invoke.DirectMethodHandle$Holder.invokeStatic(Ljava/lang/Object;Ljava/lang/Object;Ljava/lang/Object;)V> (0x0000000710aae7a8) thrown at [t:/workspace/hotspot/src/share/vm/interpreter

Events (10 events):
Event: 9083.028 Thread 0x000001d5778b9000 Thread exited: 0x000001d5778b9000
Event: 9083.028 Thread 0x000001d5778b2800 Thread exited: 0x000001d5778b2800
Event: 9083.028 Executing VM operation: RevokeBias
Event: 9083.035 Executing VM operation: RevokeBias done
Event: 9083.049 Thread 0x000001d5778bb800 Thread exited: 0x000001d5778bb800
Event: 9083.081 Executing VM operation: RevokeBias
Event: 9083.081 Executing VM operation: RevokeBias done
Event: 9083.102 Executing VM operation: RevokeBias
Event: 9083.102 Executing VM operation: RevokeBias done
Event: 9083.114 Thread 0x000001d503d20800 Thread exited: 0x000001d503d20800


Dynamic libraries:
0x00007ff6f51f0000 - 0x00007ff6f5220000 	D:\ComputerScience\CodeApp\Vivado\2019.2\bin\unwrapped\win64.o\vivado.exe
0x00007fff0c490000 - 0x00007fff0c6a4000 	C:\WINDOWS\SYSTEM32\ntdll.dll
0x00007fff0ba80000 - 0x00007fff0bb42000 	C:\WINDOWS\System32\KERNEL32.DLL
0x00007fff09b50000 - 0x00007fff09eec000 	C:\WINDOWS\System32\KERNELBASE.dll
0x00007fff09a00000 - 0x00007fff09b11000 	C:\WINDOWS\System32\ucrtbase.dll
0x00007ffed5700000 - 0x00007ffed578e000 	C:\WINDOWS\SYSTEM32\MSVCP140.dll
0x00007ffefddf0000 - 0x00007ffefde04000 	D:\ComputerScience\CodeApp\Vivado\2019.2\lib\win64.o\libboost_signals.dll
0x00007ffef7090000 - 0x00007ffef70ab000 	C:\WINDOWS\SYSTEM32\VCRUNTIME140.dll
0x00007ffefddd0000 - 0x00007ffefdde6000 	D:\ComputerScience\CodeApp\Vivado\2019.2\lib\win64.o\librdi_commonmain.dll
0x00007ffee4cf0000 - 0x00007ffee4cfc000 	C:\WINDOWS\SYSTEM32\VCRUNTIME140_1.dll
0x00007ffefdda0000 - 0x00007ffefddc6000 	D:\ComputerScience\CodeApp\Vivado\2019.2\lib\win64.o\libboost_filesystem.dll
0x00007ffeadfe0000 - 0x00007ffeaef23000 	D:\ComputerScience\CodeApp\Vivado\2019.2\lib\win64.o\librdi_common.dll
0x00007ffefdd90000 - 0x00007ffefdd9a000 	D:\ComputerScience\CodeApp\Vivado\2019.2\lib\win64.o\librdi_commonversion.dll
0x00007fff0bc80000 - 0x00007fff0bd2e000 	C:\WINDOWS\System32\ADVAPI32.dll
0x00007fff0b7a0000 - 0x00007fff0b847000 	C:\WINDOWS\System32\msvcrt.dll
0x00007fff0b450000 - 0x00007fff0b5fb000 	C:\WINDOWS\System32\USER32.dll
0x00007fff0a440000 - 0x00007fff0a4e4000 	C:\WINDOWS\System32\sechost.dll
0x00007fff09b20000 - 0x00007fff09b46000 	C:\WINDOWS\System32\win32u.dll
0x00007fff0b680000 - 0x00007fff0b795000 	C:\WINDOWS\System32\RPCRT4.dll
0x00007fff0ba10000 - 0x00007fff0ba39000 	C:\WINDOWS\System32\GDI32.dll
0x00007fff098e0000 - 0x00007fff099f2000 	C:\WINDOWS\System32\gdi32full.dll
0x00007fff09ef0000 - 0x00007fff09f8a000 	C:\WINDOWS\System32\msvcp_win.dll
0x00007ffeb17a0000 - 0x00007ffeb1941000 	D:\ComputerScience\CodeApp\Vivado\2019.2\lib\win64.o\librdi_commonxillic.dll
0x00007fff0a740000 - 0x00007fff0af18000 	C:\WINDOWS\System32\SHELL32.dll
0x00007fff0b3d0000 - 0x00007fff0b441000 	C:\WINDOWS\System32\WS2_32.dll
0x0000000057cb0000 - 0x0000000057ddb000 	D:\ComputerScience\CodeApp\Vivado\2019.2\lib\win64.o\tcl85t.dll
0x00007ffefdd80000 - 0x00007ffefdd8b000 	D:\ComputerScience\CodeApp\Vivado\2019.2\lib\win64.o\libboost_system.dll
0x00007ffeb1430000 - 0x00007ffeb179e000 	D:\ComputerScience\CodeApp\Vivado\2019.2\lib\win64.o\libCOIN-all.dll
0x00007ffeed200000 - 0x00007ffeed27f000 	D:\ComputerScience\CodeApp\Vivado\2019.2\lib\win64.o\libboost_program_options.dll
0x00007ffef4510000 - 0x00007ffef4524000 	D:\ComputerScience\CodeApp\Vivado\2019.2\lib\win64.o\libboost_date_time.dll
0x00007ffed3de0000 - 0x00007ffed3ef4000 	D:\ComputerScience\CodeApp\Vivado\2019.2\lib\win64.o\libboost_regex.dll
0x00007ffeed1d0000 - 0x00007ffeed1f1000 	D:\ComputerScience\CodeApp\Vivado\2019.2\lib\win64.o\libboost_thread.dll
0x00007ffefdd70000 - 0x00007ffefdd7f000 	D:\ComputerScience\CodeApp\Vivado\2019.2\lib\win64.o\libboost_xilinx.dll
0x00007ffed90c0000 - 0x00007ffed9142000 	D:\ComputerScience\CodeApp\Vivado\2019.2\lib\win64.o\libhdlpsolve.dll
0x00007ffed3c30000 - 0x00007ffed3cd5000 	D:\ComputerScience\CodeApp\Vivado\2019.2\lib\win64.o\libhdxml.dll
0x00007ffeed1a0000 - 0x00007ffeed1ce000 	D:\ComputerScience\CodeApp\Vivado\2019.2\lib\win64.o\libisl_sysinfo.dll
0x00007ffed3bc0000 - 0x00007ffed3c25000 	D:\ComputerScience\CodeApp\Vivado\2019.2\lib\win64.o\liblmx6.0.dll
0x00007ffee7490000 - 0x00007ffee74aa000 	D:\ComputerScience\CodeApp\Vivado\2019.2\lib\win64.o\pthreadVC2.dll
0x00007ffee5610000 - 0x00007ffee562c000 	D:\ComputerScience\CodeApp\Vivado\2019.2\lib\win64.o\librdiconfig.dll
0x00007ffedfbb0000 - 0x00007ffedfbd1000 	D:\ComputerScience\CodeApp\Vivado\2019.2\lib\win64.o\librdizlib.dll
0x0000000012000000 - 0x0000000012270000 	D:\ComputerScience\CodeApp\Vivado\2019.2\lib\win64.o\xerces-c_3_1.dll
0x00007ffef2a80000 - 0x00007ffef2a99000 	C:\WINDOWS\SYSTEM32\NETAPI32.dll
0x00007ffef2070000 - 0x00007ffef2564000 	C:\WINDOWS\SYSTEM32\WININET.dll
0x00007fff023c0000 - 0x00007fff024ef000 	C:\WINDOWS\SYSTEM32\WINHTTP.dll
0x00007ffef7b80000 - 0x00007ffef7d6f000 	C:\WINDOWS\SYSTEM32\urlmon.dll
0x00007ffead3e0000 - 0x00007ffeadfdc200 	D:\ComputerScience\CodeApp\Vivado\2019.2\lib\win64.o\libisl_iostreams.dll
0x00007ffeb0560000 - 0x00007ffeb083b000 	D:\ComputerScience\CodeApp\Vivado\2019.2\lib\win64.o\libXil_lmgr11.dll
0x00007fff0a4f0000 - 0x00007fff0a5e5000 	C:\WINDOWS\System32\COMDLG32.dll
0x00007fff0af20000 - 0x00007fff0b2a9000 	C:\WINDOWS\System32\combase.dll
0x00007fff0bed0000 - 0x00007fff0bfc1000 	C:\WINDOWS\System32\shcore.dll
0x00007ffeeb030000 - 0x00007ffeeb039000 	C:\WINDOWS\SYSTEM32\WSOCK32.dll
0x00007fff0a3e0000 - 0x00007fff0a43e000 	C:\WINDOWS\System32\SHLWAPI.dll
0x00007ffed9080000 - 0x00007ffed90b1000 	C:\WINDOWS\SYSTEM32\VCOMP140.DLL
0x00007ffeac540000 - 0x00007ffead3d1000 	D:\ComputerScience\CodeApp\Vivado\2019.2\lib\win64.o\gurobi65.dll
0x00007fff0a600000 - 0x00007fff0a6d7000 	C:\WINDOWS\System32\OLEAUT32.dll
0x00007fff092b0000 - 0x00007fff092d8000 	C:\WINDOWS\SYSTEM32\bcrypt.dll
0x00007fff0bd30000 - 0x00007fff0becc000 	C:\WINDOWS\System32\ole32.dll
0x00007fff0a240000 - 0x00007fff0a2a9000 	C:\WINDOWS\System32\WINTRUST.dll
0x00007fff0a0d0000 - 0x00007fff0a236000 	C:\WINDOWS\System32\CRYPT32.dll
0x00007ffef4500000 - 0x00007ffef450d000 	D:\ComputerScience\CodeApp\Vivado\2019.2\lib\win64.o\libboost_chrono.dll
0x00007ffef2670000 - 0x00007ffef2920000 	C:\WINDOWS\SYSTEM32\iertutil.dll
0x00007ffef25a0000 - 0x00007ffef25c8000 	C:\WINDOWS\SYSTEM32\srvcli.dll
0x00007fff08450000 - 0x00007fff0845c000 	C:\WINDOWS\SYSTEM32\netutils.dll
0x00007ffedee50000 - 0x00007ffedee6b000 	D:\ComputerScience\CodeApp\Vivado\2019.2\lib\win64.o\libboost_iostreams.dll
0x00007ffedb1a0000 - 0x00007ffedb1c5000 	D:\ComputerScience\CodeApp\Vivado\2019.2\lib\win64.o\libisl_iosutils.dll
0x00007ffeed750000 - 0x00007ffeed803000 	C:\WINDOWS\WinSxS\amd64_microsoft.windows.common-controls_6595b64144ccf1df_5.82.22621.1_none_264444516c11df07\COMCTL32.dll
0x00007fff02360000 - 0x00007fff0237f000 	C:\WINDOWS\SYSTEM32\dhcpcsvc.DLL
0x00007fff0ba40000 - 0x00007fff0ba71000 	C:\WINDOWS\System32\IMM32.DLL
0x00007fff090e0000 - 0x00007fff090f2000 	C:\WINDOWS\SYSTEM32\MSASN1.dll
0x00007fff08a00000 - 0x00007fff08a18000 	C:\WINDOWS\SYSTEM32\kernel.appcore.dll
0x00007ffeac020000 - 0x00007ffeac537000 	D:\ComputerScience\CodeApp\Vivado\2019.2\lib\win64.o\librdi_commontasks.dll
0x00007fff02010000 - 0x00007fff0201a000 	C:\WINDOWS\SYSTEM32\VERSION.dll
0x00007ffeabd30000 - 0x00007ffeac013000 	D:\ComputerScience\CodeApp\Vivado\2019.2\lib\win64.o\librdi_sio.dll
0x0000000057280000 - 0x0000000057ca5000 	D:\ComputerScience\CodeApp\Vivado\2019.2\tps\win64\jre9.0.4\bin\server\jvm.dll
0x00007fff0a2b0000 - 0x00007fff0a2b8000 	C:\WINDOWS\System32\PSAPI.DLL
0x00007fff08460000 - 0x00007fff0848d000 	C:\WINDOWS\SYSTEM32\IPHLPAPI.DLL
0x00007ffefefb0000 - 0x00007ffefefe4000 	C:\WINDOWS\SYSTEM32\WINMM.dll
0x00007fff08e60000 - 0x00007fff08ec9000 	C:\WINDOWS\SYSTEM32\MSWSOCK.DLL
0x00007ffecd9c0000 - 0x00007ffecdaaf000 	C:\WINDOWS\SYSTEM32\MSVCR120.dll
0x00007fff078e0000 - 0x00007fff08198000 	C:\WINDOWS\SYSTEM32\windows.storage.dll
0x00007fff077a0000 - 0x00007fff078dd000 	C:\WINDOWS\SYSTEM32\wintypes.dll
0x00007ffea95e0000 - 0x00007ffeabd25000 	D:\ComputerScience\CodeApp\Vivado\2019.2\lib\win64.o\librdi_tcltasks.dll
0x00007ffea9120000 - 0x00007ffea95d4000 	D:\ComputerScience\CodeApp\Vivado\2019.2\lib\win64.o\librdi_bitstream.dll
0x00007ffeb0f10000 - 0x00007ffeb10ad000 	D:\ComputerScience\CodeApp\Vivado\2019.2\lib\win64.o\librdi_board.dll
0x00007ffecd2b0000 - 0x00007ffecd32b000 	D:\ComputerScience\CodeApp\Vivado\2019.2\lib\win64.o\librdi_boarddep.dll
0x00007ffea8fc0000 - 0x00007ffea9112000 	D:\ComputerScience\CodeApp\Vivado\2019.2\lib\win64.o\librdi_cd_client.dll
0x00007ffeb26d0000 - 0x00007ffeb27bf000 	D:\ComputerScience\CodeApp\Vivado\2019.2\lib\win64.o\librdi_chipscope.dll
0x00007ffea8e00000 - 0x00007ffea8fc0000 	D:\ComputerScience\CodeApp\Vivado\2019.2\lib\win64.o\librdi_chipscopeimpl.dll
0x00007ffea6ff0000 - 0x00007ffea7314000 	D:\ComputerScience\CodeApp\Vivado\2019.2\lib\win64.o\librdi_containers.dll
0x00007ffea4920000 - 0x00007ffea4ff9000 	D:\ComputerScience\CodeApp\Vivado\2019.2\lib\win64.o\librdi_coregenipxact.dll
0x00007ffea7320000 - 0x00007ffea8dfa000 	D:\ComputerScience\CodeApp\Vivado\2019.2\lib\win64.o\librdi_constraints.dll
0x00007ffea5000000 - 0x00007ffea6ff0000 	D:\ComputerScience\CodeApp\Vivado\2019.2\lib\win64.o\librdi_coregen.dll
0x00007ffe8b750000 - 0x00007ffe8ba9a000 	D:\ComputerScience\CodeApp\Vivado\2019.2\lib\win64.o\librdi_dlyest.dll
0x00007ffea0650000 - 0x00007ffea491b000 	D:\ComputerScience\CodeApp\Vivado\2019.2\lib\win64.o\librdi_designutils.dll
0x00007ffe8b0b0000 - 0x00007ffe8b174000 	D:\ComputerScience\CodeApp\Vivado\2019.2\lib\win64.o\librdi_dsp.dll
0x00007ffe8b180000 - 0x00007ffe8b74d000 	D:\ComputerScience\CodeApp\Vivado\2019.2\lib\win64.o\librdi_drc.dll
0x00007ffe8aa40000 - 0x00007ffe8b0ab000 	D:\ComputerScience\CodeApp\Vivado\2019.2\lib\win64.o\librdi_filemgmt.dll
0x00007ffe8a730000 - 0x00007ffe8aa40000 	D:\ComputerScience\CodeApp\Vivado\2019.2\lib\win64.o\librdi_guitools.dll
0x00007ffecf660000 - 0x00007ffecf6ca000 	D:\ComputerScience\CodeApp\Vivado\2019.2\lib\win64.o\librdi_hdf.dll
0x00007ffe8a510000 - 0x00007ffe8a730000 	D:\ComputerScience\CodeApp\Vivado\2019.2\lib\win64.o\librdi_hip_devdesign.dll
0x00007ffe8a3c0000 - 0x00007ffe8a508000 	D:\ComputerScience\CodeApp\Vivado\2019.2\lib\win64.o\librdi_hip_perf_analysis.dll
0x00007ffebe6e0000 - 0x00007ffebe754000 	D:\ComputerScience\CodeApp\Vivado\2019.2\lib\win64.o\librdi_memoryarray.dll
0x00007ffe88610000 - 0x00007ffe88c41000 	D:\ComputerScience\CodeApp\Vivado\2019.2\lib\win64.o\librdi_memdata.dll
0x00007ffe8baa0000 - 0x00007ffea064b000 	D:\ComputerScience\CodeApp\Vivado\2019.2\lib\win64.o\librdi_device.dll
0x00007ffe88c50000 - 0x00007ffe8a3bd000 	D:\ComputerScience\CodeApp\Vivado\2019.2\lib\win64.o\librdi_implflow.dll
0x00007ffe85150000 - 0x00007ffe85833000 	D:\ComputerScience\CodeApp\Vivado\2019.2\lib\win64.o\librdi_netlist.dll
0x00007ffed42b0000 - 0x00007ffed42fc000 	D:\ComputerScience\CodeApp\Vivado\2019.2\lib\win64.o\librdi_pfi.dll
0x00007ffe82560000 - 0x00007ffe8287b000 	D:\ComputerScience\CodeApp\Vivado\2019.2\lib\win64.o\librdi_platform.dll
0x00007ffe81d50000 - 0x00007ffe8255b000 	D:\ComputerScience\CodeApp\Vivado\2019.2\lib\win64.o\librdi_power.dll
0x00007ffe81790000 - 0x00007ffe81d4a000 	D:\ComputerScience\CodeApp\Vivado\2019.2\lib\win64.o\librdi_project.dll
0x00007ffe82880000 - 0x00007ffe85147000 	D:\ComputerScience\CodeApp\Vivado\2019.2\lib\win64.o\librdi_place.dll
0x00007ffe81050000 - 0x00007ffe81783000 	D:\ComputerScience\CodeApp\Vivado\2019.2\lib\win64.o\librdi_psta.dll
0x00007ffe80980000 - 0x00007ffe81041000 	D:\ComputerScience\CodeApp\Vivado\2019.2\lib\win64.o\librdi_rsb.dll
0x00007ffe85840000 - 0x00007ffe8860b000 	D:\ComputerScience\CodeApp\Vivado\2019.2\lib\win64.o\librdi_mig.dll
0x00007ffe80550000 - 0x00007ffe80973000 	D:\ComputerScience\CodeApp\Vivado\2019.2\lib\win64.o\librdi_runs.dll
0x00007ffe80440000 - 0x00007ffe80548000 	D:\ComputerScience\CodeApp\Vivado\2019.2\lib\win64.o\librdi_runsbase.dll
0x00007ffe801c0000 - 0x00007ffe80435000 	D:\ComputerScience\CodeApp\Vivado\2019.2\lib\win64.o\librdi_simdata.dll
0x00007ffe7f190000 - 0x00007ffe7f330000 	D:\ComputerScience\CodeApp\Vivado\2019.2\lib\win64.o\librdi_cd_protocol.dll
0x00007ffe7efe0000 - 0x00007ffe7f181000 	D:\ComputerScience\CodeApp\Vivado\2019.2\lib\win64.o\librdi_advchipscopeimpl.dll
0x00007ffe7f330000 - 0x00007ffe801bd000 	D:\ComputerScience\CodeApp\Vivado\2019.2\lib\win64.o\librdi_timing.dll
0x00007ffecd260000 - 0x00007ffecd2ac000 	D:\ComputerScience\CodeApp\Vivado\2019.2\lib\win64.o\libboost_serialization.dll
0x00007ffe7ef00000 - 0x00007ffe7efd7000 	D:\ComputerScience\CodeApp\Vivado\2019.2\lib\win64.o\librdi_ipconfig_readwrite.dll
0x00007ffecce20000 - 0x00007ffecce6a000 	D:\ComputerScience\CodeApp\Vivado\2019.2\lib\win64.o\librdi_noc_frameworks.dll
0x00007ffeb1390000 - 0x00007ffeb142e000 	D:\ComputerScience\CodeApp\Vivado\2019.2\lib\win64.o\libise.dll
0x00007ffe7e3b0000 - 0x00007ffe7eef7000 	D:\ComputerScience\CodeApp\Vivado\2019.2\lib\win64.o\libverific.dll
0x00007ffe7e1c0000 - 0x00007ffe7e3a4000 	D:\ComputerScience\CodeApp\Vivado\2019.2\lib\win64.o\librdi_hip_config.dll
0x00007ffe7dc70000 - 0x00007ffe7e1be000 	D:\ComputerScience\CodeApp\Vivado\2019.2\lib\win64.o\librdi_xdm.dll
0x00007ffecc210000 - 0x00007ffecc25a000 	D:\ComputerScience\CodeApp\Vivado\2019.2\lib\win64.o\librdi_wavedata_SimpleApi.dll

VM Arguments:
jvm_args: -Dsun.java2d.pmoffscreen=false -Dsun.java2d.xrender=false -Dsun.java2d.d3d=false -Dsun.awt.nopixfmt=true -Dsun.java2d.dpiaware=true -Dsun.java2d.uiScale.enabled=false -Xverify:none -Dswing.aatext=true -XX:-UsePerfData -Djdk.map.althashing.threshold=512 -XX:StringTableSize=4072 --add-opens=java.base/java.nio=ALL-UNNAMED --add-opens=java.desktop/sun.swing=ALL-UNNAMED --add-opens=java.desktop/javax.swing=ALL-UNNAMED --add-opens=java.desktop/javax.swing.tree=ALL-UNNAMED --add-opens=java.desktop/javax.swing.plaf.basic=ALL-UNNAMED --add-opens=java.desktop/javax.swing.plaf.synth=ALL-UNNAMED --add-opens=java.desktop/com.sun.awt=ALL-UNNAMED -XX:NewSize=60m -XX:MaxNewSize=60m -Xms128m -Xmx3072m -Xss5m 
java_command: <unknown>
java_class_path (initial): D:/ComputerScience/CodeApp/Vivado/2019.2\lib\classes\alloy.jar;D:/ComputerScience/CodeApp/Vivado/2019.2\lib\classes\autoesl-common.jar;D:/ComputerScience/CodeApp/Vivado/2019.2\lib\classes\autoesl-models.jar;D:/ComputerScience/CodeApp/Vivado/2019.2\lib\classes\autoesl-report.jar;D:/ComputerScience/CodeApp/Vivado/2019.2\lib\classes\autopilot.scelaborator.jar;D:/ComputerScience/CodeApp/Vivado/2019.2\lib\classes\autopilot.sourceprocessor.jar;D:/ComputerScience/CodeApp/Vivado/2019.2\lib\classes\autopilot.tbprocessor.jar;D:/ComputerScience/CodeApp/Vivado/2019.2\lib\classes\batik-anim.jar;D:/ComputerScience/CodeApp/Vivado/2019.2\lib\classes\batik-awt-util.jar;D:/ComputerScience/CodeApp/Vivado/2019.2\lib\classes\batik-bridge.jar;D:/ComputerScience/CodeApp/Vivado/2019.2\lib\classes\batik-codec.jar;D:/ComputerScience/CodeApp/Vivado/2019.2\lib\classes\batik-css.jar;D:/ComputerScience/CodeApp/Vivado/2019.2\lib\classes\batik-dom.jar;D:/ComputerScience/CodeApp/Vivado/2019.2\lib\classes\batik-ext.jar;D:/ComputerScience/CodeApp/Vivado/2019.2\lib\classes\batik-gui-util.jar;D:/ComputerScience/CodeApp/Vivado/2019.2\lib\classes\batik-gvt.jar;D:/ComputerScience/CodeApp/Vivado/2019.2\lib\classes\batik-parser.jar;D:/ComputerScience/CodeApp/Vivado/2019.2\lib\classes\batik-script.jar;D:/ComputerScience/CodeApp/Vivado/2019.2\lib\classes\batik-svg-dom.jar;D:/ComputerScience/CodeApp/Vivado/2019.2\lib\classes\batik-swing.jar;D:/ComputerScience/CodeApp/Vivado/2019.2\lib\classes\batik-transcoder.jar;D:/ComputerScience/CodeApp/Vivado/2019.2\lib\classes\batik-util.jar;D:/ComputerScience/CodeApp/Vivado/2019.2\lib\classes\batik-xml.jar;D:/ComputerScience/CodeApp/Vivado/2019.2\lib\classes\com.google.gson_2.7.0.v20170129-0911.jar;D:/ComputerScience/CodeApp/Vivado/2019.2\lib\classes\com.google.guava_21.0.0.v20170206-1425.jar;D:/ComputerScience/CodeApp/Vivado/2019.2\lib\classes\com.ibm.icu_4.4.2.v20110208.jar;D:/ComputerScience/CodeApp/Vivado/2019.2\lib\classes\com.sigasi.hdt
Launcher Type: generic

Logging:
Log output configuration:
#0: stdout all=warning uptime,level,tags
#1: stderr all=off uptime,level,tags

Environment Variables:
JAVA_HOME=D:\ComputerScience\CodeApp\Java
PATH=D:/ComputerScience/CodeApp/Vivado/2019.2\gnuwin\bin;D:/ComputerScience/CodeApp/Vivado/2019.2\gnu\microblaze\nt\bin;D:/ComputerScience/CodeApp/Vivado/2019.2/bin;D:/ComputerScience/CodeApp/Vivado/2019.2/lib/win64.o;D:/ComputerScience/CodeApp/Vivado/2019.2/tps/win64/jre9.0.4/bin/server;D:/ComputerScience/CodeApp/Vivado/2019.2/tps/win64/jre9.0.4/bin;D:/ComputerScience/CodeApp/Vivado/2019.2/ids_lite/ISE/bin/nt64;D:/ComputerScience/CodeApp/Vivado/2019.2/ids_lite/ISE/lib/nt64;D:\ComputerScience\CodeApp\ctags;D:\ComputerScience\CodeApp\Python;D:\ComputerScience\CodeApp\Anaconda3;D:\ComputerScience\CodeApp\Anaconda3\Library\mingw-w64\bin;D:\ComputerScience\CodeApp\Anaconda3\Library\usr\bin;D:\ComputerScience\CodeApp\Anaconda3\Library\bin;D:\ComputerScience\CodeApp\Anaconda3\Scripts;C:\Program Files\Common Files\Oracle\Java\javapath;C:\WINDOWS\system32;C:\WINDOWS;C:\WINDOWS\System32\Wbem;C:\WINDOWS\System32\WindowsPowerShell\v1.0\;C:\WINDOWS\System32\OpenSSH\;D:\pandoc\;%JAVA_HOME%\bin;D:\cailbre\;C:\Program Files\Wolfram Research\WolframScript\;D:\Matlab2021\runtime\win64;D:\Matlab2021\bin;D:\PuTTY\;D:\Git\cmd;D:\ComputerScience\CodeApp\CLion 2020.3.2\bin;C:\Users\Lenovo\AppData\Local\GitHubDesktop\bin;D:\Latex_file\texlive\2020\bin\win32;D:\VS code\Microsoft VS Code\bin;D:\ComputerScience\CodeApp\Pycharm\PyCharm 2021.2.1\bin;D:\ComputerScience\minGW\mingw64\bin;C:\Users\Lenovo\AppData\Local\Microsoft\WindowsApps;C:\Users\Lenovo\apps\gsudo;;%USERPROFILE%\AppData\Local\Microsoft\WindowsApps;D:/ComputerScience/CodeApp/Vivado/2019.2\tps\mingw\6.2.0\win64.o\nt\bin;D:/ComputerScience/CodeApp/Vivado/2019.2\tps\mingw\6.2.0\win64.o\nt\libexec\gcc\x86_64-w64-mingw32\6.2.0;D:/ComputerScience/CodeApp/Vivado/2019.2\tps\win64\python-2.7.5;D:/ComputerScience/CodeApp/Vivado/2019.2\tps\win64\python-2.7.5\bin;D:/ComputerScience/CodeApp/Vivado/2019.2\tps\win64\python-2.7.5\lib;D:/ComputerScience/CodeApp/Vivado/2019.2\tps\win64\python-2.7.5\Lib\lib-tk;D:/ComputerScience/CodeApp/Vivado/2019.2
USERNAME=Lenovo
OS=Windows_NT
PROCESSOR_IDENTIFIER=Intel64 Family 6 Model 165 Stepping 2, GenuineIntel



---------------  S Y S T E M  ---------------

OS: Windows 10 , 64 bit Build 22621 (10.0.22621.1)

CPU:total 16 (initial active 16) (8 cores per cpu, 2 threads per core) family 6 model 165 stepping 2, cmov, cx8, fxsr, mmx, sse, sse2, sse3, ssse3, sse4.1, sse4.2, popcnt, avx, avx2, aes, clmul, erms, 3dnowpref, lzcnt, ht, tsc, tscinvbit, bmi1, bmi2, adx, fma

Memory: 4k page, physical 16681776k(9450372k free), swap 22973232k(11598484k free)

vm_info: Java HotSpot(TM) 64-Bit Server VM (9.0.4+11) for windows-amd64 JRE (9.0.4+11), built on Dec 20 2017 02:18:54 by "mach5one" with MS VC++ 12.0 (VS2013)

END.
