#-----------------------------------------------------------
# Vivado v2019.2 (64-bit)
# SW Build 2708876 on Wed Nov  6 21:40:23 MST 2019
# IP Build 2700528 on Thu Nov  7 00:09:20 MST 2019
# Start of session at: Tue May 24 23:23:28 2022
# Process ID: 64568
# Current directory: D:/ComputerScience/cs_COD_Spring_2022/Lab5/lab5
# Command line: vivado.exe -gui_launcher_event rodinguilauncherevent77120 D:\ComputerScience\cs_COD_Spring_2022\Lab5\lab5\lab5.xpr
# Log file: D:/ComputerScience/cs_COD_Spring_2022/Lab5/lab5/vivado.log
# Journal file: D:/ComputerScience/cs_COD_Spring_2022/Lab5/lab5\vivado.jou
#-----------------------------------------------------------
start_gui
open_project D:/ComputerScience/cs_COD_Spring_2022/Lab5/lab5/lab5.xpr
Scanning sources...
Finished scanning sources
INFO: [IP_Flow 19-234] Refreshing IP repositories
INFO: [IP_Flow 19-1704] No user IP repositories specified
INFO: [IP_Flow 19-2313] Loaded Vivado IP repository 'D:/ComputerScience/CodeApp/Vivado/2019.2/data/ip'.
open_project: Time (s): cpu = 00:00:06 ; elapsed = 00:00:05 . Memory (MB): peak = 744.980 ; gain = 53.672
launch_runs impl_1 -to_step write_bitstream -jobs 16
INFO: [Vivado 12-4149] The synthesis checkpoint for IP 'D:/ComputerScience/cs_COD_Spring_2022/Lab5/lab5/lab5.srcs/sources_1/ip/Data_Mem/Data_Mem.xci' is already up-to-date
INFO: [Vivado 12-4149] The synthesis checkpoint for IP 'D:/ComputerScience/cs_COD_Spring_2022/Lab5/lab5/lab5.srcs/sources_1/ip/Instr_Mem/Instr_Mem.xci' is already up-to-date
[Tue May 24 23:24:17 2022] Launched synth_1...
Run output will be captured here: D:/ComputerScience/cs_COD_Spring_2022/Lab5/lab5/lab5.runs/synth_1/runme.log
[Tue May 24 23:24:17 2022] Launched impl_1...
Run output will be captured here: D:/ComputerScience/cs_COD_Spring_2022/Lab5/lab5/lab5.runs/impl_1/runme.log
reset_run synth_1
