Copyright 1986-2019 Xilinx, Inc. All Rights Reserved.
------------------------------------------------------------------------------------
| Tool Version : Vivado v.2019.2 (win64) Build 2708876 Wed Nov  6 21:40:23 MST 2019
| Date         : Wed Mar 23 18:29:28 2022
| Host         : Sky running 64-bit major release  (build 9200)
| Command      : report_control_sets -verbose -file fls_control_sets_placed.rpt
| Design       : fls
| Device       : xc7a100t
------------------------------------------------------------------------------------

Control Set Information

Table of Contents
-----------------
1. Summary
2. Histogram
3. Flip-Flop Distribution
4. Detailed Control Set Information

1. Summary
----------

+----------------------------------------------------------+-------+
|                          Status                          | Count |
+----------------------------------------------------------+-------+
| Total control sets                                       |     8 |
|    Minimum number of control sets                        |     8 |
|    Addition due to synthesis replication                 |     0 |
|    Addition due to physical synthesis replication        |     0 |
| Unused register locations in slices containing registers |    19 |
+----------------------------------------------------------+-------+
* Control sets can be merged at opt_design using control_set_merge or merge_equivalent_drivers
** Run report_qor_suggestions for automated merging and remapping suggestions


2. Histogram
------------

+--------------------+-------+
|       Fanout       | Count |
+--------------------+-------+
| Total control sets |     8 |
| >= 0 to < 4        |     3 |
| >= 4 to < 6        |     0 |
| >= 6 to < 8        |     0 |
| >= 8 to < 10       |     0 |
| >= 10 to < 12      |     0 |
| >= 12 to < 14      |     0 |
| >= 14 to < 16      |     0 |
| >= 16              |     5 |
+--------------------+-------+
* Control sets can be remapped at either synth_design or opt_design


3. Flip-Flop Distribution
-------------------------

+--------------+-----------------------+------------------------+-----------------+--------------+
| Clock Enable | Synchronous Set/Reset | Asynchronous Set/Reset | Total Registers | Total Slices |
+--------------+-----------------------+------------------------+-----------------+--------------+
| No           | No                    | No                     |               4 |            2 |
| No           | No                    | Yes                    |               0 |            0 |
| No           | Yes                   | No                     |              49 |           15 |
| Yes          | No                    | No                     |               0 |            0 |
| Yes          | No                    | Yes                    |               0 |            0 |
| Yes          | Yes                   | No                     |              48 |           10 |
+--------------+-----------------------+------------------------+-----------------+--------------+


4. Detailed Control Set Information
-----------------------------------

+------------------------+---------------+-----------------------+------------------+----------------+
|      Clock Signal      | Enable Signal |    Set/Reset Signal   | Slice Load Count | Bel Load Count |
+------------------------+---------------+-----------------------+------------------+----------------+
|  lock_reg/G0           |               |                       |                1 |              1 |
|  nextState__0          |               | nextf_reg[15]_i_3_n_0 |                1 |              2 |
|  clk_IBUF_BUFG         |               |                       |                1 |              3 |
|  clk_IBUF_BUFG         | f0            | curState              |                3 |             16 |
|  clk_IBUF_BUFG         | f1            | curState              |                4 |             16 |
|  clk_IBUF_BUFG         | f[15]_i_1_n_0 | curState              |                3 |             16 |
|  nextf_reg[15]_i_2_n_0 |               | nextf_reg[15]_i_3_n_0 |                6 |             16 |
|  clk_IBUF_BUFG         |               | cnt[31]_i_1_n_0       |                8 |             31 |
+------------------------+---------------+-----------------------+------------------+----------------+


