Vivado Simulator 2019.2
Time resolution is 1 ps
WARNING: This core is supplied with a behavioral model. To model cycle-accurate behavior you must run timing simulation.
WARNING: This core is supplied with a behavioral model. To model cycle-accurate behavior you must run timing simulation.
WARNING: Too many words specified in data file data_mem.mif
WARNING in test_for_sort.cpu.data_mem.inst at time                33000 ns: 
Reading from out-of-range address. Max address in test_for_sort.cpu.data_mem.inst is         255
WARNING in test_for_sort.cpu.data_mem.inst at time                55000 ns: 
Reading from out-of-range address. Max address in test_for_sort.cpu.data_mem.inst is         255
WARNING in test_for_sort.cpu.data_mem.inst at time                77000 ns: 
Reading from out-of-range address. Max address in test_for_sort.cpu.data_mem.inst is         255
WARNING in test_for_sort.cpu.data_mem.inst at time                99000 ns: 
Reading from out-of-range address. Max address in test_for_sort.cpu.data_mem.inst is         255
WARNING in test_for_sort.cpu.data_mem.inst at time               121000 ns: 
Reading from out-of-range address. Max address in test_for_sort.cpu.data_mem.inst is         255
WARNING in test_for_sort.cpu.data_mem.inst at time               143000 ns: 
Reading from out-of-range address. Max address in test_for_sort.cpu.data_mem.inst is         255
WARNING in test_for_sort.cpu.data_mem.inst at time               165000 ns: 
Reading from out-of-range address. Max address in test_for_sort.cpu.data_mem.inst is         255
WARNING in test_for_sort.cpu.data_mem.inst at time               187000 ns: 
Reading from out-of-range address. Max address in test_for_sort.cpu.data_mem.inst is         255
WARNING in test_for_sort.cpu.data_mem.inst at time               209000 ns: 
Reading from out-of-range address. Max address in test_for_sort.cpu.data_mem.inst is         255
WARNING in test_for_sort.cpu.data_mem.inst at time               231000 ns: 
Reading from out-of-range address. Max address in test_for_sort.cpu.data_mem.inst is         255
WARNING in test_for_sort.cpu.data_mem.inst at time               253000 ns: 
Reading from out-of-range address. Max address in test_for_sort.cpu.data_mem.inst is         255
WARNING in test_for_sort.cpu.data_mem.inst at time               275000 ns: 
Reading from out-of-range address. Max address in test_for_sort.cpu.data_mem.inst is         255
WARNING in test_for_sort.cpu.data_mem.inst at time               297000 ns: 
Reading from out-of-range address. Max address in test_for_sort.cpu.data_mem.inst is         255
WARNING in test_for_sort.cpu.data_mem.inst at time               319000 ns: 
Reading from out-of-range address. Max address in test_for_sort.cpu.data_mem.inst is         255
WARNING in test_for_sort.cpu.data_mem.inst at time               341000 ns: 
Reading from out-of-range address. Max address in test_for_sort.cpu.data_mem.inst is         255
WARNING in test_for_sort.cpu.data_mem.inst at time               347000 ns: 
Reading from out-of-range address. Max address in test_for_sort.cpu.data_mem.inst is         255
WARNING in test_for_sort.cpu.data_mem.inst at time               375000 ns: 
Reading from out-of-range address. Max address in test_for_sort.cpu.data_mem.inst is         255
WARNING in test_for_sort.cpu.data_mem.inst at time               397000 ns: 
Reading from out-of-range address. Max address in test_for_sort.cpu.data_mem.inst is         255
WARNING in test_for_sort.cpu.data_mem.inst at time               419000 ns: 
Reading from out-of-range address. Max address in test_for_sort.cpu.data_mem.inst is         255
WARNING in test_for_sort.cpu.data_mem.inst at time               441000 ns: 
Reading from out-of-range address. Max address in test_for_sort.cpu.data_mem.inst is         255
WARNING in test_for_sort.cpu.data_mem.inst at time               463000 ns: 
Reading from out-of-range address. Max address in test_for_sort.cpu.data_mem.inst is         255
WARNING in test_for_sort.cpu.data_mem.inst at time               485000 ns: 
Reading from out-of-range address. Max address in test_for_sort.cpu.data_mem.inst is         255
WARNING in test_for_sort.cpu.data_mem.inst at time               507000 ns: 
Reading from out-of-range address. Max address in test_for_sort.cpu.data_mem.inst is         255
WARNING in test_for_sort.cpu.data_mem.inst at time               529000 ns: 
Reading from out-of-range address. Max address in test_for_sort.cpu.data_mem.inst is         255
WARNING in test_for_sort.cpu.data_mem.inst at time               551000 ns: 
Reading from out-of-range address. Max address in test_for_sort.cpu.data_mem.inst is         255
WARNING in test_for_sort.cpu.data_mem.inst at time               573000 ns: 
Reading from out-of-range address. Max address in test_for_sort.cpu.data_mem.inst is         255
WARNING in test_for_sort.cpu.data_mem.inst at time               595000 ns: 
Reading from out-of-range address. Max address in test_for_sort.cpu.data_mem.inst is         255
WARNING in test_for_sort.cpu.data_mem.inst at time               617000 ns: 
Reading from out-of-range address. Max address in test_for_sort.cpu.data_mem.inst is         255
WARNING in test_for_sort.cpu.data_mem.inst at time               639000 ns: 
Reading from out-of-range address. Max address in test_for_sort.cpu.data_mem.inst is         255
WARNING in test_for_sort.cpu.data_mem.inst at time               661000 ns: 
Reading from out-of-range address. Max address in test_for_sort.cpu.data_mem.inst is         255
WARNING in test_for_sort.cpu.data_mem.inst at time               667000 ns: 
Reading from out-of-range address. Max address in test_for_sort.cpu.data_mem.inst is         255
WARNING in test_for_sort.cpu.data_mem.inst at time               695000 ns: 
Reading from out-of-range address. Max address in test_for_sort.cpu.data_mem.inst is         255
WARNING in test_for_sort.cpu.data_mem.inst at time               717000 ns: 
Reading from out-of-range address. Max address in test_for_sort.cpu.data_mem.inst is         255
WARNING in test_for_sort.cpu.data_mem.inst at time               739000 ns: 
Reading from out-of-range address. Max address in test_for_sort.cpu.data_mem.inst is         255
WARNING in test_for_sort.cpu.data_mem.inst at time               761000 ns: 
Reading from out-of-range address. Max address in test_for_sort.cpu.data_mem.inst is         255
WARNING in test_for_sort.cpu.data_mem.inst at time               783000 ns: 
Reading from out-of-range address. Max address in test_for_sort.cpu.data_mem.inst is         255
WARNING in test_for_sort.cpu.data_mem.inst at time               805000 ns: 
Reading from out-of-range address. Max address in test_for_sort.cpu.data_mem.inst is         255
WARNING in test_for_sort.cpu.data_mem.inst at time               827000 ns: 
Reading from out-of-range address. Max address in test_for_sort.cpu.data_mem.inst is         255
WARNING in test_for_sort.cpu.data_mem.inst at time               849000 ns: 
Reading from out-of-range address. Max address in test_for_sort.cpu.data_mem.inst is         255
WARNING in test_for_sort.cpu.data_mem.inst at time               871000 ns: 
Reading from out-of-range address. Max address in test_for_sort.cpu.data_mem.inst is         255
WARNING in test_for_sort.cpu.data_mem.inst at time               893000 ns: 
Reading from out-of-range address. Max address in test_for_sort.cpu.data_mem.inst is         255
WARNING in test_for_sort.cpu.data_mem.inst at time               915000 ns: 
Reading from out-of-range address. Max address in test_for_sort.cpu.data_mem.inst is         255
WARNING in test_for_sort.cpu.data_mem.inst at time               937000 ns: 
Reading from out-of-range address. Max address in test_for_sort.cpu.data_mem.inst is         255
WARNING in test_for_sort.cpu.data_mem.inst at time               959000 ns: 
Reading from out-of-range address. Max address in test_for_sort.cpu.data_mem.inst is         255
WARNING in test_for_sort.cpu.data_mem.inst at time               965000 ns: 
Reading from out-of-range address. Max address in test_for_sort.cpu.data_mem.inst is         255
WARNING in test_for_sort.cpu.data_mem.inst at time               993000 ns: 
Reading from out-of-range address. Max address in test_for_sort.cpu.data_mem.inst is         255
WARNING in test_for_sort.cpu.data_mem.inst at time              1015000 ns: 
Reading from out-of-range address. Max address in test_for_sort.cpu.data_mem.inst is         255
WARNING in test_for_sort.cpu.data_mem.inst at time              1037000 ns: 
Reading from out-of-range address. Max address in test_for_sort.cpu.data_mem.inst is         255
WARNING in test_for_sort.cpu.data_mem.inst at time              1059000 ns: 
Reading from out-of-range address. Max address in test_for_sort.cpu.data_mem.inst is         255
WARNING in test_for_sort.cpu.data_mem.inst at time              1081000 ns: 
Reading from out-of-range address. Max address in test_for_sort.cpu.data_mem.inst is         255
WARNING in test_for_sort.cpu.data_mem.inst at time              1103000 ns: 
Reading from out-of-range address. Max address in test_for_sort.cpu.data_mem.inst is         255
WARNING in test_for_sort.cpu.data_mem.inst at time              1125000 ns: 
Reading from out-of-range address. Max address in test_for_sort.cpu.data_mem.inst is         255
WARNING in test_for_sort.cpu.data_mem.inst at time              1147000 ns: 
Reading from out-of-range address. Max address in test_for_sort.cpu.data_mem.inst is         255
WARNING in test_for_sort.cpu.data_mem.inst at time              1169000 ns: 
Reading from out-of-range address. Max address in test_for_sort.cpu.data_mem.inst is         255
WARNING in test_for_sort.cpu.data_mem.inst at time              1191000 ns: 
Reading from out-of-range address. Max address in test_for_sort.cpu.data_mem.inst is         255
WARNING in test_for_sort.cpu.data_mem.inst at time              1213000 ns: 
Reading from out-of-range address. Max address in test_for_sort.cpu.data_mem.inst is         255
WARNING in test_for_sort.cpu.data_mem.inst at time              1235000 ns: 
Reading from out-of-range address. Max address in test_for_sort.cpu.data_mem.inst is         255
WARNING in test_for_sort.cpu.data_mem.inst at time              1241000 ns: 
Reading from out-of-range address. Max address in test_for_sort.cpu.data_mem.inst is         255
WARNING in test_for_sort.cpu.data_mem.inst at time              1269000 ns: 
Reading from out-of-range address. Max address in test_for_sort.cpu.data_mem.inst is         255
WARNING in test_for_sort.cpu.data_mem.inst at time              1291000 ns: 
Reading from out-of-range address. Max address in test_for_sort.cpu.data_mem.inst is         255
WARNING in test_for_sort.cpu.data_mem.inst at time              1313000 ns: 
Reading from out-of-range address. Max address in test_for_sort.cpu.data_mem.inst is         255
WARNING in test_for_sort.cpu.data_mem.inst at time              1335000 ns: 
Reading from out-of-range address. Max address in test_for_sort.cpu.data_mem.inst is         255
WARNING in test_for_sort.cpu.data_mem.inst at time              1357000 ns: 
Reading from out-of-range address. Max address in test_for_sort.cpu.data_mem.inst is         255
WARNING in test_for_sort.cpu.data_mem.inst at time              1379000 ns: 
Reading from out-of-range address. Max address in test_for_sort.cpu.data_mem.inst is         255
WARNING in test_for_sort.cpu.data_mem.inst at time              1401000 ns: 
Reading from out-of-range address. Max address in test_for_sort.cpu.data_mem.inst is         255
WARNING in test_for_sort.cpu.data_mem.inst at time              1423000 ns: 
Reading from out-of-range address. Max address in test_for_sort.cpu.data_mem.inst is         255
WARNING in test_for_sort.cpu.data_mem.inst at time              1445000 ns: 
Reading from out-of-range address. Max address in test_for_sort.cpu.data_mem.inst is         255
WARNING in test_for_sort.cpu.data_mem.inst at time              1467000 ns: 
Reading from out-of-range address. Max address in test_for_sort.cpu.data_mem.inst is         255
WARNING in test_for_sort.cpu.data_mem.inst at time              1489000 ns: 
Reading from out-of-range address. Max address in test_for_sort.cpu.data_mem.inst is         255
WARNING in test_for_sort.cpu.data_mem.inst at time              1495000 ns: 
Reading from out-of-range address. Max address in test_for_sort.cpu.data_mem.inst is         255
WARNING in test_for_sort.cpu.data_mem.inst at time              1523000 ns: 
Reading from out-of-range address. Max address in test_for_sort.cpu.data_mem.inst is         255
WARNING in test_for_sort.cpu.data_mem.inst at time              1545000 ns: 
Reading from out-of-range address. Max address in test_for_sort.cpu.data_mem.inst is         255
WARNING in test_for_sort.cpu.data_mem.inst at time              1567000 ns: 
Reading from out-of-range address. Max address in test_for_sort.cpu.data_mem.inst is         255
WARNING in test_for_sort.cpu.data_mem.inst at time              1589000 ns: 
Reading from out-of-range address. Max address in test_for_sort.cpu.data_mem.inst is         255
WARNING in test_for_sort.cpu.data_mem.inst at time              1611000 ns: 
Reading from out-of-range address. Max address in test_for_sort.cpu.data_mem.inst is         255
WARNING in test_for_sort.cpu.data_mem.inst at time              1633000 ns: 
Reading from out-of-range address. Max address in test_for_sort.cpu.data_mem.inst is         255
WARNING in test_for_sort.cpu.data_mem.inst at time              1655000 ns: 
Reading from out-of-range address. Max address in test_for_sort.cpu.data_mem.inst is         255
WARNING in test_for_sort.cpu.data_mem.inst at time              1677000 ns: 
Reading from out-of-range address. Max address in test_for_sort.cpu.data_mem.inst is         255
WARNING in test_for_sort.cpu.data_mem.inst at time              1699000 ns: 
Reading from out-of-range address. Max address in test_for_sort.cpu.data_mem.inst is         255
WARNING in test_for_sort.cpu.data_mem.inst at time              1721000 ns: 
Reading from out-of-range address. Max address in test_for_sort.cpu.data_mem.inst is         255
WARNING in test_for_sort.cpu.data_mem.inst at time              1727000 ns: 
Reading from out-of-range address. Max address in test_for_sort.cpu.data_mem.inst is         255
WARNING in test_for_sort.cpu.data_mem.inst at time              1755000 ns: 
Reading from out-of-range address. Max address in test_for_sort.cpu.data_mem.inst is         255
WARNING in test_for_sort.cpu.data_mem.inst at time              1777000 ns: 
Reading from out-of-range address. Max address in test_for_sort.cpu.data_mem.inst is         255
WARNING in test_for_sort.cpu.data_mem.inst at time              1799000 ns: 
Reading from out-of-range address. Max address in test_for_sort.cpu.data_mem.inst is         255
WARNING in test_for_sort.cpu.data_mem.inst at time              1821000 ns: 
Reading from out-of-range address. Max address in test_for_sort.cpu.data_mem.inst is         255
WARNING in test_for_sort.cpu.data_mem.inst at time              1843000 ns: 
Reading from out-of-range address. Max address in test_for_sort.cpu.data_mem.inst is         255
WARNING in test_for_sort.cpu.data_mem.inst at time              1865000 ns: 
Reading from out-of-range address. Max address in test_for_sort.cpu.data_mem.inst is         255
WARNING in test_for_sort.cpu.data_mem.inst at time              1887000 ns: 
Reading from out-of-range address. Max address in test_for_sort.cpu.data_mem.inst is         255
WARNING in test_for_sort.cpu.data_mem.inst at time              1909000 ns: 
Reading from out-of-range address. Max address in test_for_sort.cpu.data_mem.inst is         255
WARNING in test_for_sort.cpu.data_mem.inst at time              1931000 ns: 
Reading from out-of-range address. Max address in test_for_sort.cpu.data_mem.inst is         255
WARNING in test_for_sort.cpu.data_mem.inst at time              1937000 ns: 
Reading from out-of-range address. Max address in test_for_sort.cpu.data_mem.inst is         255
WARNING in test_for_sort.cpu.data_mem.inst at time              1965000 ns: 
Reading from out-of-range address. Max address in test_for_sort.cpu.data_mem.inst is         255
WARNING in test_for_sort.cpu.data_mem.inst at time              1987000 ns: 
Reading from out-of-range address. Max address in test_for_sort.cpu.data_mem.inst is         255
WARNING in test_for_sort.cpu.data_mem.inst at time              2009000 ns: 
Reading from out-of-range address. Max address in test_for_sort.cpu.data_mem.inst is         255
WARNING in test_for_sort.cpu.data_mem.inst at time              2031000 ns: 
Reading from out-of-range address. Max address in test_for_sort.cpu.data_mem.inst is         255
WARNING in test_for_sort.cpu.data_mem.inst at time              2053000 ns: 
Reading from out-of-range address. Max address in test_for_sort.cpu.data_mem.inst is         255
WARNING in test_for_sort.cpu.data_mem.inst at time              2075000 ns: 
Reading from out-of-range address. Max address in test_for_sort.cpu.data_mem.inst is         255
WARNING in test_for_sort.cpu.data_mem.inst at time              2097000 ns: 
Reading from out-of-range address. Max address in test_for_sort.cpu.data_mem.inst is         255
WARNING in test_for_sort.cpu.data_mem.inst at time              2119000 ns: 
Reading from out-of-range address. Max address in test_for_sort.cpu.data_mem.inst is         255
WARNING in test_for_sort.cpu.data_mem.inst at time              2125000 ns: 
Reading from out-of-range address. Max address in test_for_sort.cpu.data_mem.inst is         255
WARNING in test_for_sort.cpu.data_mem.inst at time              2153000 ns: 
Reading from out-of-range address. Max address in test_for_sort.cpu.data_mem.inst is         255
WARNING in test_for_sort.cpu.data_mem.inst at time              2175000 ns: 
Reading from out-of-range address. Max address in test_for_sort.cpu.data_mem.inst is         255
WARNING in test_for_sort.cpu.data_mem.inst at time              2197000 ns: 
Reading from out-of-range address. Max address in test_for_sort.cpu.data_mem.inst is         255
WARNING in test_for_sort.cpu.data_mem.inst at time              2219000 ns: 
Reading from out-of-range address. Max address in test_for_sort.cpu.data_mem.inst is         255
WARNING in test_for_sort.cpu.data_mem.inst at time              2241000 ns: 
Reading from out-of-range address. Max address in test_for_sort.cpu.data_mem.inst is         255
WARNING in test_for_sort.cpu.data_mem.inst at time              2263000 ns: 
Reading from out-of-range address. Max address in test_for_sort.cpu.data_mem.inst is         255
WARNING in test_for_sort.cpu.data_mem.inst at time              2285000 ns: 
Reading from out-of-range address. Max address in test_for_sort.cpu.data_mem.inst is         255
WARNING in test_for_sort.cpu.data_mem.inst at time              2291000 ns: 
Reading from out-of-range address. Max address in test_for_sort.cpu.data_mem.inst is         255
WARNING in test_for_sort.cpu.data_mem.inst at time              2319000 ns: 
Reading from out-of-range address. Max address in test_for_sort.cpu.data_mem.inst is         255
WARNING in test_for_sort.cpu.data_mem.inst at time              2341000 ns: 
Reading from out-of-range address. Max address in test_for_sort.cpu.data_mem.inst is         255
WARNING in test_for_sort.cpu.data_mem.inst at time              2363000 ns: 
Reading from out-of-range address. Max address in test_for_sort.cpu.data_mem.inst is         255
WARNING in test_for_sort.cpu.data_mem.inst at time              2385000 ns: 
Reading from out-of-range address. Max address in test_for_sort.cpu.data_mem.inst is         255
WARNING in test_for_sort.cpu.data_mem.inst at time              2407000 ns: 
Reading from out-of-range address. Max address in test_for_sort.cpu.data_mem.inst is         255
WARNING in test_for_sort.cpu.data_mem.inst at time              2429000 ns: 
Reading from out-of-range address. Max address in test_for_sort.cpu.data_mem.inst is         255
WARNING in test_for_sort.cpu.data_mem.inst at time              2435000 ns: 
Reading from out-of-range address. Max address in test_for_sort.cpu.data_mem.inst is         255
WARNING in test_for_sort.cpu.data_mem.inst at time              2463000 ns: 
Reading from out-of-range address. Max address in test_for_sort.cpu.data_mem.inst is         255
WARNING in test_for_sort.cpu.data_mem.inst at time              2485000 ns: 
Reading from out-of-range address. Max address in test_for_sort.cpu.data_mem.inst is         255
WARNING in test_for_sort.cpu.data_mem.inst at time              2507000 ns: 
Reading from out-of-range address. Max address in test_for_sort.cpu.data_mem.inst is         255
WARNING in test_for_sort.cpu.data_mem.inst at time              2529000 ns: 
Reading from out-of-range address. Max address in test_for_sort.cpu.data_mem.inst is         255
WARNING in test_for_sort.cpu.data_mem.inst at time              2551000 ns: 
Reading from out-of-range address. Max address in test_for_sort.cpu.data_mem.inst is         255
WARNING in test_for_sort.cpu.data_mem.inst at time              2557000 ns: 
Reading from out-of-range address. Max address in test_for_sort.cpu.data_mem.inst is         255
WARNING in test_for_sort.cpu.data_mem.inst at time              2585000 ns: 
Reading from out-of-range address. Max address in test_for_sort.cpu.data_mem.inst is         255
WARNING in test_for_sort.cpu.data_mem.inst at time              2607000 ns: 
Reading from out-of-range address. Max address in test_for_sort.cpu.data_mem.inst is         255
WARNING in test_for_sort.cpu.data_mem.inst at time              2629000 ns: 
Reading from out-of-range address. Max address in test_for_sort.cpu.data_mem.inst is         255
WARNING in test_for_sort.cpu.data_mem.inst at time              2651000 ns: 
Reading from out-of-range address. Max address in test_for_sort.cpu.data_mem.inst is         255
WARNING in test_for_sort.cpu.data_mem.inst at time              2657000 ns: 
Reading from out-of-range address. Max address in test_for_sort.cpu.data_mem.inst is         255
WARNING in test_for_sort.cpu.data_mem.inst at time              2685000 ns: 
Reading from out-of-range address. Max address in test_for_sort.cpu.data_mem.inst is         255
WARNING in test_for_sort.cpu.data_mem.inst at time              2707000 ns: 
Reading from out-of-range address. Max address in test_for_sort.cpu.data_mem.inst is         255
WARNING in test_for_sort.cpu.data_mem.inst at time              2729000 ns: 
Reading from out-of-range address. Max address in test_for_sort.cpu.data_mem.inst is         255
WARNING in test_for_sort.cpu.data_mem.inst at time              2735000 ns: 
Reading from out-of-range address. Max address in test_for_sort.cpu.data_mem.inst is         255
WARNING in test_for_sort.cpu.data_mem.inst at time              2763000 ns: 
Reading from out-of-range address. Max address in test_for_sort.cpu.data_mem.inst is         255
WARNING in test_for_sort.cpu.data_mem.inst at time              2785000 ns: 
Reading from out-of-range address. Max address in test_for_sort.cpu.data_mem.inst is         255
WARNING in test_for_sort.cpu.data_mem.inst at time              2791000 ns: 
Reading from out-of-range address. Max address in test_for_sort.cpu.data_mem.inst is         255
WARNING in test_for_sort.cpu.data_mem.inst at time              2819000 ns: 
Reading from out-of-range address. Max address in test_for_sort.cpu.data_mem.inst is         255
WARNING in test_for_sort.cpu.data_mem.inst at time              2825000 ns: 
Reading from out-of-range address. Max address in test_for_sort.cpu.data_mem.inst is         255
WARNING in test_for_sort.cpu.data_mem.inst at time              2837000 ns: 
Reading from out-of-range address. Max address in test_for_sort.cpu.data_mem.inst is         255
$finish called at time : 5 us : File "D:/ComputerScience/cs_COD_Spring_2022/Lab4/lab4/lab4.srcs/sim_1/new/testbench.v" Line 13
